{"src/ChessGame.sol":{"l":{"113":33,"123":11,"124":11,"126":11,"127":11,"128":11,"150":0,"154":0,"158":0,"162":0,"166":5,"170":61,"174":0,"178":5,"182":61,"194":165,"208":0,"210":0,"211":0,"213":0,"214":0,"216":0,"218":0,"219":0,"221":0,"222":0,"223":0,"225":0,"226":0,"229":0,"236":55,"237":55,"239":55,"241":55,"242":0,"243":0,"245":0,"248":55,"249":0,"251":55,"261":60,"262":60,"264":0,"275":0,"276":0,"278":0,"279":0,"282":0,"285":0,"292":59,"293":59,"296":59,"303":56,"304":56,"305":56,"307":56,"321":56,"323":56,"330":3,"332":3,"344":3,"346":3,"347":0,"350":3,"363":0,"366":0,"368":0,"369":0,"371":0,"372":0,"373":0,"375":0,"376":0,"377":0,"380":0,"382":0,"391":61,"395":61,"397":3,"399":3,"402":3,"416":3,"417":3,"418":3,"420":61,"421":61,"423":61,"424":60,"425":60,"429":1,"430":0,"431":0,"434":1,"436":0,"447":110,"448":110,"453":55,"468":55,"482":55,"484":55,"486":55,"487":55,"489":55,"490":55,"492":55,"495":55,"497":55,"499":55,"514":1,"529":1,"530":1,"532":0,"535":1,"537":1,"539":1,"541":1,"542":1,"544":1,"545":1,"548":1,"550":1,"552":1,"557":1,"559":1,"560":0,"561":0,"563":1,"566":1,"567":1,"569":1,"570":1,"572":1,"573":1,"576":1,"582":0,"583":0,"584":0,"587":0,"589":0,"590":0,"591":0,"594":0,"595":0,"597":0,"600":0,"601":0,"602":0,"603":0,"608":0,"611":0,"614":0,"616":0,"618":0,"624":1,"627":1,"628":1,"629":1,"631":1,"633":1,"638":1,"639":0,"640":0,"643":1,"644":0,"646":1,"649":1,"650":1,"651":1,"653":1,"654":1,"655":1,"658":1,"661":1,"662":1,"664":1,"665":1,"668":1,"670":1,"677":0,"678":0,"679":0,"681":0,"682":0,"684":0,"686":0,"688":0,"696":0,"697":0,"699":0,"701":0,"703":0,"704":0,"705":0,"706":0,"708":0,"709":0,"710":0,"711":0,"713":0,"726":0,"728":0,"729":0,"730":0,"731":0,"732":0,"733":0,"734":0,"736":0,"743":0,"744":0,"745":0,"751":60,"752":60,"754":60,"756":60,"757":60,"761":60,"762":0,"763":0,"767":60,"768":0,"771":60,"772":0,"773":0,"774":0,"775":0,"776":0,"777":0,"780":60,"781":4,"782":1,"784":3,"786":4,"787":4,"788":4,"789":2,"791":4,"794":56,"795":56,"796":0,"798":56,"800":56,"801":56,"802":56,"803":56,"805":56,"807":0,"812":0,"813":0,"814":0,"815":0,"817":0,"818":0,"819":0,"822":0,"823":0},"path":"/Users/riemann/Desktop/chess_fish/organization/v2-core/src/ChessGame.sol","s":{"1":0,"2":0,"3":0,"4":0,"5":5,"6":61,"7":0,"8":5,"9":61,"10":165,"11":0,"12":0,"13":0,"14":0,"15":0,"16":0,"17":0,"18":0,"19":0,"20":0,"21":55,"22":55,"23":55,"24":55,"25":0,"26":0,"27":0,"28":55,"29":0,"30":55,"31":60,"32":60,"33":0,"34":0,"35":0,"36":0,"37":0,"38":0,"39":59,"40":59,"41":56,"42":56,"43":56,"44":56,"45":56,"46":56,"47":3,"48":3,"49":3,"50":3,"51":3,"52":0,"53":0,"54":0,"55":0,"56":0,"57":0,"58":0,"59":0,"60":0,"61":0,"62":0,"63":61,"64":61,"65":3,"66":3,"67":3,"68":61,"69":61,"70":60,"71":60,"72":1,"73":0,"74":0,"75":1,"76":0,"77":110,"78":55,"79":55,"80":55,"81":55,"82":55,"83":55,"84":55,"85":1,"86":1,"87":1,"88":0,"89":1,"90":1,"91":1,"92":1,"93":1,"94":1,"95":1,"96":1,"97":1,"98":0,"99":1,"100":1,"101":1,"102":1,"103":1,"104":1,"105":0,"106":0,"107":0,"108":0,"109":0,"110":0,"111":0,"112":0,"113":0,"114":0,"115":0,"116":0,"117":0,"118":0,"119":1,"120":1,"121":1,"122":1,"123":1,"124":1,"125":0,"126":1,"127":1,"128":1,"129":1,"130":1,"131":1,"132":1,"133":1,"134":1,"135":1,"136":1,"137":1,"138":0,"139":0,"140":0,"141":0,"142":0,"143":0,"144":0,"145":0,"146":0,"147":0,"148":0,"149":0,"150":0,"151":0,"152":0,"153":0,"154":0,"155":0,"156":0,"157":0,"158":0,"159":0,"160":0,"161":60,"162":60,"163":60,"164":60,"165":60,"166":60,"167":0,"168":60,"169":0,"170":60,"171":0,"172":0,"173":60,"174":4,"175":4,"176":4,"177":4,"178":56,"179":56,"180":56,"181":56,"182":56,"183":0,"184":0,"185":0,"186":0,"187":0,"188":0},"b":{"1":[11,0],"2":[0,0],"3":[0,55],"4":[0,0],"5":[0,55],"6":[60,0],"7":[0,0],"8":[0,0],"9":[0,0],"10":[0,0],"11":[0,0],"12":[3,58],"13":[60,1],"14":[0,1],"15":[0,0],"16":[110,0],"17":[55,0],"18":[55,0],"19":[1,0],"20":[0,0],"21":[1,0],"22":[0,1],"23":[1,0],"24":[1,0],"25":[0,0],"26":[0,0],"27":[0,0],"28":[0,0],"29":[1,0],"30":[1,0],"31":[1,0],"32":[1,0],"33":[1,0],"34":[0,1],"35":[0,1],"36":[1,0],"37":[0,0],"38":[0,0],"39":[0,0],"40":[0,0],"41":[0,0],"42":[0,0],"43":[0,0],"44":[0,0],"45":[0,0],"46":[60,0],"47":[60,0],"48":[60,0],"49":[0,60],"50":[0,0],"51":[0,60],"52":[0,60],"53":[4,56],"54":[1,3],"55":[2,2],"56":[56,0],"57":[0,56],"58":[56,0],"59":[0,0]},"f":{"1":33,"2":11,"3":0,"4":0,"5":0,"6":0,"7":5,"8":61,"9":0,"10":5,"11":61,"12":165,"13":0,"14":55,"15":60,"16":0,"17":59,"18":56,"19":3,"20":0,"21":61,"22":110,"23":55,"24":55,"25":1,"26":1,"27":0,"28":1,"29":0,"30":0,"31":0,"32":0,"33":60,"34":0},"fnMap":{"1":{"name":"constructor","line":112,"loc":{"start":{"line":112,"column":4},"end":{"line":114,"column":4}}},"2":{"name":"initialize","line":122,"loc":{"start":{"line":116,"column":4},"end":{"line":129,"column":4}}},"3":{"name":"getAllGamesCount","line":149,"loc":{"start":{"line":149,"column":4},"end":{"line":151,"column":4}}},"4":{"name":"getAllGameAddresses","line":153,"loc":{"start":{"line":153,"column":4},"end":{"line":155,"column":4}}},"5":{"name":"getAllUserGames","line":157,"loc":{"start":{"line":157,"column":4},"end":{"line":159,"column":4}}},"6":{"name":"getGameLength","line":161,"loc":{"start":{"line":161,"column":4},"end":{"line":163,"column":4}}},"7":{"name":"getGameMoves","line":165,"loc":{"start":{"line":165,"column":4},"end":{"line":167,"column":4}}},"8":{"name":"getLatestGameMoves","line":169,"loc":{"start":{"line":169,"column":4},"end":{"line":171,"column":4}}},"9":{"name":"getNumberOfGamesPlayed","line":173,"loc":{"start":{"line":173,"column":4},"end":{"line":175,"column":4}}},"10":{"name":"getGameData","line":177,"loc":{"start":{"line":177,"column":4},"end":{"line":179,"column":4}}},"11":{"name":"getGamePlayers","line":181,"loc":{"start":{"line":181,"column":4},"end":{"line":183,"column":4}}},"12":{"name":"getGameStatus","line":193,"loc":{"start":{"line":193,"column":4},"end":{"line":200,"column":4}}},"13":{"name":"checkTimeRemaining","line":207,"loc":{"start":{"line":207,"column":4},"end":{"line":230,"column":4}}},"14":{"name":"getPlayerMove","line":235,"loc":{"start":{"line":235,"column":4},"end":{"line":254,"column":4}}},"15":{"name":"isPlayerWhite","line":260,"loc":{"start":{"line":260,"column":4},"end":{"line":266,"column":4}}},"16":{"name":"getGameBoardState","line":274,"loc":{"start":{"line":274,"column":4},"end":{"line":286,"column":4}}},"17":{"name":"getChainId","line":291,"loc":{"start":{"line":291,"column":4},"end":{"line":297,"column":4}}},"18":{"name":"getGameAddress","line":302,"loc":{"start":{"line":302,"column":4},"end":{"line":324,"column":4}}},"19":{"name":"getGaslessGameAddress","line":329,"loc":{"start":{"line":329,"column":4},"end":{"line":351,"column":4}}},"20":{"name":"verifyGameUpdateStateDelegatedSingle","line":359,"loc":{"start":{"line":359,"column":4},"end":{"line":383,"column":4}}},"21":{"name":"verifyGameUpdateStateDelegated","line":387,"loc":{"start":{"line":387,"column":4},"end":{"line":437,"column":4}}},"22":{"name":"onlyTournament","line":446,"loc":{"start":{"line":446,"column":4},"end":{"line":449,"column":4}}},"23":{"name":"startGamesInTournament","line":452,"loc":{"start":{"line":452,"column":4},"end":{"line":454,"column":4}}},"24":{"name":"createGameTournamentSingle","line":467,"loc":{"start":{"line":459,"column":4},"end":{"line":500,"column":4}}},"25":{"name":"createChessGame","line":507,"loc":{"start":{"line":507,"column":4},"end":{"line":553,"column":4}}},"26":{"name":"acceptGame","line":556,"loc":{"start":{"line":556,"column":4},"end":{"line":577,"column":4}}},"27":{"name":"playMove","line":581,"loc":{"start":{"line":581,"column":4},"end":{"line":619,"column":4}}},"28":{"name":"payoutGame","line":623,"loc":{"start":{"line":623,"column":4},"end":{"line":671,"column":4}}},"29":{"name":"cancelGame","line":676,"loc":{"start":{"line":676,"column":4},"end":{"line":689,"column":4}}},"30":{"name":"updateGameStateTime","line":695,"loc":{"start":{"line":695,"column":4},"end":{"line":714,"column":4}}},"31":{"name":"updateGameStateInsufficientMaterial","line":719,"loc":{"start":{"line":719,"column":4},"end":{"line":738,"column":4}}},"32":{"name":"depositToGame","line":742,"loc":{"start":{"line":742,"column":4},"end":{"line":746,"column":4}}},"33":{"name":"updateGameState","line":750,"loc":{"start":{"line":750,"column":4},"end":{"line":808,"column":4}}},"34":{"name":"updateTime","line":811,"loc":{"start":{"line":811,"column":4},"end":{"line":826,"column":4}}}},"statementMap":{"1":{"start":{"line":150,"column":8},"end":{"line":150,"column":30}},"2":{"start":{"line":154,"column":8},"end":{"line":154,"column":23}},"3":{"start":{"line":158,"column":8},"end":{"line":158,"column":32}},"4":{"start":{"line":162,"column":8},"end":{"line":162,"column":42}},"5":{"start":{"line":166,"column":8},"end":{"line":166,"column":45}},"6":{"start":{"line":170,"column":8},"end":{"line":170,"column":72}},"7":{"start":{"line":174,"column":8},"end":{"line":174,"column":46}},"8":{"start":{"line":178,"column":8},"end":{"line":178,"column":36}},"9":{"start":{"line":182,"column":8},"end":{"line":182,"column":77}},"10":{"start":{"line":194,"column":8},"end":{"line":194,"column":5969}},"11":{"start":{"line":208,"column":8},"end":{"line":208,"column":55}},"12":{"start":{"line":210,"column":8},"end":{"line":210,"column":63}},"13":{"start":{"line":211,"column":8},"end":{"line":211,"column":63}},"14":{"start":{"line":213,"column":8},"end":{"line":213,"column":82}},"15":{"start":{"line":214,"column":8},"end":{"line":214,"column":66}},"16":{"start":{"line":216,"column":8},"end":{"line":216,"column":51}},"17":{"start":{"line":218,"column":8},"end":{"line":218,"column":35}},"18":{"start":{"line":219,"column":8},"end":{"line":219,"column":35}},"19":{"start":{"line":221,"column":8},"end":{"line":221,"column":6982}},"20":{"start":{"line":229,"column":8},"end":{"line":229,"column":59}},"21":{"start":{"line":236,"column":8},"end":{"line":236,"column":52}},"22":{"start":{"line":237,"column":8},"end":{"line":237,"column":67}},"23":{"start":{"line":239,"column":8},"end":{"line":239,"column":68}},"24":{"start":{"line":241,"column":8},"end":{"line":241,"column":7827}},"25":{"start":{"line":242,"column":12},"end":{"line":242,"column":7865}},"26":{"start":{"line":243,"column":16},"end":{"line":243,"column":52}},"27":{"start":{"line":245,"column":16},"end":{"line":245,"column":52}},"28":{"start":{"line":248,"column":12},"end":{"line":248,"column":8059}},"29":{"start":{"line":249,"column":16},"end":{"line":249,"column":52}},"30":{"start":{"line":251,"column":16},"end":{"line":251,"column":52}},"31":{"start":{"line":261,"column":8},"end":{"line":261,"column":8510}},"32":{"start":{"line":262,"column":12},"end":{"line":262,"column":57}},"33":{"start":{"line":264,"column":12},"end":{"line":264,"column":58}},"34":{"start":{"line":275,"column":8},"end":{"line":275,"column":52}},"35":{"start":{"line":276,"column":8},"end":{"line":276,"column":68}},"36":{"start":{"line":278,"column":8},"end":{"line":278,"column":9173}},"37":{"start":{"line":282,"column":8},"end":{"line":282,"column":9325}},"38":{"start":{"line":285,"column":8},"end":{"line":285,"column":63}},"39":{"start":{"line":292,"column":8},"end":{"line":292,"column":23}},"40":{"start":{"line":296,"column":8},"end":{"line":296,"column":22}},"41":{"start":{"line":303,"column":8},"end":{"line":303,"column":42}},"42":{"start":{"line":304,"column":8},"end":{"line":304,"column":38}},"43":{"start":{"line":305,"column":8},"end":{"line":305,"column":50}},"44":{"start":{"line":307,"column":8},"end":{"line":307,"column":10176}},"45":{"start":{"line":321,"column":8},"end":{"line":321,"column":61}},"46":{"start":{"line":323,"column":8},"end":{"line":323,"column":26}},"47":{"start":{"line":330,"column":8},"end":{"line":330,"column":38}},"48":{"start":{"line":332,"column":8},"end":{"line":332,"column":10933}},"49":{"start":{"line":344,"column":8},"end":{"line":344,"column":61}},"50":{"start":{"line":346,"column":8},"end":{"line":346,"column":11304}},"51":{"start":{"line":350,"column":8},"end":{"line":350,"column":26}},"52":{"start":{"line":363,"column":8},"end":{"line":363,"column":11857}},"53":{"start":{"line":366,"column":8},"end":{"line":366,"column":49}},"54":{"start":{"line":368,"column":8},"end":{"line":368,"column":52}},"55":{"start":{"line":371,"column":8},"end":{"line":371,"column":12119}},"56":{"start":{"line":372,"column":12},"end":{"line":372,"column":55}},"57":{"start":{"line":373,"column":12},"end":{"line":373,"column":23}},"58":{"start":{"line":375,"column":8},"end":{"line":375,"column":12240}},"59":{"start":{"line":376,"column":12},"end":{"line":376,"column":12281}},"60":{"start":{"line":377,"column":16},"end":{"line":377,"column":82}},"61":{"start":{"line":380,"column":12},"end":{"line":380,"column":24}},"62":{"start":{"line":382,"column":8},"end":{"line":382,"column":20}},"63":{"start":{"line":391,"column":8},"end":{"line":391,"column":12812}},"64":{"start":{"line":395,"column":8},"end":{"line":395,"column":12974}},"65":{"start":{"line":397,"column":12},"end":{"line":397,"column":13131}},"66":{"start":{"line":399,"column":12},"end":{"line":399,"column":13278}},"67":{"start":{"line":402,"column":12},"end":{"line":402,"column":13356}},"68":{"start":{"line":420,"column":8},"end":{"line":420,"column":52}},"69":{"start":{"line":423,"column":8},"end":{"line":423,"column":14199}},"70":{"start":{"line":424,"column":12},"end":{"line":424,"column":55}},"71":{"start":{"line":425,"column":12},"end":{"line":425,"column":23}},"72":{"start":{"line":429,"column":8},"end":{"line":429,"column":14483}},"73":{"start":{"line":430,"column":12},"end":{"line":430,"column":14524}},"74":{"start":{"line":431,"column":16},"end":{"line":431,"column":82}},"75":{"start":{"line":434,"column":12},"end":{"line":434,"column":24}},"76":{"start":{"line":436,"column":8},"end":{"line":436,"column":20}},"77":{"start":{"line":447,"column":8},"end":{"line":447,"column":83}},"78":{"start":{"line":468,"column":8},"end":{"line":468,"column":15628}},"79":{"start":{"line":486,"column":8},"end":{"line":486,"column":58}},"80":{"start":{"line":489,"column":8},"end":{"line":489,"column":43}},"81":{"start":{"line":490,"column":8},"end":{"line":490,"column":43}},"82":{"start":{"line":495,"column":8},"end":{"line":495,"column":33}},"83":{"start":{"line":497,"column":8},"end":{"line":497,"column":94}},"84":{"start":{"line":499,"column":8},"end":{"line":499,"column":26}},"85":{"start":{"line":514,"column":8},"end":{"line":514,"column":16849}},"86":{"start":{"line":529,"column":8},"end":{"line":529,"column":17252}},"87":{"start":{"line":530,"column":12},"end":{"line":530,"column":84}},"88":{"start":{"line":532,"column":12},"end":{"line":532,"column":47}},"89":{"start":{"line":537,"column":8},"end":{"line":537,"column":82}},"90":{"start":{"line":541,"column":8},"end":{"line":541,"column":58}},"91":{"start":{"line":544,"column":8},"end":{"line":544,"column":46}},"92":{"start":{"line":545,"column":8},"end":{"line":545,"column":43}},"93":{"start":{"line":548,"column":8},"end":{"line":548,"column":33}},"94":{"start":{"line":550,"column":8},"end":{"line":550,"column":94}},"95":{"start":{"line":552,"column":8},"end":{"line":552,"column":26}},"96":{"start":{"line":557,"column":8},"end":{"line":557,"column":55}},"97":{"start":{"line":559,"column":8},"end":{"line":559,"column":18194}},"98":{"start":{"line":561,"column":12},"end":{"line":561,"column":50}},"99":{"start":{"line":563,"column":12},"end":{"line":563,"column":88}},"100":{"start":{"line":566,"column":8},"end":{"line":566,"column":59}},"101":{"start":{"line":567,"column":8},"end":{"line":567,"column":56}},"102":{"start":{"line":572,"column":8},"end":{"line":572,"column":18698}},"103":{"start":{"line":573,"column":12},"end":{"line":573,"column":78}},"104":{"start":{"line":576,"column":8},"end":{"line":576,"column":53}},"105":{"start":{"line":582,"column":8},"end":{"line":582,"column":73}},"106":{"start":{"line":583,"column":8},"end":{"line":583,"column":108}},"107":{"start":{"line":584,"column":8},"end":{"line":584,"column":85}},"108":{"start":{"line":587,"column":8},"end":{"line":587,"column":42}},"109":{"start":{"line":589,"column":8},"end":{"line":589,"column":61}},"110":{"start":{"line":590,"column":8},"end":{"line":590,"column":19507}},"111":{"start":{"line":591,"column":12},"end":{"line":591,"column":23}},"112":{"start":{"line":594,"column":8},"end":{"line":594,"column":52}},"113":{"start":{"line":595,"column":8},"end":{"line":595,"column":66}},"114":{"start":{"line":597,"column":8},"end":{"line":597,"column":54}},"115":{"start":{"line":600,"column":8},"end":{"line":600,"column":19780}},"116":{"start":{"line":614,"column":8},"end":{"line":614,"column":62}},"117":{"start":{"line":616,"column":8},"end":{"line":616,"column":45}},"118":{"start":{"line":618,"column":8},"end":{"line":618,"column":24}},"119":{"start":{"line":624,"column":8},"end":{"line":624,"column":20494}},"120":{"start":{"line":627,"column":8},"end":{"line":627,"column":77}},"121":{"start":{"line":628,"column":8},"end":{"line":628,"column":112}},"122":{"start":{"line":629,"column":8},"end":{"line":629,"column":65}},"123":{"start":{"line":633,"column":8},"end":{"line":633,"column":22}},"124":{"start":{"line":638,"column":8},"end":{"line":638,"column":21146}},"125":{"start":{"line":640,"column":12},"end":{"line":640,"column":24}},"126":{"start":{"line":643,"column":8},"end":{"line":643,"column":21324}},"127":{"start":{"line":649,"column":8},"end":{"line":649,"column":59}},"128":{"start":{"line":650,"column":8},"end":{"line":650,"column":66}},"129":{"start":{"line":651,"column":8},"end":{"line":651,"column":47}},"130":{"start":{"line":653,"column":8},"end":{"line":653,"column":21724}},"131":{"start":{"line":658,"column":12},"end":{"line":658,"column":51}},"132":{"start":{"line":661,"column":12},"end":{"line":661,"column":82}},"133":{"start":{"line":662,"column":12},"end":{"line":662,"column":70}},"134":{"start":{"line":664,"column":12},"end":{"line":664,"column":75}},"135":{"start":{"line":665,"column":12},"end":{"line":665,"column":61}},"136":{"start":{"line":668,"column":8},"end":{"line":668,"column":85}},"137":{"start":{"line":670,"column":8},"end":{"line":670,"column":19}},"138":{"start":{"line":677,"column":8},"end":{"line":677,"column":79}},"139":{"start":{"line":678,"column":8},"end":{"line":678,"column":73}},"140":{"start":{"line":679,"column":8},"end":{"line":679,"column":92}},"141":{"start":{"line":681,"column":8},"end":{"line":681,"column":55}},"142":{"start":{"line":682,"column":8},"end":{"line":682,"column":62}},"143":{"start":{"line":686,"column":8},"end":{"line":686,"column":57}},"144":{"start":{"line":688,"column":8},"end":{"line":688,"column":53}},"145":{"start":{"line":696,"column":8},"end":{"line":696,"column":108}},"146":{"start":{"line":697,"column":8},"end":{"line":697,"column":91}},"147":{"start":{"line":699,"column":8},"end":{"line":699,"column":82}},"148":{"start":{"line":701,"column":8},"end":{"line":701,"column":105}},"149":{"start":{"line":703,"column":8},"end":{"line":703,"column":23916}},"150":{"start":{"line":706,"column":12},"end":{"line":706,"column":23}},"151":{"start":{"line":708,"column":8},"end":{"line":708,"column":24097}},"152":{"start":{"line":711,"column":12},"end":{"line":711,"column":23}},"153":{"start":{"line":713,"column":8},"end":{"line":713,"column":20}},"154":{"start":{"line":726,"column":8},"end":{"line":726,"column":100}},"155":{"start":{"line":728,"column":8},"end":{"line":728,"column":24862}},"156":{"start":{"line":732,"column":12},"end":{"line":732,"column":65}},"157":{"start":{"line":734,"column":12},"end":{"line":734,"column":23}},"158":{"start":{"line":736,"column":12},"end":{"line":736,"column":24}},"159":{"start":{"line":743,"column":8},"end":{"line":743,"column":67}},"160":{"start":{"line":744,"column":8},"end":{"line":744,"column":98}},"161":{"start":{"line":751,"column":8},"end":{"line":751,"column":52}},"162":{"start":{"line":752,"column":8},"end":{"line":752,"column":68}},"163":{"start":{"line":754,"column":8},"end":{"line":754,"column":68}},"164":{"start":{"line":756,"column":8},"end":{"line":756,"column":26103}},"165":{"start":{"line":757,"column":12},"end":{"line":757,"column":92}},"166":{"start":{"line":761,"column":8},"end":{"line":761,"column":26283}},"167":{"start":{"line":762,"column":12},"end":{"line":762,"column":112}},"168":{"start":{"line":767,"column":8},"end":{"line":767,"column":26538}},"169":{"start":{"line":768,"column":12},"end":{"line":768,"column":24}},"170":{"start":{"line":771,"column":8},"end":{"line":771,"column":26623}},"171":{"start":{"line":775,"column":12},"end":{"line":775,"column":65}},"172":{"start":{"line":777,"column":12},"end":{"line":777,"column":23}},"173":{"start":{"line":780,"column":8},"end":{"line":780,"column":27037}},"174":{"start":{"line":781,"column":12},"end":{"line":781,"column":27073}},"175":{"start":{"line":787,"column":12},"end":{"line":787,"column":65}},"176":{"start":{"line":788,"column":12},"end":{"line":788,"column":27463}},"177":{"start":{"line":791,"column":12},"end":{"line":791,"column":23}},"178":{"start":{"line":794,"column":8},"end":{"line":794,"column":27674}},"179":{"start":{"line":795,"column":12},"end":{"line":795,"column":27710}},"180":{"start":{"line":801,"column":12},"end":{"line":801,"column":65}},"181":{"start":{"line":802,"column":12},"end":{"line":802,"column":28100}},"182":{"start":{"line":805,"column":12},"end":{"line":805,"column":23}},"183":{"start":{"line":807,"column":8},"end":{"line":807,"column":20}},"184":{"start":{"line":812,"column":8},"end":{"line":812,"column":64}},"185":{"start":{"line":813,"column":8},"end":{"line":813,"column":62}},"186":{"start":{"line":814,"column":8},"end":{"line":814,"column":45}},"187":{"start":{"line":815,"column":8},"end":{"line":815,"column":47}},"188":{"start":{"line":817,"column":8},"end":{"line":817,"column":28645}}},"branchMap":{"1":{"line":122,"type":"if","locations":[{"start":{"line":122,"column":13},"end":{"line":122,"column":13}},{"start":{"line":122,"column":13},"end":{"line":122,"column":13}}]},"2":{"line":221,"type":"if","locations":[{"start":{"line":221,"column":8},"end":{"line":221,"column":8}},{"start":{"line":221,"column":8},"end":{"line":221,"column":8}}]},"3":{"line":241,"type":"if","locations":[{"start":{"line":241,"column":8},"end":{"line":241,"column":8}},{"start":{"line":241,"column":8},"end":{"line":241,"column":8}}]},"4":{"line":242,"type":"if","locations":[{"start":{"line":242,"column":12},"end":{"line":242,"column":12}},{"start":{"line":242,"column":12},"end":{"line":242,"column":12}}]},"5":{"line":248,"type":"if","locations":[{"start":{"line":248,"column":12},"end":{"line":248,"column":12}},{"start":{"line":248,"column":12},"end":{"line":248,"column":12}}]},"6":{"line":261,"type":"if","locations":[{"start":{"line":261,"column":8},"end":{"line":261,"column":8}},{"start":{"line":261,"column":8},"end":{"line":261,"column":8}}]},"7":{"line":278,"type":"if","locations":[{"start":{"line":278,"column":8},"end":{"line":278,"column":8}},{"start":{"line":278,"column":8},"end":{"line":278,"column":8}}]},"8":{"line":366,"type":"if","locations":[{"start":{"line":366,"column":8},"end":{"line":366,"column":8}},{"start":{"line":366,"column":8},"end":{"line":366,"column":8}}]},"9":{"line":371,"type":"if","locations":[{"start":{"line":371,"column":8},"end":{"line":371,"column":8}},{"start":{"line":371,"column":8},"end":{"line":371,"column":8}}]},"10":{"line":375,"type":"if","locations":[{"start":{"line":375,"column":8},"end":{"line":375,"column":8}},{"start":{"line":375,"column":8},"end":{"line":375,"column":8}}]},"11":{"line":376,"type":"if","locations":[{"start":{"line":376,"column":12},"end":{"line":376,"column":12}},{"start":{"line":376,"column":12},"end":{"line":376,"column":12}}]},"12":{"line":395,"type":"if","locations":[{"start":{"line":395,"column":8},"end":{"line":395,"column":8}},{"start":{"line":395,"column":8},"end":{"line":395,"column":8}}]},"13":{"line":423,"type":"if","locations":[{"start":{"line":423,"column":8},"end":{"line":423,"column":8}},{"start":{"line":423,"column":8},"end":{"line":423,"column":8}}]},"14":{"line":429,"type":"if","locations":[{"start":{"line":429,"column":8},"end":{"line":429,"column":8}},{"start":{"line":429,"column":8},"end":{"line":429,"column":8}}]},"15":{"line":430,"type":"if","locations":[{"start":{"line":430,"column":12},"end":{"line":430,"column":12}},{"start":{"line":430,"column":12},"end":{"line":430,"column":12}}]},"16":{"line":447,"type":"if","locations":[{"start":{"line":447,"column":8},"end":{"line":447,"column":8}},{"start":{"line":447,"column":8},"end":{"line":447,"column":8}}]},"17":{"line":452,"type":"if","locations":[{"start":{"line":452,"column":66},"end":{"line":452,"column":66}},{"start":{"line":452,"column":66},"end":{"line":452,"column":66}}]},"18":{"line":467,"type":"if","locations":[{"start":{"line":467,"column":15},"end":{"line":467,"column":15}},{"start":{"line":467,"column":15},"end":{"line":467,"column":15}}]},"19":{"line":529,"type":"if","locations":[{"start":{"line":529,"column":8},"end":{"line":529,"column":8}},{"start":{"line":529,"column":8},"end":{"line":529,"column":8}}]},"20":{"line":532,"type":"if","locations":[{"start":{"line":532,"column":12},"end":{"line":532,"column":12}},{"start":{"line":532,"column":12},"end":{"line":532,"column":12}}]},"21":{"line":537,"type":"if","locations":[{"start":{"line":537,"column":8},"end":{"line":537,"column":8}},{"start":{"line":537,"column":8},"end":{"line":537,"column":8}}]},"22":{"line":559,"type":"if","locations":[{"start":{"line":559,"column":8},"end":{"line":559,"column":8}},{"start":{"line":559,"column":8},"end":{"line":559,"column":8}}]},"23":{"line":563,"type":"if","locations":[{"start":{"line":563,"column":12},"end":{"line":563,"column":12}},{"start":{"line":563,"column":12},"end":{"line":563,"column":12}}]},"24":{"line":572,"type":"if","locations":[{"start":{"line":572,"column":8},"end":{"line":572,"column":8}},{"start":{"line":572,"column":8},"end":{"line":572,"column":8}}]},"25":{"line":582,"type":"if","locations":[{"start":{"line":582,"column":8},"end":{"line":582,"column":8}},{"start":{"line":582,"column":8},"end":{"line":582,"column":8}}]},"26":{"line":583,"type":"if","locations":[{"start":{"line":583,"column":8},"end":{"line":583,"column":8}},{"start":{"line":583,"column":8},"end":{"line":583,"column":8}}]},"27":{"line":584,"type":"if","locations":[{"start":{"line":584,"column":8},"end":{"line":584,"column":8}},{"start":{"line":584,"column":8},"end":{"line":584,"column":8}}]},"28":{"line":590,"type":"if","locations":[{"start":{"line":590,"column":8},"end":{"line":590,"column":8}},{"start":{"line":590,"column":8},"end":{"line":590,"column":8}}]},"29":{"line":624,"type":"if","locations":[{"start":{"line":624,"column":8},"end":{"line":624,"column":8}},{"start":{"line":624,"column":8},"end":{"line":624,"column":8}}]},"30":{"line":625,"type":"cond-expr","locations":[{"start":{"line":625,"column":12},"end":{"line":625,"column":54}},{"start":{"line":625,"column":59},"end":{"line":625,"column":101}}]},"31":{"line":627,"type":"if","locations":[{"start":{"line":627,"column":8},"end":{"line":627,"column":8}},{"start":{"line":627,"column":8},"end":{"line":627,"column":8}}]},"32":{"line":628,"type":"if","locations":[{"start":{"line":628,"column":8},"end":{"line":628,"column":8}},{"start":{"line":628,"column":8},"end":{"line":628,"column":8}}]},"33":{"line":629,"type":"if","locations":[{"start":{"line":629,"column":8},"end":{"line":629,"column":8}},{"start":{"line":629,"column":8},"end":{"line":629,"column":8}}]},"34":{"line":638,"type":"if","locations":[{"start":{"line":638,"column":8},"end":{"line":638,"column":8}},{"start":{"line":638,"column":8},"end":{"line":638,"column":8}}]},"35":{"line":643,"type":"if","locations":[{"start":{"line":643,"column":8},"end":{"line":643,"column":8}},{"start":{"line":643,"column":8},"end":{"line":643,"column":8}}]},"36":{"line":653,"type":"if","locations":[{"start":{"line":653,"column":8},"end":{"line":653,"column":8}},{"start":{"line":653,"column":8},"end":{"line":653,"column":8}}]},"37":{"line":677,"type":"if","locations":[{"start":{"line":677,"column":8},"end":{"line":677,"column":8}},{"start":{"line":677,"column":8},"end":{"line":677,"column":8}}]},"38":{"line":678,"type":"if","locations":[{"start":{"line":678,"column":8},"end":{"line":678,"column":8}},{"start":{"line":678,"column":8},"end":{"line":678,"column":8}}]},"39":{"line":679,"type":"if","locations":[{"start":{"line":679,"column":8},"end":{"line":679,"column":8}},{"start":{"line":679,"column":8},"end":{"line":679,"column":8}}]},"40":{"line":696,"type":"if","locations":[{"start":{"line":696,"column":8},"end":{"line":696,"column":8}},{"start":{"line":696,"column":8},"end":{"line":696,"column":8}}]},"41":{"line":697,"type":"if","locations":[{"start":{"line":697,"column":8},"end":{"line":697,"column":8}},{"start":{"line":697,"column":8},"end":{"line":697,"column":8}}]},"42":{"line":703,"type":"if","locations":[{"start":{"line":703,"column":8},"end":{"line":703,"column":8}},{"start":{"line":703,"column":8},"end":{"line":703,"column":8}}]},"43":{"line":708,"type":"if","locations":[{"start":{"line":708,"column":8},"end":{"line":708,"column":8}},{"start":{"line":708,"column":8},"end":{"line":708,"column":8}}]},"44":{"line":728,"type":"if","locations":[{"start":{"line":728,"column":8},"end":{"line":728,"column":8}},{"start":{"line":728,"column":8},"end":{"line":728,"column":8}}]},"45":{"line":743,"type":"if","locations":[{"start":{"line":743,"column":8},"end":{"line":743,"column":8}},{"start":{"line":743,"column":8},"end":{"line":743,"column":8}}]},"46":{"line":754,"type":"if","locations":[{"start":{"line":754,"column":8},"end":{"line":754,"column":8}},{"start":{"line":754,"column":8},"end":{"line":754,"column":8}}]},"47":{"line":756,"type":"if","locations":[{"start":{"line":756,"column":8},"end":{"line":756,"column":8}},{"start":{"line":756,"column":8},"end":{"line":756,"column":8}}]},"48":{"line":757,"type":"if","locations":[{"start":{"line":757,"column":12},"end":{"line":757,"column":12}},{"start":{"line":757,"column":12},"end":{"line":757,"column":12}}]},"49":{"line":761,"type":"if","locations":[{"start":{"line":761,"column":8},"end":{"line":761,"column":8}},{"start":{"line":761,"column":8},"end":{"line":761,"column":8}}]},"50":{"line":762,"type":"if","locations":[{"start":{"line":762,"column":12},"end":{"line":762,"column":12}},{"start":{"line":762,"column":12},"end":{"line":762,"column":12}}]},"51":{"line":767,"type":"if","locations":[{"start":{"line":767,"column":8},"end":{"line":767,"column":8}},{"start":{"line":767,"column":8},"end":{"line":767,"column":8}}]},"52":{"line":771,"type":"if","locations":[{"start":{"line":771,"column":8},"end":{"line":771,"column":8}},{"start":{"line":771,"column":8},"end":{"line":771,"column":8}}]},"53":{"line":780,"type":"if","locations":[{"start":{"line":780,"column":8},"end":{"line":780,"column":8}},{"start":{"line":780,"column":8},"end":{"line":780,"column":8}}]},"54":{"line":781,"type":"if","locations":[{"start":{"line":781,"column":12},"end":{"line":781,"column":12}},{"start":{"line":781,"column":12},"end":{"line":781,"column":12}}]},"55":{"line":788,"type":"if","locations":[{"start":{"line":788,"column":12},"end":{"line":788,"column":12}},{"start":{"line":788,"column":12},"end":{"line":788,"column":12}}]},"56":{"line":794,"type":"if","locations":[{"start":{"line":794,"column":8},"end":{"line":794,"column":8}},{"start":{"line":794,"column":8},"end":{"line":794,"column":8}}]},"57":{"line":795,"type":"if","locations":[{"start":{"line":795,"column":12},"end":{"line":795,"column":12}},{"start":{"line":795,"column":12},"end":{"line":795,"column":12}}]},"58":{"line":802,"type":"if","locations":[{"start":{"line":802,"column":12},"end":{"line":802,"column":12}},{"start":{"line":802,"column":12},"end":{"line":802,"column":12}}]},"59":{"line":817,"type":"if","locations":[{"start":{"line":817,"column":8},"end":{"line":817,"column":8}},{"start":{"line":817,"column":8},"end":{"line":817,"column":8}}]}}},"src/ERC721/ChessFishNFT.sol":{"l":{"47":56,"48":56,"52":0,"53":0,"63":27,"64":27,"65":27,"66":27,"68":27,"69":27,"73":56,"74":56,"75":56,"77":56,"79":56,"81":56,"85":5,"86":5,"88":5,"90":5,"92":5,"94":5,"96":5,"97":5,"98":5,"99":5,"100":5,"102":0,"105":5,"107":5,"122":5,"123":5,"124":320,"125":320,"126":315,"129":5,"133":0,"145":6,"147":6,"152":6,"153":6,"154":48,"155":384,"156":384,"158":384,"159":384,"161":384,"162":378,"165":384,"166":0,"169":384,"170":384,"172":384,"176":384,"177":181,"178":181,"183":6,"185":6,"189":6,"191":6,"210":6,"212":6,"214":6,"226":6,"229":6,"232":6,"244":6,"247":6,"248":6,"260":6,"263":6,"265":6,"272":6,"280":6,"294":6,"298":6,"299":6,"301":6,"305":12,"306":2,"308":10,"310":0,"312":0,"314":0,"323":6,"325":6,"326":6,"327":6,"329":6,"334":6,"335":6,"337":6,"338":18,"339":18,"342":6,"347":1136,"348":158,"350":978,"351":978,"352":978,"353":2772,"354":2772,"356":978,"357":978,"358":978,"359":2772,"360":2772,"361":2772,"362":2772,"363":2772,"365":978,"370":12,"371":12,"372":240,"373":240,"374":240,"375":240,"376":240,"378":12,"382":480,"400":6,"403":6,"421":30,"422":30,"424":30,"425":23,"428":7,"429":7,"430":7,"431":7,"433":7,"434":7,"437":7,"441":36,"442":1,"444":35,"445":35,"446":35,"447":76,"448":76,"450":35,"451":35,"452":76,"453":76,"454":76,"456":35,"464":6,"465":6,"466":6,"467":6,"468":6,"469":6,"473":6,"475":6,"476":6,"477":6,"478":6,"479":6,"480":6,"481":6,"482":6,"483":6,"484":6,"486":6,"487":6,"488":6,"492":0,"493":0,"495":0,"497":0,"499":0},"path":"/Users/riemann/Desktop/chess_fish/organization/v2-core/src/ERC721/ChessFishNFT.sol","s":{"1":56,"2":0,"3":56,"4":56,"5":56,"6":5,"7":5,"8":5,"9":5,"10":5,"11":5,"12":5,"13":5,"14":5,"15":5,"16":5,"17":5,"18":5,"19":5,"20":320,"21":5,"22":0,"23":6,"24":6,"25":6,"26":6,"27":48,"28":384,"29":384,"30":384,"31":384,"32":384,"33":384,"34":384,"35":384,"36":181,"37":6,"38":6,"39":6,"40":6,"41":6,"42":6,"43":6,"44":6,"45":6,"46":6,"47":6,"48":6,"49":6,"50":6,"51":12,"52":2,"53":10,"54":10,"55":0,"56":0,"57":0,"58":0,"59":0,"60":6,"61":6,"62":6,"63":6,"64":6,"65":6,"66":6,"67":6,"68":1136,"69":158,"70":978,"71":978,"72":978,"73":978,"74":978,"75":978,"76":2772,"77":2772,"78":978,"79":12,"80":12,"81":240,"82":240,"83":240,"84":12,"85":480,"86":281,"87":199,"88":6,"89":6,"90":30,"91":30,"92":30,"93":23,"94":7,"95":7,"96":7,"97":7,"98":7,"99":36,"100":1,"101":35,"102":35,"103":35,"104":35,"105":35,"106":35,"107":6,"108":6,"109":6,"110":6,"111":6,"112":6,"113":6,"114":0,"115":0,"116":0,"117":0,"118":0,"119":0,"120":0},"b":{"1":[56,0],"2":[1,55],"3":[0,0],"4":[56,0],"5":[5,0],"6":[315,5],"7":[192,192],"8":[0,384],"9":[203,181],"10":[181,203],"11":[6,0],"12":[2,10],"13":[10,0],"14":[0,0],"15":[0,0],"16":[158,978],"17":[281,199],"18":[23,7],"19":[1,35],"20":[0,0],"21":[0,0],"22":[0,0]},"f":{"1":56,"2":0,"3":27,"4":56,"5":5,"6":5,"7":0,"8":6,"9":6,"10":12,"11":6,"12":6,"13":1136,"14":12,"15":480,"16":6,"17":30,"18":36,"19":6,"20":6,"21":0},"fnMap":{"1":{"name":"onlyAuthed","line":46,"loc":{"start":{"line":46,"column":4},"end":{"line":49,"column":4}}},"2":{"name":"onlyDeployer","line":51,"loc":{"start":{"line":51,"column":4},"end":{"line":54,"column":4}}},"3":{"name":"constructor","line":62,"loc":{"start":{"line":56,"column":4},"end":{"line":70,"column":4}}},"4":{"name":"awardWinner","line":72,"loc":{"start":{"line":72,"column":4},"end":{"line":82,"column":4}}},"5":{"name":"tokenURI","line":84,"loc":{"start":{"line":84,"column":4},"end":{"line":110,"column":4}}},"6":{"name":"arrayToString","line":121,"loc":{"start":{"line":121,"column":4},"end":{"line":130,"column":4}}},"7":{"name":"bytes1ToString","line":132,"loc":{"start":{"line":132,"column":4},"end":{"line":134,"column":4}}},"8":{"name":"generateBoardSVG","line":136,"loc":{"start":{"line":136,"column":4},"end":{"line":215,"column":4}}},"9":{"name":"paramsContainer","line":217,"loc":{"start":{"line":217,"column":4},"end":{"line":302,"column":4}}},"10":{"name":"getPlaceSVG","line":304,"loc":{"start":{"line":304,"column":4},"end":{"line":316,"column":4}}},"11":{"name":"getHexColor","line":318,"loc":{"start":{"line":318,"column":4},"end":{"line":330,"column":4}}},"12":{"name":"toHexString","line":333,"loc":{"start":{"line":333,"column":4},"end":{"line":343,"column":4}}},"13":{"name":"uint2str","line":346,"loc":{"start":{"line":346,"column":4},"end":{"line":366,"column":4}}},"14":{"name":"toAsciiString","line":369,"loc":{"start":{"line":369,"column":4},"end":{"line":379,"column":4}}},"15":{"name":"char","line":381,"loc":{"start":{"line":381,"column":4},"end":{"line":384,"column":4}}},"16":{"name":"timestampToDateTimeString","line":399,"loc":{"start":{"line":399,"column":4},"end":{"line":418,"column":4}}},"17":{"name":"_zeroPad","line":420,"loc":{"start":{"line":420,"column":4},"end":{"line":438,"column":4}}},"18":{"name":"_toString","line":440,"loc":{"start":{"line":440,"column":4},"end":{"line":457,"column":4}}},"19":{"name":"timestampToDateTime","line":459,"loc":{"start":{"line":459,"column":4},"end":{"line":470,"column":4}}},"20":{"name":"_daysToDate","line":472,"loc":{"start":{"line":472,"column":4},"end":{"line":489,"column":4}}},"21":{"name":"isLeapYear","line":491,"loc":{"start":{"line":491,"column":4},"end":{"line":500,"column":4}}}},"statementMap":{"1":{"start":{"line":47,"column":8},"end":{"line":47,"column":85}},"2":{"start":{"line":52,"column":8},"end":{"line":52,"column":38}},"3":{"start":{"line":73,"column":8},"end":{"line":73,"column":41}},"4":{"start":{"line":74,"column":8},"end":{"line":74,"column":29}},"5":{"start":{"line":81,"column":8},"end":{"line":81,"column":22}},"6":{"start":{"line":85,"column":8},"end":{"line":85,"column":85}},"7":{"start":{"line":86,"column":8},"end":{"line":86,"column":51}},"8":{"start":{"line":88,"column":8},"end":{"line":88,"column":91}},"9":{"start":{"line":90,"column":8},"end":{"line":90,"column":80}},"10":{"start":{"line":92,"column":8},"end":{"line":92,"column":74}},"11":{"start":{"line":94,"column":8},"end":{"line":94,"column":67}},"12":{"start":{"line":96,"column":8},"end":{"line":96,"column":21}},"13":{"start":{"line":97,"column":8},"end":{"line":97,"column":2901}},"14":{"start":{"line":98,"column":12},"end":{"line":98,"column":39}},"15":{"start":{"line":99,"column":12},"end":{"line":99,"column":79}},"16":{"start":{"line":105,"column":8},"end":{"line":105,"column":54}},"17":{"start":{"line":107,"column":8},"end":{"line":107,"column":3242}},"18":{"start":{"line":122,"column":8},"end":{"line":122,"column":33}},"19":{"start":{"line":123,"column":8},"end":{"line":123,"column":3698}},"20":{"start":{"line":125,"column":12},"end":{"line":125,"column":3824}},"21":{"start":{"line":129,"column":8},"end":{"line":129,"column":21}},"22":{"start":{"line":133,"column":8},"end":{"line":133,"column":46}},"23":{"start":{"line":145,"column":8},"end":{"line":145,"column":52}},"24":{"start":{"line":147,"column":8},"end":{"line":147,"column":4499}},"25":{"start":{"line":152,"column":8},"end":{"line":152,"column":25}},"26":{"start":{"line":153,"column":8},"end":{"line":153,"column":4899}},"27":{"start":{"line":154,"column":12},"end":{"line":154,"column":4955}},"28":{"start":{"line":155,"column":16},"end":{"line":155,"column":42}},"29":{"start":{"line":156,"column":16},"end":{"line":156,"column":42}},"30":{"start":{"line":158,"column":16},"end":{"line":158,"column":50}},"31":{"start":{"line":159,"column":16},"end":{"line":159,"column":69}},"32":{"start":{"line":161,"column":16},"end":{"line":161,"column":5228}},"33":{"start":{"line":165,"column":16},"end":{"line":165,"column":5356}},"34":{"start":{"line":169,"column":16},"end":{"line":169,"column":90}},"35":{"start":{"line":176,"column":16},"end":{"line":176,"column":5742}},"36":{"start":{"line":177,"column":20},"end":{"line":177,"column":81}},"37":{"start":{"line":189,"column":8},"end":{"line":189,"column":95}},"38":{"start":{"line":191,"column":8},"end":{"line":191,"column":6301}},"39":{"start":{"line":212,"column":8},"end":{"line":212,"column":116}},"40":{"start":{"line":214,"column":8},"end":{"line":214,"column":21}},"41":{"start":{"line":226,"column":8},"end":{"line":226,"column":69}},"42":{"start":{"line":232,"column":8},"end":{"line":232,"column":7576}},"43":{"start":{"line":247,"column":8},"end":{"line":247,"column":81}},"44":{"start":{"line":248,"column":8},"end":{"line":248,"column":8403}},"45":{"start":{"line":263,"column":8},"end":{"line":263,"column":9061}},"46":{"start":{"line":265,"column":12},"end":{"line":265,"column":9130}},"47":{"start":{"line":272,"column":12},"end":{"line":272,"column":9386}},"48":{"start":{"line":280,"column":12},"end":{"line":280,"column":9658}},"49":{"start":{"line":298,"column":8},"end":{"line":298,"column":60}},"50":{"start":{"line":301,"column":8},"end":{"line":301,"column":18}},"51":{"start":{"line":305,"column":8},"end":{"line":305,"column":10535}},"52":{"start":{"line":306,"column":12},"end":{"line":306,"column":30}},"53":{"start":{"line":307,"column":15},"end":{"line":307,"column":10599}},"54":{"start":{"line":308,"column":12},"end":{"line":308,"column":30}},"55":{"start":{"line":309,"column":15},"end":{"line":309,"column":10664}},"56":{"start":{"line":310,"column":12},"end":{"line":310,"column":30}},"57":{"start":{"line":311,"column":15},"end":{"line":311,"column":10729}},"58":{"start":{"line":312,"column":12},"end":{"line":312,"column":30}},"59":{"start":{"line":314,"column":12},"end":{"line":314,"column":21}},"60":{"start":{"line":323,"column":8},"end":{"line":323,"column":108}},"61":{"start":{"line":325,"column":8},"end":{"line":325,"column":37}},"62":{"start":{"line":326,"column":8},"end":{"line":326,"column":11151}},"63":{"start":{"line":329,"column":8},"end":{"line":329,"column":60}},"64":{"start":{"line":334,"column":8},"end":{"line":334,"column":48}},"65":{"start":{"line":335,"column":8},"end":{"line":335,"column":56}},"66":{"start":{"line":337,"column":8},"end":{"line":337,"column":11593}},"67":{"start":{"line":342,"column":8},"end":{"line":342,"column":29}},"68":{"start":{"line":347,"column":8},"end":{"line":347,"column":11949}},"69":{"start":{"line":348,"column":12},"end":{"line":348,"column":22}},"70":{"start":{"line":350,"column":8},"end":{"line":350,"column":22}},"71":{"start":{"line":351,"column":8},"end":{"line":351,"column":19}},"72":{"start":{"line":352,"column":8},"end":{"line":352,"column":12051}},"73":{"start":{"line":356,"column":8},"end":{"line":356,"column":42}},"74":{"start":{"line":357,"column":8},"end":{"line":357,"column":23}},"75":{"start":{"line":358,"column":8},"end":{"line":358,"column":12195}},"76":{"start":{"line":360,"column":12},"end":{"line":360,"column":56}},"77":{"start":{"line":361,"column":12},"end":{"line":361,"column":36}},"78":{"start":{"line":365,"column":8},"end":{"line":365,"column":27}},"79":{"start":{"line":370,"column":8},"end":{"line":370,"column":38}},"80":{"start":{"line":371,"column":8},"end":{"line":371,"column":12584}},"81":{"start":{"line":372,"column":12},"end":{"line":372,"column":81}},"82":{"start":{"line":373,"column":12},"end":{"line":373,"column":45}},"83":{"start":{"line":374,"column":12},"end":{"line":374,"column":57}},"84":{"start":{"line":378,"column":8},"end":{"line":378,"column":24}},"85":{"start":{"line":382,"column":8},"end":{"line":382,"column":13026}},"86":{"start":{"line":382,"column":27},"end":{"line":382,"column":57}},"87":{"start":{"line":383,"column":13},"end":{"line":383,"column":43}},"88":{"start":{"line":400,"column":8},"end":{"line":400,"column":13669}},"89":{"start":{"line":403,"column":8},"end":{"line":403,"column":13780}},"90":{"start":{"line":421,"column":8},"end":{"line":421,"column":49}},"91":{"start":{"line":422,"column":8},"end":{"line":422,"column":50}},"92":{"start":{"line":424,"column":8},"end":{"line":424,"column":14376}},"93":{"start":{"line":425,"column":12},"end":{"line":425,"column":27}},"94":{"start":{"line":428,"column":8},"end":{"line":428,"column":47}},"95":{"start":{"line":429,"column":8},"end":{"line":429,"column":47}},"96":{"start":{"line":430,"column":8},"end":{"line":430,"column":14549}},"97":{"start":{"line":433,"column":8},"end":{"line":433,"column":14647}},"98":{"start":{"line":437,"column":8},"end":{"line":437,"column":29}},"99":{"start":{"line":441,"column":8},"end":{"line":441,"column":14886}},"100":{"start":{"line":442,"column":12},"end":{"line":442,"column":22}},"101":{"start":{"line":444,"column":8},"end":{"line":444,"column":28}},"102":{"start":{"line":445,"column":8},"end":{"line":445,"column":22}},"103":{"start":{"line":446,"column":8},"end":{"line":446,"column":15000}},"104":{"start":{"line":450,"column":8},"end":{"line":450,"column":47}},"105":{"start":{"line":451,"column":8},"end":{"line":451,"column":15133}},"106":{"start":{"line":456,"column":8},"end":{"line":456,"column":29}},"107":{"start":{"line":465,"column":8},"end":{"line":465,"column":50}},"108":{"start":{"line":473,"column":8},"end":{"line":473,"column":37}},"109":{"start":{"line":475,"column":8},"end":{"line":475,"column":51}},"110":{"start":{"line":476,"column":8},"end":{"line":476,"column":36}},"111":{"start":{"line":478,"column":8},"end":{"line":478,"column":51}},"112":{"start":{"line":480,"column":8},"end":{"line":480,"column":39}},"113":{"start":{"line":481,"column":8},"end":{"line":481,"column":46}},"114":{"start":{"line":492,"column":8},"end":{"line":492,"column":16555}},"115":{"start":{"line":493,"column":12},"end":{"line":493,"column":24}},"116":{"start":{"line":494,"column":15},"end":{"line":494,"column":16617}},"117":{"start":{"line":495,"column":12},"end":{"line":495,"column":23}},"118":{"start":{"line":496,"column":15},"end":{"line":496,"column":16680}},"119":{"start":{"line":497,"column":12},"end":{"line":497,"column":23}},"120":{"start":{"line":499,"column":8},"end":{"line":499,"column":20}}},"branchMap":{"1":{"line":47,"type":"if","locations":[{"start":{"line":47,"column":8},"end":{"line":47,"column":8}},{"start":{"line":47,"column":8},"end":{"line":47,"column":8}}]},"2":{"line":47,"type":"cond-expr","locations":[{"start":{"line":47,"column":16},"end":{"line":47,"column":47}},{"start":{"line":47,"column":52},"end":{"line":47,"column":84}}]},"3":{"line":52,"type":"if","locations":[{"start":{"line":52,"column":8},"end":{"line":52,"column":8}},{"start":{"line":52,"column":8},"end":{"line":52,"column":8}}]},"4":{"line":72,"type":"if","locations":[{"start":{"line":72,"column":71},"end":{"line":72,"column":71}},{"start":{"line":72,"column":71},"end":{"line":72,"column":71}}]},"5":{"line":97,"type":"if","locations":[{"start":{"line":97,"column":8},"end":{"line":97,"column":8}},{"start":{"line":97,"column":8},"end":{"line":97,"column":8}}]},"6":{"line":125,"type":"if","locations":[{"start":{"line":125,"column":12},"end":{"line":125,"column":12}},{"start":{"line":125,"column":12},"end":{"line":125,"column":12}}]},"7":{"line":159,"type":"if","locations":[{"start":{"line":159,"column":53},"end":{"line":159,"column":58}},{"start":{"line":159,"column":62},"end":{"line":159,"column":68}}]},"8":{"line":165,"type":"if","locations":[{"start":{"line":165,"column":16},"end":{"line":165,"column":16}},{"start":{"line":165,"column":16},"end":{"line":165,"column":16}}]},"9":{"line":169,"type":"if","locations":[{"start":{"line":169,"column":58},"end":{"line":169,"column":69}},{"start":{"line":169,"column":73},"end":{"line":169,"column":89}}]},"10":{"line":176,"type":"if","locations":[{"start":{"line":176,"column":16},"end":{"line":176,"column":16}},{"start":{"line":176,"column":16},"end":{"line":176,"column":16}}]},"11":{"line":263,"type":"if","locations":[{"start":{"line":263,"column":8},"end":{"line":263,"column":8}},{"start":{"line":263,"column":8},"end":{"line":263,"column":8}}]},"12":{"line":305,"type":"if","locations":[{"start":{"line":305,"column":8},"end":{"line":305,"column":8}},{"start":{"line":305,"column":8},"end":{"line":305,"column":8}}]},"13":{"line":307,"type":"if","locations":[{"start":{"line":307,"column":15},"end":{"line":307,"column":15}},{"start":{"line":307,"column":15},"end":{"line":307,"column":15}}]},"14":{"line":309,"type":"if","locations":[{"start":{"line":309,"column":15},"end":{"line":309,"column":15}},{"start":{"line":309,"column":15},"end":{"line":309,"column":15}}]},"15":{"line":311,"type":"if","locations":[{"start":{"line":311,"column":15},"end":{"line":311,"column":15}},{"start":{"line":311,"column":15},"end":{"line":311,"column":15}}]},"16":{"line":347,"type":"if","locations":[{"start":{"line":347,"column":8},"end":{"line":347,"column":8}},{"start":{"line":347,"column":8},"end":{"line":347,"column":8}}]},"17":{"line":382,"type":"if","locations":[{"start":{"line":382,"column":8},"end":{"line":382,"column":8}},{"start":{"line":382,"column":8},"end":{"line":382,"column":8}}]},"18":{"line":424,"type":"if","locations":[{"start":{"line":424,"column":8},"end":{"line":424,"column":8}},{"start":{"line":424,"column":8},"end":{"line":424,"column":8}}]},"19":{"line":441,"type":"if","locations":[{"start":{"line":441,"column":8},"end":{"line":441,"column":8}},{"start":{"line":441,"column":8},"end":{"line":441,"column":8}}]},"20":{"line":492,"type":"if","locations":[{"start":{"line":492,"column":8},"end":{"line":492,"column":8}},{"start":{"line":492,"column":8},"end":{"line":492,"column":8}}]},"21":{"line":494,"type":"if","locations":[{"start":{"line":494,"column":15},"end":{"line":494,"column":15}},{"start":{"line":494,"column":15},"end":{"line":494,"column":15}}]},"22":{"line":496,"type":"if","locations":[{"start":{"line":496,"column":15},"end":{"line":496,"column":15}},{"start":{"line":496,"column":15},"end":{"line":496,"column":15}}]}}},"src/ERC721/Init.sol":{"l":{"33":18,"34":18,"38":18,"39":18,"43":54,"47":18,"48":18},"path":"/Users/riemann/Desktop/chess_fish/organization/v2-core/src/ERC721/Init.sol","s":{"1":18,"2":18},"b":{"1":[18,0],"2":[18,0],"3":[18,0],"4":[18,0]},"f":{"1":18,"2":18,"3":54,"4":18},"fnMap":{"1":{"name":"onlyDeployer","line":32,"loc":{"start":{"line":32,"column":4},"end":{"line":35,"column":4}}},"2":{"name":"checkIsSet","line":37,"loc":{"start":{"line":37,"column":4},"end":{"line":40,"column":4}}},"3":{"name":"constructor","line":42,"loc":{"start":{"line":42,"column":4},"end":{"line":44,"column":4}}},"4":{"name":"initialize","line":46,"loc":{"start":{"line":46,"column":4},"end":{"line":49,"column":4}}}},"statementMap":{"1":{"start":{"line":33,"column":8},"end":{"line":33,"column":38}},"2":{"start":{"line":38,"column":8},"end":{"line":38,"column":30}}},"branchMap":{"1":{"line":33,"type":"if","locations":[{"start":{"line":33,"column":8},"end":{"line":33,"column":8}},{"start":{"line":33,"column":8},"end":{"line":33,"column":8}}]},"2":{"line":38,"type":"if","locations":[{"start":{"line":38,"column":8},"end":{"line":38,"column":8}},{"start":{"line":38,"column":8},"end":{"line":38,"column":8}}]},"3":{"line":46,"type":"if","locations":[{"start":{"line":46,"column":47},"end":{"line":46,"column":47}},{"start":{"line":46,"column":47},"end":{"line":46,"column":47}}]},"4":{"line":46,"type":"if","locations":[{"start":{"line":46,"column":60},"end":{"line":46,"column":60}},{"start":{"line":46,"column":60},"end":{"line":46,"column":60}}]}}},"src/ERC721/PieceSVG.sol":{"l":{"26":181,"27":45,"40":136,"41":45,"54":91,"55":11,"78":80,"79":11,"97":69,"98":12,"114":57,"115":12,"130":45,"131":11,"148":34,"149":10,"166":24,"168":7,"192":17,"193":5,"214":12,"216":6,"234":6,"236":6,"254":0,"255":0},"path":"/Users/riemann/Desktop/chess_fish/organization/v2-core/src/ERC721/PieceSVG.sol","s":{"1":181,"2":45,"3":136,"4":45,"5":91,"6":11,"7":80,"8":11,"9":69,"10":12,"11":57,"12":12,"13":45,"14":11,"15":34,"16":10,"17":24,"18":7,"19":17,"20":5,"21":12,"22":6,"23":6,"24":6,"25":0,"26":0,"27":0},"b":{"1":[45,136],"2":[45,91],"3":[11,80],"4":[11,69],"5":[12,57],"6":[12,45],"7":[11,34],"8":[10,24],"9":[7,17],"10":[5,12],"11":[6,6],"12":[6,0],"13":[0,0]},"f":{"1":181},"fnMap":{"1":{"name":"getPieceSymbol","line":24,"loc":{"start":{"line":24,"column":4},"end":{"line":256,"column":4}}}},"statementMap":{"1":{"start":{"line":26,"column":8},"end":{"line":26,"column":794}},"2":{"start":{"line":27,"column":12},"end":{"line":27,"column":831}},"3":{"start":{"line":40,"column":8},"end":{"line":40,"column":1829}},"4":{"start":{"line":41,"column":12},"end":{"line":41,"column":1866}},"5":{"start":{"line":54,"column":8},"end":{"line":54,"column":2863}},"6":{"start":{"line":55,"column":12},"end":{"line":55,"column":2900}},"7":{"start":{"line":78,"column":8},"end":{"line":78,"column":4864}},"8":{"start":{"line":79,"column":12},"end":{"line":79,"column":4901}},"9":{"start":{"line":97,"column":8},"end":{"line":97,"column":6185}},"10":{"start":{"line":98,"column":12},"end":{"line":98,"column":6222}},"11":{"start":{"line":114,"column":8},"end":{"line":114,"column":7911}},"12":{"start":{"line":115,"column":12},"end":{"line":115,"column":7948}},"13":{"start":{"line":130,"column":8},"end":{"line":130,"column":9339}},"14":{"start":{"line":131,"column":12},"end":{"line":131,"column":9376}},"15":{"start":{"line":148,"column":8},"end":{"line":148,"column":10825}},"16":{"start":{"line":149,"column":12},"end":{"line":149,"column":10862}},"17":{"start":{"line":166,"column":8},"end":{"line":166,"column":12312}},"18":{"start":{"line":168,"column":12},"end":{"line":168,"column":12416}},"19":{"start":{"line":192,"column":8},"end":{"line":192,"column":14583}},"20":{"start":{"line":193,"column":12},"end":{"line":193,"column":14620}},"21":{"start":{"line":214,"column":8},"end":{"line":214,"column":16410}},"22":{"start":{"line":216,"column":12},"end":{"line":216,"column":16512}},"23":{"start":{"line":234,"column":8},"end":{"line":234,"column":17992}},"24":{"start":{"line":236,"column":12},"end":{"line":236,"column":18095}},"25":{"start":{"line":254,"column":8},"end":{"line":254,"column":62}},"26":{"start":{"line":254,"column":35},"end":{"line":254,"column":62}},"27":{"start":{"line":255,"column":8},"end":{"line":255,"column":35}}},"branchMap":{"1":{"line":26,"type":"if","locations":[{"start":{"line":26,"column":8},"end":{"line":26,"column":8}},{"start":{"line":26,"column":8},"end":{"line":26,"column":8}}]},"2":{"line":40,"type":"if","locations":[{"start":{"line":40,"column":8},"end":{"line":40,"column":8}},{"start":{"line":40,"column":8},"end":{"line":40,"column":8}}]},"3":{"line":54,"type":"if","locations":[{"start":{"line":54,"column":8},"end":{"line":54,"column":8}},{"start":{"line":54,"column":8},"end":{"line":54,"column":8}}]},"4":{"line":78,"type":"if","locations":[{"start":{"line":78,"column":8},"end":{"line":78,"column":8}},{"start":{"line":78,"column":8},"end":{"line":78,"column":8}}]},"5":{"line":97,"type":"if","locations":[{"start":{"line":97,"column":8},"end":{"line":97,"column":8}},{"start":{"line":97,"column":8},"end":{"line":97,"column":8}}]},"6":{"line":114,"type":"if","locations":[{"start":{"line":114,"column":8},"end":{"line":114,"column":8}},{"start":{"line":114,"column":8},"end":{"line":114,"column":8}}]},"7":{"line":130,"type":"if","locations":[{"start":{"line":130,"column":8},"end":{"line":130,"column":8}},{"start":{"line":130,"column":8},"end":{"line":130,"column":8}}]},"8":{"line":148,"type":"if","locations":[{"start":{"line":148,"column":8},"end":{"line":148,"column":8}},{"start":{"line":148,"column":8},"end":{"line":148,"column":8}}]},"9":{"line":166,"type":"if","locations":[{"start":{"line":166,"column":8},"end":{"line":166,"column":8}},{"start":{"line":166,"column":8},"end":{"line":166,"column":8}}]},"10":{"line":192,"type":"if","locations":[{"start":{"line":192,"column":8},"end":{"line":192,"column":8}},{"start":{"line":192,"column":8},"end":{"line":192,"column":8}}]},"11":{"line":214,"type":"if","locations":[{"start":{"line":214,"column":8},"end":{"line":214,"column":8}},{"start":{"line":214,"column":8},"end":{"line":214,"column":8}}]},"12":{"line":234,"type":"if","locations":[{"start":{"line":234,"column":8},"end":{"line":234,"column":8}},{"start":{"line":234,"column":8},"end":{"line":234,"column":8}}]},"13":{"line":254,"type":"if","locations":[{"start":{"line":254,"column":8},"end":{"line":254,"column":8}},{"start":{"line":254,"column":8},"end":{"line":254,"column":8}}]}}},"src/ERC721/TokenSVG.sol":{"l":{"32":6,"33":0,"45":0,"55":0,"66":1,"79":5,"81":0},"path":"/Users/riemann/Desktop/chess_fish/organization/v2-core/src/ERC721/TokenSVG.sol","s":{"1":6,"2":0,"3":6,"4":0,"5":6,"6":0,"7":6,"8":1,"9":5,"10":5,"11":0},"b":{"1":[0,6],"2":[0,6],"3":[0,6],"4":[1,5],"5":[5,0]},"f":{"1":6},"fnMap":{"1":{"name":"getTokenSVG","line":30,"loc":{"start":{"line":30,"column":4},"end":{"line":85,"column":4}}}},"statementMap":{"1":{"start":{"line":32,"column":8},"end":{"line":32,"column":1018}},"2":{"start":{"line":33,"column":12},"end":{"line":33,"column":1056}},"3":{"start":{"line":44,"column":13},"end":{"line":44,"column":2958}},"4":{"start":{"line":45,"column":12},"end":{"line":45,"column":2996}},"5":{"start":{"line":54,"column":13},"end":{"line":54,"column":4027}},"6":{"start":{"line":55,"column":12},"end":{"line":55,"column":4065}},"7":{"start":{"line":65,"column":13},"end":{"line":65,"column":5770}},"8":{"start":{"line":66,"column":12},"end":{"line":66,"column":5808}},"9":{"start":{"line":78,"column":15},"end":{"line":78,"column":6809}},"10":{"start":{"line":79,"column":12},"end":{"line":79,"column":21}},"11":{"start":{"line":81,"column":12},"end":{"line":81,"column":6893}}},"branchMap":{"1":{"line":32,"type":"if","locations":[{"start":{"line":32,"column":8},"end":{"line":32,"column":8}},{"start":{"line":32,"column":8},"end":{"line":32,"column":8}}]},"2":{"line":44,"type":"if","locations":[{"start":{"line":44,"column":13},"end":{"line":44,"column":13}},{"start":{"line":44,"column":13},"end":{"line":44,"column":13}}]},"3":{"line":54,"type":"if","locations":[{"start":{"line":54,"column":13},"end":{"line":54,"column":13}},{"start":{"line":54,"column":13},"end":{"line":54,"column":13}}]},"4":{"line":65,"type":"if","locations":[{"start":{"line":65,"column":13},"end":{"line":65,"column":13}},{"start":{"line":65,"column":13},"end":{"line":65,"column":13}}]},"5":{"line":78,"type":"if","locations":[{"start":{"line":78,"column":15},"end":{"line":78,"column":15}},{"start":{"line":78,"column":15},"end":{"line":78,"column":15}}]}}},"src/GaslessGame.sol":{"l":{"94":0,"95":0,"99":27,"102":27,"105":27,"109":9,"110":9,"118":295,"119":295,"127":0,"128":0,"130":0,"131":0,"133":0,"135":0,"137":0,"139":0,"141":0,"143":0,"145":0,"146":0,"148":0,"149":0,"150":0,"151":0,"153":0,"154":0,"156":0,"159":0,"160":0,"162":0,"163":0,"171":66,"172":66,"174":66,"175":66,"177":66,"178":66,"180":66,"181":66,"182":66,"183":66,"185":66,"186":66,"188":66,"189":66,"191":66,"192":66,"194":66,"195":66,"197":66,"198":61,"205":66,"206":66,"208":66,"210":66,"211":61,"213":61,"214":0,"215":0,"216":0,"218":0,"219":0,"221":0,"225":66,"226":66,"230":132,"235":132,"246":132,"247":132,"248":132,"249":132,"262":0,"263":0,"272":118,"273":118,"282":132,"287":61,"288":0,"290":61,"291":61,"300":0,"301":0,"303":0,"304":0,"310":132,"320":132},"path":"/Users/riemann/Desktop/chess_fish/organization/v2-core/src/GaslessGame.sol","s":{"1":0,"2":295,"3":295,"4":0,"5":0,"6":0,"7":0,"8":0,"9":0,"10":0,"11":0,"12":0,"13":0,"14":0,"15":0,"16":0,"17":0,"18":0,"19":0,"20":0,"21":0,"22":66,"23":66,"24":66,"25":66,"26":66,"27":66,"28":66,"29":66,"30":66,"31":66,"32":66,"33":66,"34":66,"35":66,"36":66,"37":66,"38":66,"39":61,"40":66,"41":66,"42":66,"43":61,"44":61,"45":0,"46":0,"47":0,"48":66,"49":132,"50":132,"51":132,"52":132,"53":132,"54":132,"55":0,"56":0,"57":118,"58":118,"59":132,"60":61,"61":0,"62":61,"63":61,"64":0,"65":0,"66":0,"67":0,"68":132,"69":132},"b":{"1":[0,0],"2":[9,0],"3":[0,0],"4":[0,0],"5":[0,0],"6":[0,0],"7":[66,0],"8":[66,0],"9":[66,0],"10":[66,0],"11":[66,0],"12":[61,5],"13":[66,0],"14":[66,0],"15":[61,5],"16":[0,61],"17":[132,0],"18":[0,61],"19":[61,0],"20":[0,61],"21":[0,0],"22":[0,0],"23":[0,0],"24":[132,0]},"f":{"1":0,"2":27,"3":9,"4":295,"5":0,"6":66,"7":132,"8":132,"9":0,"10":118,"11":132,"12":61,"13":0,"14":132},"fnMap":{"1":{"name":"onlyDeployer","line":93,"loc":{"start":{"line":93,"column":4},"end":{"line":96,"column":4}}},"2":{"name":"constructor","line":98,"loc":{"start":{"line":98,"column":4},"end":{"line":106,"column":4}}},"3":{"name":"initialize","line":108,"loc":{"start":{"line":108,"column":4},"end":{"line":111,"column":4}}},"4":{"name":"encodeMoveMessage","line":113,"loc":{"start":{"line":113,"column":4},"end":{"line":120,"column":4}}},"5":{"name":"verifyGameViewDelegatedSingle","line":122,"loc":{"start":{"line":122,"column":4},"end":{"line":164,"column":4}}},"6":{"name":"verifyGameViewDelegated","line":166,"loc":{"start":{"line":166,"column":4},"end":{"line":227,"column":4}}},"7":{"name":"decodeMoveData","line":229,"loc":{"start":{"line":229,"column":4},"end":{"line":231,"column":4}}},"8":{"name":"verifyMoveSigner","line":234,"loc":{"start":{"line":234,"column":4},"end":{"line":250,"column":4}}},"9":{"name":"createDelegation","line":257,"loc":{"start":{"line":257,"column":4},"end":{"line":264,"column":4}}},"10":{"name":"encodeSignedDelegation","line":267,"loc":{"start":{"line":267,"column":4},"end":{"line":274,"column":4}}},"11":{"name":"decodeSignedDelegation","line":277,"loc":{"start":{"line":277,"column":4},"end":{"line":283,"column":4}}},"12":{"name":"checkIfDelegatorsArePlayers","line":286,"loc":{"start":{"line":286,"column":4},"end":{"line":296,"column":4}}},"13":{"name":"checkIfDelegatorIsPlayer","line":299,"loc":{"start":{"line":299,"column":4},"end":{"line":306,"column":4}}},"14":{"name":"verifyDelegation","line":309,"loc":{"start":{"line":309,"column":4},"end":{"line":324,"column":4}}}},"statementMap":{"1":{"start":{"line":95,"column":8},"end":{"line":95,"column":38}},"2":{"start":{"line":118,"column":8},"end":{"line":118,"column":81}},"3":{"start":{"line":119,"column":8},"end":{"line":119,"column":35}},"4":{"start":{"line":127,"column":8},"end":{"line":127,"column":42}},"5":{"start":{"line":128,"column":8},"end":{"line":128,"column":31}},"6":{"start":{"line":130,"column":8},"end":{"line":130,"column":94}},"7":{"start":{"line":131,"column":8},"end":{"line":131,"column":41}},"8":{"start":{"line":133,"column":8},"end":{"line":133,"column":69}},"9":{"start":{"line":135,"column":8},"end":{"line":135,"column":98}},"10":{"start":{"line":137,"column":8},"end":{"line":137,"column":79}},"11":{"start":{"line":139,"column":8},"end":{"line":139,"column":104}},"12":{"start":{"line":141,"column":8},"end":{"line":141,"column":76}},"13":{"start":{"line":145,"column":8},"end":{"line":145,"column":4560}},"14":{"start":{"line":146,"column":12},"end":{"line":146,"column":84}},"15":{"start":{"line":148,"column":12},"end":{"line":148,"column":4696}},"16":{"start":{"line":149,"column":16},"end":{"line":149,"column":96}},"17":{"start":{"line":150,"column":16},"end":{"line":150,"column":4845}},"18":{"start":{"line":153,"column":16},"end":{"line":153,"column":4987}},"19":{"start":{"line":159,"column":8},"end":{"line":159,"column":44}},"20":{"start":{"line":160,"column":8},"end":{"line":160,"column":31}},"21":{"start":{"line":163,"column":8},"end":{"line":163,"column":55}},"22":{"start":{"line":171,"column":8},"end":{"line":171,"column":99}},"23":{"start":{"line":172,"column":8},"end":{"line":172,"column":42}},"24":{"start":{"line":174,"column":8},"end":{"line":174,"column":99}},"25":{"start":{"line":175,"column":8},"end":{"line":175,"column":42}},"26":{"start":{"line":177,"column":8},"end":{"line":177,"column":73}},"27":{"start":{"line":178,"column":8},"end":{"line":178,"column":73}},"28":{"start":{"line":180,"column":8},"end":{"line":180,"column":45}},"29":{"start":{"line":181,"column":8},"end":{"line":181,"column":55}},"30":{"start":{"line":182,"column":8},"end":{"line":182,"column":6191}},"31":{"start":{"line":186,"column":8},"end":{"line":186,"column":96}},"32":{"start":{"line":188,"column":8},"end":{"line":188,"column":115}},"33":{"start":{"line":189,"column":8},"end":{"line":189,"column":115}},"34":{"start":{"line":191,"column":8},"end":{"line":191,"column":91}},"35":{"start":{"line":192,"column":8},"end":{"line":192,"column":100}},"36":{"start":{"line":194,"column":8},"end":{"line":194,"column":81}},"37":{"start":{"line":195,"column":8},"end":{"line":195,"column":81}},"38":{"start":{"line":197,"column":8},"end":{"line":197,"column":7048}},"39":{"start":{"line":198,"column":12},"end":{"line":198,"column":7097}},"40":{"start":{"line":205,"column":8},"end":{"line":205,"column":77}},"41":{"start":{"line":206,"column":8},"end":{"line":206,"column":77}},"42":{"start":{"line":210,"column":8},"end":{"line":210,"column":7505}},"43":{"start":{"line":211,"column":12},"end":{"line":211,"column":84}},"44":{"start":{"line":213,"column":12},"end":{"line":213,"column":7641}},"45":{"start":{"line":214,"column":16},"end":{"line":214,"column":96}},"46":{"start":{"line":215,"column":16},"end":{"line":215,"column":7790}},"47":{"start":{"line":218,"column":16},"end":{"line":218,"column":7932}},"48":{"start":{"line":226,"column":8},"end":{"line":226,"column":55}},"49":{"start":{"line":230,"column":8},"end":{"line":230,"column":54}},"50":{"start":{"line":235,"column":8},"end":{"line":235,"column":8570}},"51":{"start":{"line":246,"column":8},"end":{"line":246,"column":30}},"52":{"start":{"line":247,"column":8},"end":{"line":247,"column":26}},"53":{"start":{"line":248,"column":8},"end":{"line":248,"column":61}},"54":{"start":{"line":249,"column":8},"end":{"line":249,"column":92}},"55":{"start":{"line":262,"column":8},"end":{"line":262,"column":98}},"56":{"start":{"line":263,"column":8},"end":{"line":263,"column":25}},"57":{"start":{"line":272,"column":8},"end":{"line":272,"column":90}},"58":{"start":{"line":273,"column":8},"end":{"line":273,"column":43}},"59":{"start":{"line":282,"column":8},"end":{"line":282,"column":68}},"60":{"start":{"line":287,"column":8},"end":{"line":287,"column":10424}},"61":{"start":{"line":288,"column":12},"end":{"line":288,"column":18}},"62":{"start":{"line":290,"column":12},"end":{"line":290,"column":86}},"63":{"start":{"line":291,"column":12},"end":{"line":291,"column":10598}},"64":{"start":{"line":300,"column":8},"end":{"line":300,"column":10957}},"65":{"start":{"line":301,"column":12},"end":{"line":301,"column":18}},"66":{"start":{"line":303,"column":12},"end":{"line":303,"column":86}},"67":{"start":{"line":304,"column":12},"end":{"line":304,"column":80}},"68":{"start":{"line":310,"column":8},"end":{"line":310,"column":11353}},"69":{"start":{"line":320,"column":8},"end":{"line":320,"column":11725}}},"branchMap":{"1":{"line":95,"type":"if","locations":[{"start":{"line":95,"column":8},"end":{"line":95,"column":8}},{"start":{"line":95,"column":8},"end":{"line":95,"column":8}}]},"2":{"line":108,"type":"if","locations":[{"start":{"line":108,"column":80},"end":{"line":108,"column":80}},{"start":{"line":108,"column":80},"end":{"line":108,"column":80}}]},"3":{"line":135,"type":"if","locations":[{"start":{"line":135,"column":8},"end":{"line":135,"column":8}},{"start":{"line":135,"column":8},"end":{"line":135,"column":8}}]},"4":{"line":141,"type":"if","locations":[{"start":{"line":141,"column":8},"end":{"line":141,"column":8}},{"start":{"line":141,"column":8},"end":{"line":141,"column":8}}]},"5":{"line":145,"type":"if","locations":[{"start":{"line":145,"column":8},"end":{"line":145,"column":8}},{"start":{"line":145,"column":8},"end":{"line":145,"column":8}}]},"6":{"line":148,"type":"if","locations":[{"start":{"line":148,"column":12},"end":{"line":148,"column":12}},{"start":{"line":148,"column":12},"end":{"line":148,"column":12}}]},"7":{"line":186,"type":"if","locations":[{"start":{"line":186,"column":8},"end":{"line":186,"column":8}},{"start":{"line":186,"column":8},"end":{"line":186,"column":8}}]},"8":{"line":188,"type":"if","locations":[{"start":{"line":188,"column":8},"end":{"line":188,"column":8}},{"start":{"line":188,"column":8},"end":{"line":188,"column":8}}]},"9":{"line":189,"type":"if","locations":[{"start":{"line":189,"column":8},"end":{"line":189,"column":8}},{"start":{"line":189,"column":8},"end":{"line":189,"column":8}}]},"10":{"line":191,"type":"if","locations":[{"start":{"line":191,"column":8},"end":{"line":191,"column":8}},{"start":{"line":191,"column":8},"end":{"line":191,"column":8}}]},"11":{"line":192,"type":"if","locations":[{"start":{"line":192,"column":8},"end":{"line":192,"column":8}},{"start":{"line":192,"column":8},"end":{"line":192,"column":8}}]},"12":{"line":197,"type":"if","locations":[{"start":{"line":197,"column":8},"end":{"line":197,"column":8}},{"start":{"line":197,"column":8},"end":{"line":197,"column":8}}]},"13":{"line":205,"type":"if","locations":[{"start":{"line":205,"column":8},"end":{"line":205,"column":8}},{"start":{"line":205,"column":8},"end":{"line":205,"column":8}}]},"14":{"line":206,"type":"if","locations":[{"start":{"line":206,"column":8},"end":{"line":206,"column":8}},{"start":{"line":206,"column":8},"end":{"line":206,"column":8}}]},"15":{"line":210,"type":"if","locations":[{"start":{"line":210,"column":8},"end":{"line":210,"column":8}},{"start":{"line":210,"column":8},"end":{"line":210,"column":8}}]},"16":{"line":213,"type":"if","locations":[{"start":{"line":213,"column":12},"end":{"line":213,"column":12}},{"start":{"line":213,"column":12},"end":{"line":213,"column":12}}]},"17":{"line":249,"type":"if","locations":[{"start":{"line":249,"column":8},"end":{"line":249,"column":8}},{"start":{"line":249,"column":8},"end":{"line":249,"column":8}}]},"18":{"line":287,"type":"if","locations":[{"start":{"line":287,"column":8},"end":{"line":287,"column":8}},{"start":{"line":287,"column":8},"end":{"line":287,"column":8}}]},"19":{"line":291,"type":"if","locations":[{"start":{"line":291,"column":12},"end":{"line":291,"column":12}},{"start":{"line":291,"column":12},"end":{"line":291,"column":12}}]},"20":{"line":292,"type":"cond-expr","locations":[{"start":{"line":292,"column":16},"end":{"line":292,"column":63}},{"start":{"line":292,"column":68},"end":{"line":292,"column":115}}]},"21":{"line":300,"type":"if","locations":[{"start":{"line":300,"column":8},"end":{"line":300,"column":8}},{"start":{"line":300,"column":8},"end":{"line":300,"column":8}}]},"22":{"line":304,"type":"if","locations":[{"start":{"line":304,"column":12},"end":{"line":304,"column":12}},{"start":{"line":304,"column":12},"end":{"line":304,"column":12}}]},"23":{"line":304,"type":"cond-expr","locations":[{"start":{"line":304,"column":20},"end":{"line":304,"column":39}},{"start":{"line":304,"column":44},"end":{"line":304,"column":63}}]},"24":{"line":320,"type":"if","locations":[{"start":{"line":320,"column":8},"end":{"line":320,"column":8}},{"start":{"line":320,"column":8},"end":{"line":320,"column":8}}]}}},"src/MoveHelper.sol":{"l":{"43":11,"44":11,"54":11,"55":704,"56":704,"77":11,"78":143,"79":66,"81":77,"90":832,"91":832,"98":1,"99":1,"100":1,"108":1105,"109":1105,"110":1105,"111":1105,"118":1102,"120":1102,"121":1102,"123":1102,"124":1102,"126":1102,"127":1102,"129":1102,"130":1102,"132":1102,"133":1102,"135":1102,"137":1102,"144":0,"145":0,"147":0,"148":0,"150":0,"152":0,"160":13,"161":13,"163":13,"164":104,"165":104,"166":104,"167":832,"169":832,"171":832,"174":13},"path":"/Users/riemann/Desktop/chess_fish/organization/v2-core/src/MoveHelper.sol","s":{"1":11,"2":11,"3":11,"4":143,"5":832,"6":832,"7":1,"8":1,"9":1,"10":1105,"11":1105,"12":1102,"13":1102,"14":1102,"15":1102,"16":1102,"17":1102,"18":1102,"19":1102,"20":0,"21":0,"22":0,"23":0,"24":0,"25":13,"26":13,"27":13,"28":104,"29":104,"30":104,"31":832,"32":13},"b":{"1":[11,0],"2":[11,0],"3":[66,77]},"f":{"1":11,"2":11,"3":832,"4":1,"5":1105,"6":1102,"7":0,"8":13},"fnMap":{"1":{"name":"OnlyDeployer","line":42,"loc":{"start":{"line":42,"column":4},"end":{"line":45,"column":4}}},"2":{"name":"initCoordinatesAndSymbols","line":53,"loc":{"start":{"line":49,"column":4},"end":{"line":84,"column":4}}},"3":{"name":"getLetter","line":89,"loc":{"start":{"line":89,"column":4},"end":{"line":92,"column":4}}},"4":{"name":"convertFromMove","line":97,"loc":{"start":{"line":97,"column":4},"end":{"line":101,"column":4}}},"5":{"name":"convertToMove","line":107,"loc":{"start":{"line":107,"column":4},"end":{"line":112,"column":4}}},"6":{"name":"moveToHex","line":117,"loc":{"start":{"line":117,"column":4},"end":{"line":138,"column":4}}},"7":{"name":"hexToMove","line":143,"loc":{"start":{"line":143,"column":4},"end":{"line":153,"column":4}}},"8":{"name":"getBoard","line":159,"loc":{"start":{"line":159,"column":4},"end":{"line":175,"column":4}}}},"statementMap":{"1":{"start":{"line":43,"column":8},"end":{"line":43,"column":55}},"2":{"start":{"line":54,"column":8},"end":{"line":54,"column":1593}},"3":{"start":{"line":77,"column":8},"end":{"line":77,"column":2195}},"4":{"start":{"line":78,"column":12},"end":{"line":78,"column":2244}},"5":{"start":{"line":90,"column":8},"end":{"line":90,"column":44}},"6":{"start":{"line":91,"column":8},"end":{"line":91,"column":21}},"7":{"start":{"line":98,"column":8},"end":{"line":98,"column":51}},"8":{"start":{"line":99,"column":8},"end":{"line":99,"column":42}},"9":{"start":{"line":100,"column":8},"end":{"line":100,"column":31}},"10":{"start":{"line":108,"column":8},"end":{"line":108,"column":39}},"11":{"start":{"line":111,"column":8},"end":{"line":111,"column":19}},"12":{"start":{"line":118,"column":8},"end":{"line":118,"column":45}},"13":{"start":{"line":120,"column":8},"end":{"line":120,"column":36}},"14":{"start":{"line":121,"column":8},"end":{"line":121,"column":34}},"15":{"start":{"line":129,"column":8},"end":{"line":129,"column":49}},"16":{"start":{"line":130,"column":8},"end":{"line":130,"column":45}},"17":{"start":{"line":132,"column":8},"end":{"line":132,"column":52}},"18":{"start":{"line":133,"column":8},"end":{"line":133,"column":48}},"19":{"start":{"line":137,"column":8},"end":{"line":137,"column":22}},"20":{"start":{"line":144,"column":8},"end":{"line":144,"column":43}},"21":{"start":{"line":145,"column":8},"end":{"line":145,"column":43}},"22":{"start":{"line":147,"column":8},"end":{"line":147,"column":61}},"23":{"start":{"line":148,"column":8},"end":{"line":148,"column":57}},"24":{"start":{"line":152,"column":8},"end":{"line":152,"column":19}},"25":{"start":{"line":160,"column":8},"end":{"line":160,"column":31}},"26":{"start":{"line":161,"column":8},"end":{"line":161,"column":21}},"27":{"start":{"line":163,"column":8},"end":{"line":163,"column":5277}},"28":{"start":{"line":164,"column":12},"end":{"line":164,"column":50}},"29":{"start":{"line":165,"column":12},"end":{"line":165,"column":33}},"30":{"start":{"line":166,"column":12},"end":{"line":166,"column":5415}},"31":{"start":{"line":167,"column":16},"end":{"line":167,"column":94}},"32":{"start":{"line":174,"column":8},"end":{"line":174,"column":20}}},"branchMap":{"1":{"line":43,"type":"if","locations":[{"start":{"line":43,"column":8},"end":{"line":43,"column":8}},{"start":{"line":43,"column":8},"end":{"line":43,"column":8}}]},"2":{"line":53,"type":"if","locations":[{"start":{"line":53,"column":15},"end":{"line":53,"column":15}},{"start":{"line":53,"column":15},"end":{"line":53,"column":15}}]},"3":{"line":78,"type":"if","locations":[{"start":{"line":78,"column":12},"end":{"line":78,"column":12}},{"start":{"line":78,"column":12},"end":{"line":78,"column":12}}]}}},"src/MoveVerification.sol":{"l":{"101":92,"124":92,"126":92,"127":92,"129":92,"131":92,"133":92,"135":92,"137":0,"138":0,"139":0,"143":0,"146":92,"147":1123,"149":1123,"150":1123,"153":1123,"156":1123,"159":92,"161":92,"162":80,"164":0,"188":1174,"189":1174,"191":1174,"193":1174,"195":1174,"197":1174,"199":1174,"200":1174,"202":1174,"203":481,"207":169,"209":115,"211":105,"214":105,"215":1,"217":0,"220":186,"222":118,"225":0,"227":1174,"230":1174,"234":481,"235":1,"236":1,"238":0,"242":1174,"264":2937,"267":2937,"269":0,"271":2937,"272":2937,"274":2937,"275":1655,"277":91,"279":1564,"280":767,"281":165,"283":602,"284":602,"285":4,"287":598,"290":1282,"291":157,"293":1125,"294":1124,"299":1068,"303":0,"306":1452,"307":1452,"317":1,"319":1,"324":1452,"342":1363,"344":1363,"345":849,"346":369,"350":994,"351":994,"353":994,"354":533,"357":461,"375":523,"377":523,"378":261,"379":222,"383":301,"384":301,"386":301,"387":0,"390":301,"408":500,"409":500,"410":350,"411":317,"415":183,"416":183,"418":183,"419":0,"422":183,"440":646,"441":646,"442":412,"443":374,"446":272,"447":272,"448":272,"449":0,"452":272,"474":779,"475":779,"477":779,"478":471,"479":297,"482":482,"483":242,"486":240,"487":240,"489":240,"490":213,"492":22,"496":22,"497":22,"501":1,"504":1,"505":1,"506":1,"515":21,"516":21,"520":21,"523":21,"524":21,"525":21,"538":5,"557":78,"558":78,"562":78,"564":78,"565":86,"566":86,"567":0,"569":86,"570":74,"575":78,"576":91,"577":91,"578":1,"580":90,"581":74,"586":77,"587":77,"588":77,"589":0,"591":77,"592":65,"597":77,"598":20,"599":20,"600":0,"602":20,"603":10,"608":77,"609":79,"610":79,"611":0,"613":79,"614":65,"619":77,"620":72,"621":72,"622":0,"624":72,"625":67,"630":77,"631":20,"632":20,"633":0,"635":20,"636":12,"641":77,"642":15,"643":15,"644":0,"646":15,"647":12,"652":77,"672":152,"673":152,"677":152,"679":152,"680":213,"681":213,"682":0,"684":213,"685":64,"690":152,"691":138,"692":138,"693":0,"695":138,"696":130,"701":152,"702":35,"703":35,"704":0,"706":35,"707":12,"712":152,"713":22,"714":22,"715":0,"717":22,"718":19,"723":152,"743":161,"744":161,"748":161,"750":161,"751":99,"752":99,"753":1,"755":98,"756":81,"761":160,"762":112,"763":112,"764":0,"766":112,"767":83,"772":160,"773":162,"775":162,"776":0,"778":162,"779":135,"784":160,"785":22,"786":22,"787":0,"789":22,"790":22,"795":160,"815":151,"816":151,"820":151,"821":151,"822":151,"823":151,"824":2,"827":149,"828":149,"829":149,"830":0,"833":149,"834":149,"835":149,"836":0,"839":149,"840":149,"841":149,"842":0,"845":149,"846":149,"847":149,"848":0,"851":149,"852":149,"853":149,"854":0,"857":149,"858":149,"859":149,"860":0,"863":149,"864":149,"865":149,"866":0,"870":149,"892":617,"893":617,"899":617,"900":617,"901":617,"904":617,"905":0,"908":617,"909":617,"912":617,"913":6,"916":611,"917":611,"920":611,"921":0,"924":611,"925":611,"928":611,"929":0,"933":611,"941":84,"942":84,"944":84,"945":84,"946":84,"947":84,"948":1,"951":83,"952":83,"953":83,"954":0,"957":83,"958":83,"959":83,"960":0,"963":83,"964":83,"965":83,"966":1,"969":82,"970":82,"971":82,"972":0,"975":82,"976":82,"977":82,"978":0,"981":82,"982":82,"983":82,"984":0,"987":82,"988":82,"989":82,"990":0,"996":82,"1015":6278,"1016":3726,"1017":3726,"1018":3726,"1020":3726,"1021":3146,"1022":49,"1026":3677,"1028":3677,"1029":3040,"1030":23,"1034":2552,"1036":2552,"1037":1243,"1038":1243,"1039":1243,"1041":1243,"1042":2,"1047":6,"1051":2,"1055":1,"1059":0,"1063":1,"1068":6194,"1081":92,"1083":92,"1085":92,"1088":92,"1089":81,"1091":11,"1112":778,"1113":778,"1114":778,"1117":778,"1118":778,"1119":778,"1120":778,"1121":778,"1123":778,"1124":269,"1126":122,"1128":195,"1130":192,"1133":778,"1135":778,"1136":1765,"1137":926,"1139":839,"1141":1765,"1144":778,"1153":1556,"1165":2768,"1177":4050,"1190":1215,"1192":1215,"1194":1215,"1212":2989,"1213":2989,"1214":2989,"1215":2989,"1216":2989,"1217":2989,"1218":2989,"1219":2989,"1221":2989,"1223":2989,"1224":2989,"1226":2989,"1227":2989,"1228":2989,"1229":3164,"1230":3164,"1231":2121,"1232":172,"1234":1949,"1236":1043,"1237":1043,"1241":2817,"1242":2817,"1243":2817,"1244":1865,"1245":1865,"1246":924,"1247":36,"1249":888,"1251":941,"1252":941,"1256":2781,"1257":2781,"1258":2781,"1259":3447,"1260":3447,"1261":2299,"1262":64,"1264":2235,"1266":1148,"1267":1148,"1271":2717,"1272":2717,"1273":2717,"1274":3809,"1275":3809,"1276":2611,"1277":17,"1279":2594,"1281":1198,"1282":1198,"1286":2700,"1287":2700,"1288":2700,"1289":4854,"1290":4854,"1291":1638,"1301":354,"1303":3216,"1304":3216,"1308":1416,"1309":1416,"1310":1416,"1311":131
[...]
start":{"line":96,"column":8},"end":{"line":96,"column":30}},"3":{"start":{"line":116,"column":8},"end":{"line":116,"column":56}},"4":{"start":{"line":121,"column":8},"end":{"line":121,"column":56}},"5":{"start":{"line":126,"column":8},"end":{"line":126,"column":54}},"6":{"start":{"line":131,"column":8},"end":{"line":131,"column":80}},"7":{"start":{"line":132,"column":8},"end":{"line":132,"column":72}},"8":{"start":{"line":133,"column":8},"end":{"line":133,"column":74}},"9":{"start":{"line":134,"column":8},"end":{"line":134,"column":25}},"10":{"start":{"line":136,"column":8},"end":{"line":136,"column":4633}},"11":{"start":{"line":137,"column":12},"end":{"line":137,"column":4704}},"12":{"start":{"line":138,"column":16},"end":{"line":138,"column":4775}},"13":{"start":{"line":145,"column":8},"end":{"line":145,"column":24}},"14":{"start":{"line":153,"column":8},"end":{"line":153,"column":74}},"15":{"start":{"line":154,"column":8},"end":{"line":154,"column":88}},"16":{"start":{"line":156,"column":8},"end":{"line":156,"column":61}},"17":{"start":{"line":158,"column":8},"end":{"line":158,"column":5500}},"18":{"start":{"line":159,"column":12},"end":{"line":159,"column":5639}},"19":{"start":{"line":162,"column":12},"end":{"line":162,"column":5733}},"20":{"start":{"line":163,"column":16},"end":{"line":163,"column":59}},"21":{"start":{"line":164,"column":16},"end":{"line":164,"column":59}},"22":{"start":{"line":174,"column":8},"end":{"line":174,"column":30}},"23":{"start":{"line":183,"column":8},"end":{"line":183,"column":74}},"24":{"start":{"line":184,"column":8},"end":{"line":184,"column":78}},"25":{"start":{"line":187,"column":8},"end":{"line":187,"column":6775}},"26":{"start":{"line":195,"column":8},"end":{"line":195,"column":20}},"27":{"start":{"line":196,"column":8},"end":{"line":196,"column":7095}},"28":{"start":{"line":198,"column":12},"end":{"line":198,"column":7195}},"29":{"start":{"line":199,"column":16},"end":{"line":199,"column":7274}},"30":{"start":{"line":208,"column":12},"end":{"line":208,"column":31}},"31":{"start":{"line":215,"column":8},"end":{"line":215,"column":7764}},"32":{"start":{"line":216,"column":12},"end":{"line":216,"column":7835}},"33":{"start":{"line":217,"column":16},"end":{"line":217,"column":28}},"34":{"start":{"line":221,"column":8},"end":{"line":221,"column":16}},"35":{"start":{"line":226,"column":8},"end":{"line":226,"column":74}},"36":{"start":{"line":227,"column":8},"end":{"line":227,"column":78}},"37":{"start":{"line":229,"column":8},"end":{"line":229,"column":8349}},"38":{"start":{"line":236,"column":8},"end":{"line":236,"column":20}},"39":{"start":{"line":237,"column":8},"end":{"line":237,"column":8607}},"40":{"start":{"line":239,"column":12},"end":{"line":239,"column":8707}},"41":{"start":{"line":240,"column":16},"end":{"line":240,"column":8786}},"42":{"start":{"line":249,"column":12},"end":{"line":249,"column":31}},"43":{"start":{"line":255,"column":8},"end":{"line":255,"column":70}},"44":{"start":{"line":256,"column":8},"end":{"line":256,"column":9302}},"45":{"start":{"line":263,"column":8},"end":{"line":263,"column":28}},"46":{"start":{"line":268,"column":8},"end":{"line":268,"column":9679}},"47":{"start":{"line":269,"column":12},"end":{"line":269,"column":9770}},"48":{"start":{"line":270,"column":16},"end":{"line":270,"column":27}},"49":{"start":{"line":276,"column":8},"end":{"line":276,"column":20}},"50":{"start":{"line":280,"column":8},"end":{"line":280,"column":10090}},"51":{"start":{"line":281,"column":12},"end":{"line":281,"column":10158}},"52":{"start":{"line":282,"column":16},"end":{"line":282,"column":10253}},"53":{"start":{"line":283,"column":20},"end":{"line":283,"column":31}},"54":{"start":{"line":290,"column":12},"end":{"line":290,"column":23}},"55":{"start":{"line":292,"column":8},"end":{"line":292,"column":20}},"56":{"start":{"line":308,"column":8},"end":{"line":308,"column":57}},"57":{"start":{"line":310,"column":8},"end":{"line":310,"column":10992}},"58":{"start":{"line":311,"column":12},"end":{"line":311,"column":85}},"59":{"start":{"line":313,"column":12},"end":{"line":313,"column":48}},"60":{"start":{"line":316,"column":8},"end":{"line":316,"column":42}},"61":{"start":{"line":318,"column":8},"end":{"line":318,"column":50}},"62":{"start":{"line":337,"column":8},"end":{"line":337,"column":34}},"63":{"start":{"line":352,"column":8},"end":{"line":352,"column":54}},"64":{"start":{"line":353,"column":8},"end":{"line":353,"column":54}},"65":{"start":{"line":355,"column":8},"end":{"line":355,"column":42}},"66":{"start":{"line":361,"column":8},"end":{"line":361,"column":12724}},"67":{"start":{"line":379,"column":8},"end":{"line":379,"column":13363}},"68":{"start":{"line":380,"column":12},"end":{"line":380,"column":85}},"69":{"start":{"line":382,"column":12},"end":{"line":382,"column":48}},"70":{"start":{"line":384,"column":12},"end":{"line":384,"column":13567}},"71":{"start":{"line":385,"column":16},"end":{"line":385,"column":13642}},"72":{"start":{"line":386,"column":20},"end":{"line":386,"column":56}},"73":{"start":{"line":387,"column":20},"end":{"line":387,"column":56}},"74":{"start":{"line":389,"column":20},"end":{"line":389,"column":13843}},"75":{"start":{"line":392,"column":20},"end":{"line":392,"column":77}},"76":{"start":{"line":397,"column":12},"end":{"line":397,"column":14221}},"77":{"start":{"line":399,"column":16},"end":{"line":399,"column":14338}},"78":{"start":{"line":400,"column":20},"end":{"line":400,"column":96}},"79":{"start":{"line":417,"column":8},"end":{"line":417,"column":80}},"80":{"start":{"line":418,"column":8},"end":{"line":418,"column":15131}},"81":{"start":{"line":419,"column":12},"end":{"line":419,"column":97}},"82":{"start":{"line":421,"column":12},"end":{"line":421,"column":93}},"83":{"start":{"line":423,"column":12},"end":{"line":423,"column":15495}},"84":{"start":{"line":427,"column":12},"end":{"line":427,"column":93}},"85":{"start":{"line":430,"column":8},"end":{"line":430,"column":63}},"86":{"start":{"line":431,"column":8},"end":{"line":431,"column":67}},"87":{"start":{"line":432,"column":8},"end":{"line":432,"column":71}},"88":{"start":{"line":433,"column":8},"end":{"line":433,"column":63}},"89":{"start":{"line":435,"column":8},"end":{"line":435,"column":16060}},"90":{"start":{"line":436,"column":12},"end":{"line":436,"column":85}},"91":{"start":{"line":440,"column":8},"end":{"line":440,"column":16269}},"92":{"start":{"line":441,"column":12},"end":{"line":441,"column":72}},"93":{"start":{"line":443,"column":12},"end":{"line":443,"column":16436}},"94":{"start":{"line":446,"column":12},"end":{"line":446,"column":66}},"95":{"start":{"line":452,"column":8},"end":{"line":452,"column":63}},"96":{"start":{"line":460,"column":8},"end":{"line":460,"column":82}},"97":{"start":{"line":461,"column":8},"end":{"line":461,"column":89}},"98":{"start":{"line":463,"column":8},"end":{"line":463,"column":17299}},"99":{"start":{"line":464,"column":12},"end":{"line":464,"column":116}},"100":{"start":{"line":470,"column":8},"end":{"line":470,"column":17655}},"101":{"start":{"line":471,"column":12},"end":{"line":471,"column":85}},"102":{"start":{"line":481,"column":8},"end":{"line":481,"column":89}},"103":{"start":{"line":482,"column":8},"end":{"line":482,"column":94}},"104":{"start":{"line":484,"column":8},"end":{"line":484,"column":63}},"105":{"start":{"line":485,"column":8},"end":{"line":485,"column":67}},"106":{"start":{"line":487,"column":8},"end":{"line":487,"column":56}},"107":{"start":{"line":489,"column":8},"end":{"line":489,"column":62}},"108":{"start":{"line":496,"column":8},"end":{"line":496,"column":18780}},"109":{"start":{"line":500,"column":8},"end":{"line":500,"column":85}},"110":{"start":{"line":502,"column":8},"end":{"line":502,"column":30}},"111":{"start":{"line":504,"column":8},"end":{"line":504,"column":65}},"112":{"start":{"line":508,"column":8},"end":{"line":508,"column":78}},"113":{"start":{"line":509,"column":8},"end":{"line":509,"column":19330}},"114":{"start":{"line":510,"column":12},"end":{"line":510,"column":120}},"115":{"start":{"line":511,"column":12},"end":{"line":511,"column":62}},"116":{"start":{"line":512,"column":12},"end":{"line":512,"column":56}},"117":{"start":{"line":515,"column":8},"end":{"line":515,"column":19647}},"118":{"start":{"line":516,"column":12},"end":{"line":516,"column":84}},"119":{"start":{"line":517,"column":12},"end":{"line":517,"column":42}},"120":{"start":{"line":520,"column":12},"end":{"line":520,"column":19883}},"121":{"start":{"line":522,"column":16},"end":{"line":522,"column":19981}},"122":{"start":{"line":528,"column":19},"end":{"line":528,"column":20185}},"123":{"start":{"line":530,"column":16},"end":{"line":530,"column":20306}},"124":{"start":{"line":536,"column":19},"end":{"line":536,"column":20512}},"125":{"start":{"line":538,"column":16},"end":{"line":538,"column":20634}},"126":{"start":{"line":545,"column":12},"end":{"line":545,"column":81}},"127":{"start":{"line":547,"column":12},"end":{"line":547,"column":20974}},"128":{"start":{"line":549,"column":12},"end":{"line":549,"column":44}},"129":{"start":{"line":551,"column":12},"end":{"line":551,"column":82}},"130":{"start":{"line":553,"column":12},"end":{"line":553,"column":21239}},"131":{"start":{"line":554,"column":16},"end":{"line":554,"column":71}},"132":{"start":{"line":556,"column":16},"end":{"line":556,"column":21381}},"133":{"start":{"line":557,"column":20},"end":{"line":557,"column":77}},"134":{"start":{"line":565,"column":12},"end":{"line":565,"column":75}},"135":{"start":{"line":571,"column":8},"end":{"line":571,"column":74}},"136":{"start":{"line":573,"column":8},"end":{"line":573,"column":88}},"137":{"start":{"line":575,"column":8},"end":{"line":575,"column":22053}},"138":{"start":{"line":576,"column":12},"end":{"line":576,"column":22192}},"139":{"start":{"line":585,"column":8},"end":{"line":585,"column":61}},"140":{"start":{"line":586,"column":8},"end":{"line":586,"column":22530}},"141":{"start":{"line":593,"column":8},"end":{"line":593,"column":30}},"142":{"start":{"line":598,"column":8},"end":{"line":598,"column":32}},"143":{"start":{"line":599,"column":8},"end":{"line":599,"column":25}},"144":{"start":{"line":600,"column":8},"end":{"line":600,"column":22977}},"145":{"start":{"line":601,"column":12},"end":{"line":601,"column":23064}},"146":{"start":{"line":610,"column":8},"end":{"line":610,"column":23279}},"147":{"start":{"line":611,"column":12},"end":{"line":611,"column":73}},"148":{"start":{"line":614,"column":12},"end":{"line":614,"column":56}},"149":{"start":{"line":618,"column":8},"end":{"line":618,"column":85}},"150":{"start":{"line":619,"column":8},"end":{"line":619,"column":23789}},"151":{"start":{"line":620,"column":12},"end":{"line":620,"column":23878}},"152":{"start":{"line":621,"column":16},"end":{"line":621,"column":23949}},"153":{"start":{"line":624,"column":20},"end":{"line":624,"column":62}},"154":{"start":{"line":625,"column":20},"end":{"line":625,"column":24280}},"155":{"start":{"line":639,"column":8},"end":{"line":639,"column":77}},"156":{"start":{"line":642,"column":8},"end":{"line":642,"column":102}}},"branchMap":{"1":{"line":89,"type":"if","locations":[{"start":{"line":89,"column":8},"end":{"line":89,"column":8}},{"start":{"line":89,"column":8},"end":{"line":89,"column":8}}]},"2":{"line":96,"type":"if","locations":[{"start":{"line":96,"column":8},"end":{"line":96,"column":8}},{"start":{"line":96,"column":8},"end":{"line":96,"column":8}}]},"3":{"line":103,"type":"if","locations":[{"start":{"line":103,"column":8},"end":{"line":103,"column":8}},{"start":{"line":103,"column":8},"end":{"line":103,"column":8}}]},"4":{"line":104,"type":"if","locations":[{"start":{"line":104,"column":8},"end":{"line":104,"column":8}},{"start":{"line":104,"column":8},"end":{"line":104,"column":8}}]},"5":{"line":138,"type":"if","locations":[{"start":{"line":138,"column":16},"end":{"line":138,"column":16}},{"start":{"line":138,"column":16},"end":{"line":138,"column":16}}]},"6":{"line":163,"type":"if","locations":[{"start":{"line":163,"column":16},"end":{"line":163,"column":16}},{"start":{"line":163,"column":16},"end":{"line":163,"column":16}}]},"7":{"line":164,"type":"if","locations":[{"start":{"line":164,"column":16},"end":{"line":164,"column":16}},{"start":{"line":164,"column":16},"end":{"line":164,"column":16}}]},"8":{"line":199,"type":"if","locations":[{"start":{"line":199,"column":16},"end":{"line":199,"column":16}},{"start":{"line":199,"column":16},"end":{"line":199,"column":16}}]},"9":{"line":208,"type":"if","locations":[{"start":{"line":208,"column":12},"end":{"line":208,"column":12}},{"start":{"line":208,"column":12},"end":{"line":208,"column":12}}]},"10":{"line":216,"type":"if","locations":[{"start":{"line":216,"column":12},"end":{"line":216,"column":12}},{"start":{"line":216,"column":12},"end":{"line":216,"column":12}}]},"11":{"line":240,"type":"if","locations":[{"start":{"line":240,"column":16},"end":{"line":240,"column":16}},{"start":{"line":240,"column":16},"end":{"line":240,"column":16}}]},"12":{"line":249,"type":"if","locations":[{"start":{"line":249,"column":12},"end":{"line":249,"column":12}},{"start":{"line":249,"column":12},"end":{"line":249,"column":12}}]},"13":{"line":269,"type":"if","locations":[{"start":{"line":269,"column":12},"end":{"line":269,"column":12}},{"start":{"line":269,"column":12},"end":{"line":269,"column":12}}]},"14":{"line":280,"type":"if","locations":[{"start":{"line":280,"column":8},"end":{"line":280,"column":8}},{"start":{"line":280,"column":8},"end":{"line":280,"column":8}}]},"15":{"line":282,"type":"if","locations":[{"start":{"line":282,"column":16},"end":{"line":282,"column":16}},{"start":{"line":282,"column":16},"end":{"line":282,"column":16}}]},"16":{"line":308,"type":"if","locations":[{"start":{"line":308,"column":8},"end":{"line":308,"column":8}},{"start":{"line":308,"column":8},"end":{"line":308,"column":8}}]},"17":{"line":310,"type":"if","locations":[{"start":{"line":310,"column":8},"end":{"line":310,"column":8}},{"start":{"line":310,"column":8},"end":{"line":310,"column":8}}]},"18":{"line":313,"type":"if","locations":[{"start":{"line":313,"column":12},"end":{"line":313,"column":12}},{"start":{"line":313,"column":12},"end":{"line":313,"column":12}}]},"19":{"line":352,"type":"if","locations":[{"start":{"line":352,"column":8},"end":{"line":352,"column":8}},{"start":{"line":352,"column":8},"end":{"line":352,"column":8}}]},"20":{"line":353,"type":"if","locations":[{"start":{"line":353,"column":8},"end":{"line":353,"column":8}},{"start":{"line":353,"column":8},"end":{"line":353,"column":8}}]},"21":{"line":361,"type":"if","locations":[{"start":{"line":361,"column":8},"end":{"line":361,"column":8}},{"start":{"line":361,"column":8},"end":{"line":361,"column":8}}]},"22":{"line":379,"type":"if","locations":[{"start":{"line":379,"column":8},"end":{"line":379,"column":8}},{"start":{"line":379,"column":8},"end":{"line":379,"column":8}}]},"23":{"line":382,"type":"if","locations":[{"start":{"line":382,"column":12},"end":{"line":382,"column":12}},{"start":{"line":382,"column":12},"end":{"line":382,"column":12}}]},"24":{"line":397,"type":"if","locations":[{"start":{"line":397,"column":12},"end":{"line":397,"column":12}},{"start":{"line":397,"column":12},"end":{"line":397,"column":12}}]},"25":{"line":417,"type":"if","locations":[{"start":{"line":417,"column":8},"end":{"line":417,"column":8}},{"start":{"line":417,"column":8},"end":{"line":417,"column":8}}]},"26":{"line":418,"type":"if","locations":[{"start":{"line":418,"column":8},"end":{"line":418,"column":8}},{"start":{"line":418,"column":8},"end":{"line":418,"column":8}}]},"27":{"line":419,"type":"if","locations":[{"start":{"line":419,"column":12},"end":{"line":419,"column":12}},{"start":{"line":419,"column":12},"end":{"line":419,"column":12}}]},"28":{"line":421,"type":"if","locations":[{"start":{"line":421,"column":12},"end":{"line":421,"column":12}},{"start":{"line":421,"column":12},"end":{"line":421,"column":12}}]},"29":{"line":423,"type":"if","locations":[{"start":{"line":423,"column":12},"end":{"line":423,"column":12}},{"start":{"line":423,"column":12},"end":{"line":423,"column":12}}]},"30":{"line":427,"type":"if","locations":[{"start":{"line":427,"column":12},"end":{"line":427,"column":12}},{"start":{"line":427,"column":12},"end":{"line":427,"column":12}}]},"31":{"line":435,"type":"if","locations":[{"start":{"line":435,"column":8},"end":{"line":435,"column":8}},{"start":{"line":435,"column":8},"end":{"line":435,"column":8}}]},"32":{"line":460,"type":"if","locations":[{"start":{"line":460,"column":8},"end":{"line":460,"column":8}},{"start":{"line":460,"column":8},"end":{"line":460,"column":8}}]},"33":{"line":461,"type":"if","locations":[{"start":{"line":461,"column":8},"end":{"line":461,"column":8}},{"start":{"line":461,"column":8},"end":{"line":461,"column":8}}]},"34":{"line":463,"type":"if","locations":[{"start":{"line":463,"column":8},"end":{"line":463,"column":8}},{"start":{"line":463,"column":8},"end":{"line":463,"column":8}}]},"35":{"line":464,"type":"if","locations":[{"start":{"line":464,"column":12},"end":{"line":464,"column":12}},{"start":{"line":464,"column":12},"end":{"line":464,"column":12}}]},"36":{"line":481,"type":"if","locations":[{"start":{"line":481,"column":8},"end":{"line":481,"column":8}},{"start":{"line":481,"column":8},"end":{"line":481,"column":8}}]},"37":{"line":482,"type":"if","locations":[{"start":{"line":482,"column":8},"end":{"line":482,"column":8}},{"start":{"line":482,"column":8},"end":{"line":482,"column":8}}]},"38":{"line":496,"type":"if","locations":[{"start":{"line":496,"column":8},"end":{"line":496,"column":8}},{"start":{"line":496,"column":8},"end":{"line":496,"column":8}}]},"39":{"line":500,"type":"if","locations":[{"start":{"line":500,"column":8},"end":{"line":500,"column":8}},{"start":{"line":500,"column":8},"end":{"line":500,"column":8}}]},"40":{"line":511,"type":"if","locations":[{"start":{"line":511,"column":45},"end":{"line":511,"column":51}},{"start":{"line":511,"column":55},"end":{"line":511,"column":61}}]},"41":{"line":515,"type":"if","locations":[{"start":{"line":515,"column":8},"end":{"line":515,"column":8}},{"start":{"line":515,"column":8},"end":{"line":515,"column":8}}]},"42":{"line":520,"type":"if","locations":[{"start":{"line":520,"column":12},"end":{"line":520,"column":12}},{"start":{"line":520,"column":12},"end":{"line":520,"column":12}}]},"43":{"line":528,"type":"if","locations":[{"start":{"line":528,"column":19},"end":{"line":528,"column":19}},{"start":{"line":528,"column":19},"end":{"line":528,"column":19}}]},"44":{"line":536,"type":"if","locations":[{"start":{"line":536,"column":19},"end":{"line":536,"column":19}},{"start":{"line":536,"column":19},"end":{"line":536,"column":19}}]},"45":{"line":551,"type":"if","locations":[{"start":{"line":551,"column":12},"end":{"line":551,"column":12}},{"start":{"line":551,"column":12},"end":{"line":551,"column":12}}]},"46":{"line":556,"type":"if","locations":[{"start":{"line":556,"column":16},"end":{"line":556,"column":16}},{"start":{"line":556,"column":16},"end":{"line":556,"column":16}}]},"47":{"line":601,"type":"if","locations":[{"start":{"line":601,"column":12},"end":{"line":601,"column":12}},{"start":{"line":601,"column":12},"end":{"line":601,"column":12}}]},"48":{"line":610,"type":"if","locations":[{"start":{"line":610,"column":8},"end":{"line":610,"column":8}},{"start":{"line":610,"column":8},"end":{"line":610,"column":8}}]},"49":{"line":621,"type":"if","locations":[{"start":{"line":621,"column":16},"end":{"line":621,"column":16}},{"start":{"line":621,"column":16},"end":{"line":621,"column":16}}]},"50":{"line":625,"type":"if","locations":[{"start":{"line":625,"column":20},"end":{"line":625,"column":20}},{"start":{"line":625,"column":20},"end":{"line":625,"column":20}}]},"51":{"line":639,"type":"if","locations":[{"start":{"line":639,"column":8},"end":{"line":639,"column":8}},{"start":{"line":639,"column":8},"end":{"line":639,"column":8}}]}}}}