{"src/ChessGame.sol":{"l":{"113":33,"123":11,"124":11,"126":11,"127":11,"128":11,"150":0,"154":0,"158":1,"162":0,"166":5,"170":61,"174":880,"178":5,"182":61,"194":330,"208":220,"210":220,"211":220,"213":220,"214":220,"216":220,"218":220,"219":220,"221":220,"222":110,"223":110,"225":110,"226":110,"229":220,"236":715,"237":715,"239":715,"241":715,"242":0,"243":0,"245":0,"248":715,"249":330,"251":385,"261":114,"262":114,"264":0,"275":0,"276":0,"278":0,"279":0,"282":0,"285":0,"292":125,"293":125,"296":125,"303":125,"304":125,"306":125,"307":125,"308":125,"310":125,"324":125,"326":125,"339":1,"342":1,"343":1,"347":1,"348":1,"349":1,"351":0,"352":0,"353":0,"356":0,"358":0,"367":61,"371":61,"373":3,"375":3,"378":3,"392":3,"393":3,"395":61,"396":61,"398":61,"399":60,"400":58,"404":1,"405":0,"406":0,"409":1,"411":0,"422":231,"423":231,"428":110,"443":121,"458":121,"460":121,"462":121,"463":121,"465":121,"466":121,"468":121,"471":121,"473":121,"475":121,"490":1,"505":1,"506":1,"508":0,"511":1,"513":1,"515":1,"517":1,"518":1,"520":1,"521":1,"524":1,"526":1,"528":1,"533":1,"535":1,"536":0,"537":0,"539":1,"542":1,"543":1,"545":1,"546":1,"548":1,"549":1,"552":1,"558":220,"559":220,"560":220,"563":220,"565":220,"566":220,"567":0,"570":220,"571":220,"573":220,"576":220,"577":330,"578":330,"579":330,"584":220,"587":220,"590":220,"592":220,"594":220,"600":1,"603":1,"604":1,"605":1,"607":1,"609":1,"614":1,"615":0,"616":0,"619":1,"620":0,"622":1,"625":1,"626":1,"627":1,"629":1,"630":1,"631":1,"634":1,"637":1,"638":1,"640":1,"641":1,"644":1,"646":1,"653":0,"654":0,"655":0,"657":0,"658":0,"660":0,"662":0,"664":0,"672":220,"673":220,"675":220,"677":220,"679":220,"680":0,"681":0,"682":0,"684":220,"685":0,"686":0,"687":0,"689":220,"702":0,"704":0,"705":0,"706":0,"707":0,"708":0,"709":0,"710":0,"712":0,"719":0,"720":0,"721":0,"727":281,"728":281,"730":281,"731":280,"735":279,"736":220,"737":220,"741":279,"742":165,"745":114,"746":0,"747":0,"748":0,"749":0,"750":0,"751":0,"754":114,"755":4,"756":1,"758":3,"760":4,"761":4,"762":4,"763":1,"765":4,"768":110,"769":110,"770":0,"772":110,"774":110,"775":110,"776":110,"777":110,"779":110,"781":0,"786":220,"787":220,"788":220,"789":220,"791":220,"792":110,"793":110,"796":110,"797":110},"path":"/Users/riemann/Desktop/chess_fish/organization/v2-core/src/ChessGame.sol","s":{"1":0,"2":0,"3":1,"4":0,"5":5,"6":61,"7":880,"8":5,"9":61,"10":330,"11":220,"12":220,"13":220,"14":220,"15":220,"16":220,"17":220,"18":220,"19":220,"20":220,"21":715,"22":715,"23":715,"24":715,"25":0,"26":0,"27":0,"28":715,"29":330,"30":385,"31":114,"32":114,"33":0,"34":0,"35":0,"36":0,"37":0,"38":0,"39":125,"40":125,"41":125,"42":125,"43":125,"44":125,"45":125,"46":125,"47":125,"48":125,"49":1,"50":1,"51":1,"52":1,"53":1,"54":0,"55":0,"56":0,"57":0,"58":0,"59":61,"60":61,"61":3,"62":3,"63":3,"64":61,"65":61,"66":60,"67":58,"68":1,"69":0,"70":0,"71":1,"72":0,"73":231,"74":121,"75":121,"76":121,"77":121,"78":121,"79":121,"80":121,"81":1,"82":1,"83":1,"84":0,"85":1,"86":1,"87":1,"88":1,"89":1,"90":1,"91":1,"92":1,"93":1,"94":0,"95":1,"96":1,"97":1,"98":1,"99":1,"100":1,"101":220,"102":220,"103":220,"104":220,"105":220,"106":220,"107":0,"108":220,"109":220,"110":220,"111":220,"112":220,"113":220,"114":220,"115":1,"116":1,"117":1,"118":1,"119":1,"120":1,"121":0,"122":1,"123":1,"124":1,"125":1,"126":1,"127":1,"128":1,"129":1,"130":1,"131":1,"132":1,"133":1,"134":0,"135":0,"136":0,"137":0,"138":0,"139":0,"140":0,"141":220,"142":220,"143":220,"144":220,"145":220,"146":0,"147":220,"148":0,"149":220,"150":0,"151":0,"152":0,"153":0,"154":0,"155":0,"156":0,"157":281,"158":281,"159":281,"160":280,"161":279,"162":220,"163":279,"164":165,"165":114,"166":0,"167":0,"168":114,"169":4,"170":4,"171":4,"172":4,"173":110,"174":110,"175":110,"176":110,"177":110,"178":0,"179":220,"180":220,"181":220,"182":220,"183":220},"b":{"1":[11,0],"2":[110,110],"3":[0,715],"4":[0,0],"5":[330,385],"6":[114,0],"7":[0,0],"8":[125,0],"9":[125,0],"10":[1,0],"11":[0,0],"12":[0,0],"13":[3,58],"14":[60,1],"15":[0,1],"16":[0,0],"17":[231,0],"18":[110,0],"19":[121,0],"20":[1,0],"21":[0,0],"22":[1,0],"23":[0,1],"24":[1,0],"25":[1,0],"26":[220,0],"27":[220,0],"28":[220,0],"29":[0,220],"30":[1,0],"31":[1,0],"32":[1,0],"33":[1,0],"34":[1,0],"35":[0,1],"36":[0,1],"37":[1,0],"38":[0,0],"39":[0,0],"40":[0,0],"41":[220,0],"42":[220,0],"43":[0,220],"44":[0,220],"45":[0,0],"46":[0,0],"47":[280,1],"48":[278,2],"49":[220,59],"50":[220,0],"51":[165,114],"52":[0,114],"53":[4,110],"54":[1,3],"55":[1,3],"56":[110,0],"57":[0,110],"58":[110,0],"59":[110,110]},"f":{"1":33,"2":11,"3":0,"4":0,"5":1,"6":0,"7":5,"8":61,"9":880,"10":5,"11":61,"12":330,"13":220,"14":715,"15":114,"16":0,"17":125,"18":125,"19":1,"20":61,"21":231,"22":110,"23":121,"24":1,"25":1,"26":220,"27":1,"28":0,"29":220,"30":0,"31":0,"32":281,"33":220},"fnMap":{"1":{"name":"constructor","line":112,"loc":{"start":{"line":112,"column":4},"end":{"line":114,"column":4}}},"2":{"name":"initialize","line":122,"loc":{"start":{"line":116,"column":4},"end":{"line":129,"column":4}}},"3":{"name":"getAllGamesCount","line":149,"loc":{"start":{"line":149,"column":4},"end":{"line":151,"column":4}}},"4":{"name":"getAllGameAddresses","line":153,"loc":{"start":{"line":153,"column":4},"end":{"line":155,"column":4}}},"5":{"name":"getAllUserGames","line":157,"loc":{"start":{"line":157,"column":4},"end":{"line":159,"column":4}}},"6":{"name":"getGameLength","line":161,"loc":{"start":{"line":161,"column":4},"end":{"line":163,"column":4}}},"7":{"name":"getGameMoves","line":165,"loc":{"start":{"line":165,"column":4},"end":{"line":167,"column":4}}},"8":{"name":"getLatestGameMoves","line":169,"loc":{"start":{"line":169,"column":4},"end":{"line":171,"column":4}}},"9":{"name":"getNumberOfGamesPlayed","line":173,"loc":{"start":{"line":173,"column":4},"end":{"line":175,"column":4}}},"10":{"name":"getGameData","line":177,"loc":{"start":{"line":177,"column":4},"end":{"line":179,"column":4}}},"11":{"name":"getGamePlayers","line":181,"loc":{"start":{"line":181,"column":4},"end":{"line":183,"column":4}}},"12":{"name":"getGameStatus","line":193,"loc":{"start":{"line":193,"column":4},"end":{"line":200,"column":4}}},"13":{"name":"checkTimeRemaining","line":207,"loc":{"start":{"line":207,"column":4},"end":{"line":230,"column":4}}},"14":{"name":"getPlayerMove","line":235,"loc":{"start":{"line":235,"column":4},"end":{"line":254,"column":4}}},"15":{"name":"isPlayerWhite","line":260,"loc":{"start":{"line":260,"column":4},"end":{"line":266,"column":4}}},"16":{"name":"getGameBoardState","line":274,"loc":{"start":{"line":274,"column":4},"end":{"line":286,"column":4}}},"17":{"name":"getChainId","line":291,"loc":{"start":{"line":291,"column":4},"end":{"line":297,"column":4}}},"18":{"name":"getgameAddress","line":302,"loc":{"start":{"line":302,"column":4},"end":{"line":327,"column":4}}},"19":{"name":"verifyGameUpdateStateDelegatedSingle","line":335,"loc":{"start":{"line":335,"column":4},"end":{"line":359,"column":4}}},"20":{"name":"verifyGameUpdateStateDelegated","line":363,"loc":{"start":{"line":363,"column":4},"end":{"line":412,"column":4}}},"21":{"name":"onlyTournament","line":421,"loc":{"start":{"line":421,"column":4},"end":{"line":424,"column":4}}},"22":{"name":"startGamesInTournament","line":427,"loc":{"start":{"line":427,"column":4},"end":{"line":429,"column":4}}},"23":{"name":"createGameTournamentSingle","line":442,"loc":{"start":{"line":434,"column":4},"end":{"line":476,"column":4}}},"24":{"name":"createChessGame","line":483,"loc":{"start":{"line":483,"column":4},"end":{"line":529,"column":4}}},"25":{"name":"acceptGame","line":532,"loc":{"start":{"line":532,"column":4},"end":{"line":553,"column":4}}},"26":{"name":"playMove","line":557,"loc":{"start":{"line":557,"column":4},"end":{"line":595,"column":4}}},"27":{"name":"payoutGame","line":599,"loc":{"start":{"line":599,"column":4},"end":{"line":647,"column":4}}},"28":{"name":"cancelGame","line":652,"loc":{"start":{"line":652,"column":4},"end":{"line":665,"column":4}}},"29":{"name":"updateGameStateTime","line":671,"loc":{"start":{"line":671,"column":4},"end":{"line":690,"column":4}}},"30":{"name":"updateGameStateInsufficientMaterial","line":695,"loc":{"start":{"line":695,"column":4},"end":{"line":714,"column":4}}},"31":{"name":"depositToGame","line":718,"loc":{"start":{"line":718,"column":4},"end":{"line":722,"column":4}}},"32":{"name":"updateGameState","line":726,"loc":{"start":{"line":726,"column":4},"end":{"line":782,"column":4}}},"33":{"name":"updateTime","line":785,"loc":{"start":{"line":785,"column":4},"end":{"line":800,"column":4}}}},"statementMap":{"1":{"start":{"line":150,"column":8},"end":{"line":150,"column":30}},"2":{"start":{"line":154,"column":8},"end":{"line":154,"column":23}},"3":{"start":{"line":158,"column":8},"end":{"line":158,"column":32}},"4":{"start":{"line":162,"column":8},"end":{"line":162,"column":42}},"5":{"start":{"line":166,"column":8},"end":{"line":166,"column":45}},"6":{"start":{"line":170,"column":8},"end":{"line":170,"column":72}},"7":{"start":{"line":174,"column":8},"end":{"line":174,"column":46}},"8":{"start":{"line":178,"column":8},"end":{"line":178,"column":36}},"9":{"start":{"line":182,"column":8},"end":{"line":182,"column":77}},"10":{"start":{"line":194,"column":8},"end":{"line":194,"column":5962}},"11":{"start":{"line":208,"column":8},"end":{"line":208,"column":55}},"12":{"start":{"line":210,"column":8},"end":{"line":210,"column":63}},"13":{"start":{"line":211,"column":8},"end":{"line":211,"column":63}},"14":{"start":{"line":213,"column":8},"end":{"line":213,"column":82}},"15":{"start":{"line":214,"column":8},"end":{"line":214,"column":66}},"16":{"start":{"line":216,"column":8},"end":{"line":216,"column":51}},"17":{"start":{"line":218,"column":8},"end":{"line":218,"column":35}},"18":{"start":{"line":219,"column":8},"end":{"line":219,"column":35}},"19":{"start":{"line":221,"column":8},"end":{"line":221,"column":6975}},"20":{"start":{"line":229,"column":8},"end":{"line":229,"column":59}},"21":{"start":{"line":236,"column":8},"end":{"line":236,"column":52}},"22":{"start":{"line":237,"column":8},"end":{"line":237,"column":67}},"23":{"start":{"line":239,"column":8},"end":{"line":239,"column":68}},"24":{"start":{"line":241,"column":8},"end":{"line":241,"column":7820}},"25":{"start":{"line":242,"column":12},"end":{"line":242,"column":7858}},"26":{"start":{"line":243,"column":16},"end":{"line":243,"column":52}},"27":{"start":{"line":245,"column":16},"end":{"line":245,"column":52}},"28":{"start":{"line":248,"column":12},"end":{"line":248,"column":8052}},"29":{"start":{"line":249,"column":16},"end":{"line":249,"column":52}},"30":{"start":{"line":251,"column":16},"end":{"line":251,"column":52}},"31":{"start":{"line":261,"column":8},"end":{"line":261,"column":8503}},"32":{"start":{"line":262,"column":12},"end":{"line":262,"column":57}},"33":{"start":{"line":264,"column":12},"end":{"line":264,"column":58}},"34":{"start":{"line":275,"column":8},"end":{"line":275,"column":52}},"35":{"start":{"line":276,"column":8},"end":{"line":276,"column":68}},"36":{"start":{"line":278,"column":8},"end":{"line":278,"column":9166}},"37":{"start":{"line":282,"column":8},"end":{"line":282,"column":9318}},"38":{"start":{"line":285,"column":8},"end":{"line":285,"column":63}},"39":{"start":{"line":292,"column":8},"end":{"line":292,"column":23}},"40":{"start":{"line":296,"column":8},"end":{"line":296,"column":22}},"41":{"start":{"line":303,"column":8},"end":{"line":303,"column":73}},"42":{"start":{"line":304,"column":8},"end":{"line":304,"column":74}},"43":{"start":{"line":306,"column":8},"end":{"line":306,"column":42}},"44":{"start":{"line":307,"column":8},"end":{"line":307,"column":38}},"45":{"start":{"line":308,"column":8},"end":{"line":308,"column":50}},"46":{"start":{"line":310,"column":8},"end":{"line":310,"column":10323}},"47":{"start":{"line":324,"column":8},"end":{"line":324,"column":61}},"48":{"start":{"line":326,"column":8},"end":{"line":326,"column":26}},"49":{"start":{"line":339,"column":8},"end":{"line":339,"column":11169}},"50":{"start":{"line":342,"column":8},"end":{"line":342,"column":52}},"51":{"start":{"line":347,"column":8},"end":{"line":347,"column":11410}},"52":{"start":{"line":348,"column":12},"end":{"line":348,"column":55}},"53":{"start":{"line":349,"column":12},"end":{"line":349,"column":23}},"54":{"start":{"line":351,"column":8},"end":{"line":351,"column":11531}},"55":{"start":{"line":352,"column":12},"end":{"line":352,"column":11572}},"56":{"start":{"line":353,"column":16},"end":{"line":353,"column":82}},"57":{"start":{"line":356,"column":12},"end":{"line":356,"column":24}},"58":{"start":{"line":358,"column":8},"end":{"line":358,"column":20}},"59":{"start":{"line":367,"column":8},"end":{"line":367,"column":12103}},"60":{"start":{"line":371,"column":8},"end":{"line":371,"column":12265}},"61":{"start":{"line":373,"column":12},"end":{"line":373,"column":12422}},"62":{"start":{"line":375,"column":12},"end":{"line":375,"column":12569}},"63":{"start":{"line":378,"column":12},"end":{"line":378,"column":12647}},"64":{"start":{"line":395,"column":8},"end":{"line":395,"column":52}},"65":{"start":{"line":398,"column":8},"end":{"line":398,"column":13435}},"66":{"start":{"line":399,"column":12},"end":{"line":399,"column":55}},"67":{"start":{"line":400,"column":12},"end":{"line":400,"column":23}},"68":{"start":{"line":404,"column":8},"end":{"line":404,"column":13719}},"69":{"start":{"line":405,"column":12},"end":{"line":405,"column":13760}},"70":{"start":{"line":406,"column":16},"end":{"line":406,"column":82}},"71":{"start":{"line":409,"column":12},"end":{"line":409,"column":24}},"72":{"start":{"line":411,"column":8},"end":{"line":411,"column":20}},"73":{"start":{"line":422,"column":8},"end":{"line":422,"column":83}},"74":{"start":{"line":443,"column":8},"end":{"line":443,"column":14864}},"75":{"start":{"line":462,"column":8},"end":{"line":462,"column":58}},"76":{"start":{"line":465,"column":8},"end":{"line":465,"column":43}},"77":{"start":{"line":466,"column":8},"end":{"line":466,"column":43}},"78":{"start":{"line":471,"column":8},"end":{"line":471,"column":33}},"79":{"start":{"line":473,"column":8},"end":{"line":473,"column":94}},"80":{"start":{"line":475,"column":8},"end":{"line":475,"column":26}},"81":{"start":{"line":490,"column":8},"end":{"line":490,"column":16155}},"82":{"start":{"line":505,"column":8},"end":{"line":505,"column":16558}},"83":{"start":{"line":506,"column":12},"end":{"line":506,"column":84}},"84":{"start":{"line":508,"column":12},"end":{"line":508,"column":47}},"85":{"start":{"line":513,"column":8},"end":{"line":513,"column":82}},"86":{"start":{"line":517,"column":8},"end":{"line":517,"column":58}},"87":{"start":{"line":520,"column":8},"end":{"line":520,"column":46}},"88":{"start":{"line":521,"column":8},"end":{"line":521,"column":43}},"89":{"start":{"line":524,"column":8},"end":{"line":524,"column":33}},"90":{"start":{"line":526,"column":8},"end":{"line":526,"column":94}},"91":{"start":{"line":528,"column":8},"end":{"line":528,"column":26}},"92":{"start":{"line":533,"column":8},"end":{"line":533,"column":55}},"93":{"start":{"line":535,"column":8},"end":{"line":535,"column":17500}},"94":{"start":{"line":537,"column":12},"end":{"line":537,"column":50}},"95":{"start":{"line":539,"column":12},"end":{"line":539,"column":88}},"96":{"start":{"line":542,"column":8},"end":{"line":542,"column":59}},"97":{"start":{"line":543,"column":8},"end":{"line":543,"column":56}},"98":{"start":{"line":548,"column":8},"end":{"line":548,"column":18004}},"99":{"start":{"line":549,"column":12},"end":{"line":549,"column":78}},"100":{"start":{"line":552,"column":8},"end":{"line":552,"column":53}},"101":{"start":{"line":558,"column":8},"end":{"line":558,"column":73}},"102":{"start":{"line":559,"column":8},"end":{"line":559,"column":108}},"103":{"start":{"line":560,"column":8},"end":{"line":560,"column":85}},"104":{"start":{"line":563,"column":8},"end":{"line":563,"column":42}},"105":{"start":{"line":565,"column":8},"end":{"line":565,"column":61}},"106":{"start":{"line":566,"column":8},"end":{"line":566,"column":18813}},"107":{"start":{"line":567,"column":12},"end":{"line":567,"column":23}},"108":{"start":{"line":570,"column":8},"end":{"line":570,"column":52}},"109":{"start":{"line":571,"column":8},"end":{"line":571,"column":66}},"110":{"start":{"line":573,"column":8},"end":{"line":573,"column":54}},"111":{"start":{"line":576,"column":8},"end":{"line":576,"column":19086}},"112":{"start":{"line":590,"column":8},"end":{"line":590,"column":62}},"113":{"start":{"line":592,"column":8},"end":{"line":592,"column":45}},"114":{"start":{"line":594,"column":8},"end":{"line":594,"column":24}},"115":{"start":{"line":600,"column":8},"end":{"line":600,"column":19800}},"116":{"start":{"line":603,"column":8},"end":{"line":603,"column":77}},"117":{"start":{"line":604,"column":8},"end":{"line":604,"column":112}},"118":{"start":{"line":605,"column":8},"end":{"line":605,"column":65}},"119":{"start":{"line":609,"column":8},"end":{"line":609,"column":22}},"120":{"start":{"line":614,"column":8},"end":{"line":614,"column":20452}},"121":{"start":{"line":616,"column":12},"end":{"line":616,"column":24}},"122":{"start":{"line":619,"column":8},"end":{"line":619,"column":20630}},"123":{"start":{"line":625,"column":8},"end":{"line":625,"column":59}},"124":{"start":{"line":626,"column":8},"end":{"line":626,"column":66}},"125":{"start":{"line":627,"column":8},"end":{"line":627,"column":47}},"126":{"start":{"line":629,"column":8},"end":{"line":629,"column":21030}},"127":{"start":{"line":634,"column":12},"end":{"line":634,"column":71}},"128":{"start":{"line":637,"column":12},"end":{"line":637,"column":82}},"129":{"start":{"line":638,"column":12},"end":{"line":638,"column":70}},"130":{"start":{"line":640,"column":12},"end":{"line":640,"column":75}},"131":{"start":{"line":641,"column":12},"end":{"line":641,"column":61}},"132":{"start":{"line":644,"column":8},"end":{"line":644,"column":85}},"133":{"start":{"line":646,"column":8},"end":{"line":646,"column":19}},"134":{"start":{"line":653,"column":8},"end":{"line":653,"column":79}},"135":{"start":{"line":654,"column":8},"end":{"line":654,"column":73}},"136":{"start":{"line":655,"column":8},"end":{"line":655,"column":92}},"137":{"start":{"line":657,"column":8},"end":{"line":657,"column":55}},"138":{"start":{"line":658,"column":8},"end":{"line":658,"column":62}},"139":{"start":{"line":662,"column":8},"end":{"line":662,"column":57}},"140":{"start":{"line":664,"column":8},"end":{"line":664,"column":53}},"141":{"start":{"line":672,"column":8},"end":{"line":672,"column":108}},"142":{"start":{"line":673,"column":8},"end":{"line":673,"column":91}},"143":{"start":{"line":675,"column":8},"end":{"line":675,"column":82}},"144":{"start":{"line":677,"column":8},"end":{"line":677,"column":105}},"145":{"start":{"line":679,"column":8},"end":{"line":679,"column":23242}},"146":{"start":{"line":682,"column":12},"end":{"line":682,"column":23}},"147":{"start":{"line":684,"column":8},"end":{"line":684,"column":23423}},"148":{"start":{"line":687,"column":12},"end":{"line":687,"column":23}},"149":{"start":{"line":689,"column":8},"end":{"line":689,"column":20}},"150":{"start":{"line":702,"column":8},"end":{"line":702,"column":100}},"151":{"start":{"line":704,"column":8},"end":{"line":704,"column":24188}},"152":{"start":{"line":708,"column":12},"end":{"line":708,"column":65}},"153":{"start":{"line":710,"column":12},"end":{"line":710,"column":23}},"154":{"start":{"line":712,"column":12},"end":{"line":712,"column":24}},"155":{"start":{"line":719,"column":8},"end":{"line":719,"column":67}},"156":{"start":{"line":720,"column":8},"end":{"line":720,"column":98}},"157":{"start":{"line":727,"column":8},"end":{"line":727,"column":52}},"158":{"start":{"line":728,"column":8},"end":{"line":728,"column":68}},"159":{"start":{"line":730,"column":8},"end":{"line":730,"column":25357}},"160":{"start":{"line":731,"column":12},"end":{"line":731,"column":86}},"161":{"start":{"line":735,"column":8},"end":{"line":735,"column":25531}},"162":{"start":{"line":736,"column":12},"end":{"line":736,"column":112}},"163":{"start":{"line":741,"column":8},"end":{"line":741,"column":25786}},"164":{"start":{"line":742,"column":12},"end":{"line":742,"column":24}},"165":{"start":{"line":745,"column":8},"end":{"line":745,"column":25871}},"166":{"start":{"line":749,"column":12},"end":{"line":749,"column":65}},"167":{"start":{"line":751,"column":12},"end":{"line":751,"column":23}},"168":{"start":{"line":754,"column":8},"end":{"line":754,"column":26285}},"169":{"start":{"line":755,"column":12},"end":{"line":755,"column":26321}},"170":{"start":{"line":761,"column":12},"end":{"line":761,"column":65}},"171":{"start":{"line":762,"column":12},"end":{"line":762,"column":26711}},"172":{"start":{"line":765,"column":12},"end":{"line":765,"column":23}},"173":{"start":{"line":768,"column":8},"end":{"line":768,"column":26922}},"174":{"start":{"line":769,"column":12},"end":{"line":769,"column":26958}},"175":{"start":{"line":775,"column":12},"end":{"line":775,"column":65}},"176":{"start":{"line":776,"column":12},"end":{"line":776,"column":27348}},"177":{"start":{"line":779,"column":12},"end":{"line":779,"column":23}},"178":{"start":{"line":781,"column":8},"end":{"line":781,"column":20}},"179":{"start":{"line":786,"column":8},"end":{"line":786,"column":64}},"180":{"start":{"line":787,"column":8},"end":{"line":787,"column":62}},"181":{"start":{"line":788,"column":8},"end":{"line":788,"column":45}},"182":{"start":{"line":789,"column":8},"end":{"line":789,"column":47}},"183":{"start":{"line":791,"column":8},"end":{"line":791,"column":27893}}},"branchMap":{"1":{"line":122,"type":"if","locations":[{"start":{"line":122,"column":13},"end":{"line":122,"column":13}},{"start":{"line":122,"column":13},"end":{"line":122,"column":13}}]},"2":{"line":221,"type":"if","locations":[{"start":{"line":221,"column":8},"end":{"line":221,"column":8}},{"start":{"line":221,"column":8},"end":{"line":221,"column":8}}]},"3":{"line":241,"type":"if","locations":[{"start":{"line":241,"column":8},"end":{"line":241,"column":8}},{"start":{"line":241,"column":8},"end":{"line":241,"column":8}}]},"4":{"line":242,"type":"if","locations":[{"start":{"line":242,"column":12},"end":{"line":242,"column":12}},{"start":{"line":242,"column":12},"end":{"line":242,"column":12}}]},"5":{"line":248,"type":"if","locations":[{"start":{"line":248,"column":12},"end":{"line":248,"column":12}},{"start":{"line":248,"column":12},"end":{"line":248,"column":12}}]},"6":{"line":261,"type":"if","locations":[{"start":{"line":261,"column":8},"end":{"line":261,"column":8}},{"start":{"line":261,"column":8},"end":{"line":261,"column":8}}]},"7":{"line":278,"type":"if","locations":[{"start":{"line":278,"column":8},"end":{"line":278,"column":8}},{"start":{"line":278,"column":8},"end":{"line":278,"column":8}}]},"8":{"line":303,"type":"if","locations":[{"start":{"line":303,"column":8},"end":{"line":303,"column":8}},{"start":{"line":303,"column":8},"end":{"line":303,"column":8}}]},"9":{"line":304,"type":"if","locations":[{"start":{"line":304,"column":8},"end":{"line":304,"column":8}},{"start":{"line":304,"column":8},"end":{"line":304,"column":8}}]},"10":{"line":347,"type":"if","locations":[{"start":{"line":347,"column":8},"end":{"line":347,"column":8}},{"start":{"line":347,"column":8},"end":{"line":347,"column":8}}]},"11":{"line":351,"type":"if","locations":[{"start":{"line":351,"column":8},"end":{"line":351,"column":8}},{"start":{"line":351,"column":8},"end":{"line":351,"column":8}}]},"12":{"line":352,"type":"if","locations":[{"start":{"line":352,"column":12},"end":{"line":352,"column":12}},{"start":{"line":352,"column":12},"end":{"line":352,"column":12}}]},"13":{"line":371,"type":"if","locations":[{"start":{"line":371,"column":8},"end":{"line":371,"column":8}},{"start":{"line":371,"column":8},"end":{"line":371,"column":8}}]},"14":{"line":398,"type":"if","locations":[{"start":{"line":398,"column":8},"end":{"line":398,"column":8}},{"start":{"line":398,"column":8},"end":{"line":398,"column":8}}]},"15":{"line":404,"type":"if","locations":[{"start":{"line":404,"column":8},"end":{"line":404,"column":8}},{"start":{"line":404,"column":8},"end":{"line":404,"column":8}}]},"16":{"line":405,"type":"if","locations":[{"start":{"line":405,"column":12},"end":{"line":405,"column":12}},{"start":{"line":405,"column":12},"end":{"line":405,"column":12}}]},"17":{"line":422,"type":"if","locations":[{"start":{"line":422,"column":8},"end":{"line":422,"column":8}},{"start":{"line":422,"column":8},"end":{"line":422,"column":8}}]},"18":{"line":427,"type":"if","locations":[{"start":{"line":427,"column":66},"end":{"line":427,"column":66}},{"start":{"line":427,"column":66},"end":{"line":427,"column":66}}]},"19":{"line":442,"type":"if","locations":[{"start":{"line":442,"column":15},"end":{"line":442,"column":15}},{"start":{"line":442,"column":15},"end":{"line":442,"column":15}}]},"20":{"line":505,"type":"if","locations":[{"start":{"line":505,"column":8},"end":{"line":505,"column":8}},{"start":{"line":505,"column":8},"end":{"line":505,"column":8}}]},"21":{"line":508,"type":"if","locations":[{"start":{"line":508,"column":12},"end":{"line":508,"column":12}},{"start":{"line":508,"column":12},"end":{"line":508,"column":12}}]},"22":{"line":513,"type":"if","locations":[{"start":{"line":513,"column":8},"end":{"line":513,"column":8}},{"start":{"line":513,"column":8},"end":{"line":513,"column":8}}]},"23":{"line":535,"type":"if","locations":[{"start":{"line":535,"column":8},"end":{"line":535,"column":8}},{"start":{"line":535,"column":8},"end":{"line":535,"column":8}}]},"24":{"line":539,"type":"if","locations":[{"start":{"line":539,"column":12},"end":{"line":539,"column":12}},{"start":{"line":539,"column":12},"end":{"line":539,"column":12}}]},"25":{"line":548,"type":"if","locations":[{"start":{"line":548,"column":8},"end":{"line":548,"column":8}},{"start":{"line":548,"column":8},"end":{"line":548,"column":8}}]},"26":{"line":558,"type":"if","locations":[{"start":{"line":558,"column":8},"end":{"line":558,"column":8}},{"start":{"line":558,"column":8},"end":{"line":558,"column":8}}]},"27":{"line":559,"type":"if","locations":[{"start":{"line":559,"column":8},"end":{"line":559,"column":8}},{"start":{"line":559,"column":8},"end":{"line":559,"column":8}}]},"28":{"line":560,"type":"if","locations":[{"start":{"line":560,"column":8},"end":{"line":560,"column":8}},{"start":{"line":560,"column":8},"end":{"line":560,"column":8}}]},"29":{"line":566,"type":"if","locations":[{"start":{"line":566,"column":8},"end":{"line":566,"column":8}},{"start":{"line":566,"column":8},"end":{"line":566,"column":8}}]},"30":{"line":600,"type":"if","locations":[{"start":{"line":600,"column":8},"end":{"line":600,"column":8}},{"start":{"line":600,"column":8},"end":{"line":600,"column":8}}]},"31":{"line":601,"type":"cond-expr","locations":[{"start":{"line":601,"column":12},"end":{"line":601,"column":54}},{"start":{"line":601,"column":59},"end":{"line":601,"column":101}}]},"32":{"line":603,"type":"if","locations":[{"start":{"line":603,"column":8},"end":{"line":603,"column":8}},{"start":{"line":603,"column":8},"end":{"line":603,"column":8}}]},"33":{"line":604,"type":"if","locations":[{"start":{"line":604,"column":8},"end":{"line":604,"column":8}},{"start":{"line":604,"column":8},"end":{"line":604,"column":8}}]},"34":{"line":605,"type":"if","locations":[{"start":{"line":605,"column":8},"end":{"line":605,"column":8}},{"start":{"line":605,"column":8},"end":{"line":605,"column":8}}]},"35":{"line":614,"type":"if","locations":[{"start":{"line":614,"column":8},"end":{"line":614,"column":8}},{"start":{"line":614,"column":8},"end":{"line":614,"column":8}}]},"36":{"line":619,"type":"if","locations":[{"start":{"line":619,"column":8},"end":{"line":619,"column":8}},{"start":{"line":619,"column":8},"end":{"line":619,"column":8}}]},"37":{"line":629,"type":"if","locations":[{"start":{"line":629,"column":8},"end":{"line":629,"column":8}},{"start":{"line":629,"column":8},"end":{"line":629,"column":8}}]},"38":{"line":653,"type":"if","locations":[{"start":{"line":653,"column":8},"end":{"line":653,"column":8}},{"start":{"line":653,"column":8},"end":{"line":653,"column":8}}]},"39":{"line":654,"type":"if","locations":[{"start":{"line":654,"column":8},"end":{"line":654,"column":8}},{"start":{"line":654,"column":8},"end":{"line":654,"column":8}}]},"40":{"line":655,"type":"if","locations":[{"start":{"line":655,"column":8},"end":{"line":655,"column":8}},{"start":{"line":655,"column":8},"end":{"line":655,"column":8}}]},"41":{"line":672,"type":"if","locations":[{"start":{"line":672,"column":8},"end":{"line":672,"column":8}},{"start":{"line":672,"column":8},"end":{"line":672,"column":8}}]},"42":{"line":673,"type":"if","locations":[{"start":{"line":673,"column":8},"end":{"line":673,"column":8}},{"start":{"line":673,"column":8},"end":{"line":673,"column":8}}]},"43":{"line":679,"type":"if","locations":[{"start":{"line":679,"column":8},"end":{"line":679,"column":8}},{"start":{"line":679,"column":8},"end":{"line":679,"column":8}}]},"44":{"line":684,"type":"if","locations":[{"start":{"line":684,"column":8},"end":{"line":684,"column":8}},{"start":{"line":684,"column":8},"end":{"line":684,"column":8}}]},"45":{"line":704,"type":"if","locations":[{"start":{"line":704,"column":8},"end":{"line":704,"column":8}},{"start":{"line":704,"column":8},"end":{"line":704,"column":8}}]},"46":{"line":719,"type":"if","locations":[{"start":{"line":719,"column":8},"end":{"line":719,"column":8}},{"start":{"line":719,"column":8},"end":{"line":719,"column":8}}]},"47":{"line":730,"type":"if","locations":[{"start":{"line":730,"column":8},"end":{"line":730,"column":8}},{"start":{"line":730,"column":8},"end":{"line":730,"column":8}}]},"48":{"line":731,"type":"if","locations":[{"start":{"line":731,"column":12},"end":{"line":731,"column":12}},{"start":{"line":731,"column":12},"end":{"line":731,"column":12}}]},"49":{"line":735,"type":"if","locations":[{"start":{"line":735,"column":8},"end":{"line":735,"column":8}},{"start":{"line":735,"column":8},"end":{"line":735,"column":8}}]},"50":{"line":736,"type":"if","locations":[{"start":{"line":736,"column":12},"end":{"line":736,"column":12}},{"start":{"line":736,"column":12},"end":{"line":736,"column":12}}]},"51":{"line":741,"type":"if","locations":[{"start":{"line":741,"column":8},"end":{"line":741,"column":8}},{"start":{"line":741,"column":8},"end":{"line":741,"column":8}}]},"52":{"line":745,"type":"if","locations":[{"start":{"line":745,"column":8},"end":{"line":745,"column":8}},{"start":{"line":745,"column":8},"end":{"line":745,"column":8}}]},"53":{"line":754,"type":"if","locations":[{"start":{"line":754,"column":8},"end":{"line":754,"column":8}},{"start":{"line":754,"column":8},"end":{"line":754,"column":8}}]},"54":{"line":755,"type":"if","locations":[{"start":{"line":755,"column":12},"end":{"line":755,"column":12}},{"start":{"line":755,"column":12},"end":{"line":755,"column":12}}]},"55":{"line":762,"type":"if","locations":[{"start":{"line":762,"column":12},"end":{"line":762,"column":12}},{"start":{"line":762,"column":12},"end":{"line":762,"column":12}}]},"56":{"line":768,"type":"if","locations":[{"start":{"line":768,"column":8},"end":{"line":768,"column":8}},{"start":{"line":768,"column":8},"end":{"line":768,"column":8}}]},"57":{"line":769,"type":"if","locations":[{"start":{"line":769,"column":12},"end":{"line":769,"column":12}},{"start":{"line":769,"column":12},"end":{"line":769,"column":12}}]},"58":{"line":776,"type":"if","locations":[{"start":{"line":776,"column":12},"end":{"line":776,"column":12}},{"start":{"line":776,"column":12},"end":{"line":776,"column":12}}]},"59":{"line":791,"type":"if","locations":[{"start":{"line":791,"column":8},"end":{"line":791,"column":8}},{"start":{"line":791,"column":8},"end":{"line":791,"column":8}}]}}},"src/ERC721/ChessFishNFT.sol":{"l":{"47":111,"48":111,"52":0,"53":0,"63":27,"64":27,"65":27,"66":27,"68":27,"69":27,"73":111,"74":111,"75":111,"77":111,"79":111,"81":111,"85":5,"86":5,"88":5,"90":5,"92":5,"94":5,"96":5,"97":5,"98":5,"99":5,"100":5,"102":0,"105":5,"107":5,"122":5,"123":5,"124":320,"125":320,"126":315,"129":5,"133":0,"145":6,"147":6,"152":6,"153":6,"154":48,"155":384,"156":384,"158":384,"159":384,"161":384,"162":378,"165":384,"166":0,"169":384,"170":384,"172":384,"176":384,"177":181,"178":181,"183":6,"185":6,"189":6,"191":6,"210":6,"212":6,"214":6,"226":6,"229":6,"232":6,"244":6,"247":6,"248":6,"260":6,"263":6,"265":6,"272":6,"280":6,"294":6,"298":6,"299":6,"301":6,"305":12,"306":2,"308":10,"310":0,"312":0,"314":0,"323":6,"325":6,"326":6,"327":6,"329":6,"334":6,"335":6,"337":6,"338":18,"339":18,"342":6,"347":1136,"348":158,"350":978,"351":978,"352":978,"353":2772,"354":2772,"356":978,"357":978,"358":978,"359":2772,"360":2772,"361":2772,"362":2772,"363":2772,"365":978,"370":12,"371":12,"372":240,"373":240,"374":240,"375":240,"376":240,"378":12,"382":480,"400":6,"403":6,"421":30,"422":30,"424":30,"425":23,"428":7,"429":7,"430":7,"431":7,"433":7,"434":7,"437":7,"441":36,"442":1,"444":35,"445":35,"446":35,"447":76,"448":76,"450":35,"451":35,"452":76,"453":76,"454":76,"456":35,"464":6,"465":6,"466":6,"467":6,"468":6,"469":6,"473":6,"475":6,"476":6,"477":6,"478":6,"479":6,"480":6,"481":6,"482":6,"483":6,"484":6,"486":6,"487":6,"488":6,"492":0,"493":0,"495":0,"497":0,"499":0},"path":"/Users/riemann/Desktop/chess_fish/organization/v2-core/src/ERC721/ChessFishNFT.sol","s":{"1":111,"2":0,"3":111,"4":111,"5":111,"6":5,"7":5,"8":5,"9":5,"10":5,"11":5,"12":5,"13":5,"14":5,"15":5,"16":5,"17":5,"18":5,"19":5,"20":320,"21":5,"22":0,"23":6,"24":6,"25":6,"26":6,"27":48,"28":384,"29":384,"30":384,"31":384,"32":384,"33":384,"34":384,"35":384,"36":181,"37":6,"38":6,"39":6,"40":6,"41":6,"42":6,"43":6,"44":6,"45":6,"46":6,"47":6,"48":6,"49":6,"50":6,"51":12,"52":2,"53":10,"54":10,"55":0,"56":0,"57":0,"58":0,"59":0,"60":6,"61":6,"62":6,"63":6,"64":6,"65":6,"66":6,"67":6,"68":1136,"69":158,"70":978,"71":978,"72":978,"73":978,"74":978,"75":978,"76":2772,"77":2772,"78":978,"79":12,"80":12,"81":240,"82":240,"83":240,"84":12,"85":480,"86":281,"87":199,"88":6,"89":6,"90":30,"91":30,"92":30,"93":23,"94":7,"95":7,"96":7,"97":7,"98":7,"99":36,"100":1,"101":35,"102":35,"103":35,"104":35,"105":35,"106":35,"107":6,"108":6,"109":6,"110":6,"111":6,"112":6,"113":6,"114":0,"115":0,"116":0,"117":0,"118":0,"119":0,"120":0},"b":{"1":[111,0],"2":[1,110],"3":[0,0],"4":[111,0],"5":[5,0],"6":[315,5],"7":[192,192],"8":[0,384],"9":[203,181],"10":[181,203],"11":[6,0],"12":[2,10],"13":[10,0],"14":[0,0],"15":[0,0],"16":[158,978],"17":[281,199],"18":[23,7],"19":[1,35],"20":[0,0],"21":[0,0],"22":[0,0]},"f":{"1":111,"2":0,"3":27,"4":111,"5":5,"6":5,"7":0,"8":6,"9":6,"10":12,"11":6,"12":6,"13":1136,"14":12,"15":480,"16":6,"17":30,"18":36,"19":6,"20":6,"21":0},"fnMap":{"1":{"name":"onlyAuthed","line":46,"loc":{"start":{"line":46,"column":4},"end":{"line":49,"column":4}}},"2":{"name":"onlyDeployer","line":51,"loc":{"start":{"line":51,"column":4},"end":{"line":54,"column":4}}},"3":{"name":"constructor","line":62,"loc":{"start":{"line":56,"column":4},"end":{"line":70,"column":4}}},"4":{"name":"awardWinner","line":72,"loc":{"start":{"line":72,"column":4},"end":{"line":82,"column":4}}},"5":{"name":"tokenURI","line":84,"loc":{"start":{"line":84,"column":4},"end":{"line":110,"column":4}}},"6":{"name":"arrayToString","line":121,"loc":{"start":{"line":121,"column":4},"end":{"line":130,"column":4}}},"7":{"name":"bytes1ToString","line":132,"loc":{"start":{"line":132,"column":4},"end":{"line":134,"column":4}}},"8":{"name":"generateBoardSVG","line":136,"loc":{"start":{"line":136,"column":4},"end":{"line":215,"column":4}}},"9":{"name":"paramsContainer","line":217,"loc":{"start":{"line":217,"column":4},"end":{"line":302,"column":4}}},"10":{"name":"getPlaceSVG","line":304,"loc":{"start":{"line":304,"column":4},"end":{"line":316,"column":4}}},"11":{"name":"getHexColor","line":318,"loc":{"start":{"line":318,"column":4},"end":{"line":330,"column":4}}},"12":{"name":"toHexString","line":333,"loc":{"start":{"line":333,"column":4},"end":{"line":343,"column":4}}},"13":{"name":"uint2str","line":346,"loc":{"start":{"line":346,"column":4},"end":{"line":366,"column":4}}},"14":{"name":"toAsciiString","line":369,"loc":{"start":{"line":369,"column":4},"end":{"line":379,"column":4}}},"15":{"name":"char","line":381,"loc":{"start":{"line":381,"column":4},"end":{"line":384,"column":4}}},"16":{"name":"timestampToDateTimeString","line":399,"loc":{"start":{"line":399,"column":4},"end":{"line":418,"column":4}}},"17":{"name":"_zeroPad","line":420,"loc":{"start":{"line":420,"column":4},"end":{"line":438,"column":4}}},"18":{"name":"_toString","line":440,"loc":{"start":{"line":440,"column":4},"end":{"line":457,"column":4}}},"19":{"name":"timestampToDateTime","line":459,"loc":{"start":{"line":459,"column":4},"end":{"line":470,"column":4}}},"20":{"name":"_daysToDate","line":472,"loc":{"start":{"line":472,"column":4},"end":{"line":489,"column":4}}},"21":{"name":"isLeapYear","line":491,"loc":{"start":{"line":491,"column":4},"end":{"line":500,"column":4}}}},"statementMap":{"1":{"start":{"line":47,"column":8},"end":{"line":47,"column":85}},"2":{"start":{"line":52,"column":8},"end":{"line":52,"column":38}},"3":{"start":{"line":73,"column":8},"end":{"line":73,"column":41}},"4":{"start":{"line":74,"column":8},"end":{"line":74,"column":29}},"5":{"start":{"line":81,"column":8},"end":{"line":81,"column":22}},"6":{"start":{"line":85,"column":8},"end":{"line":85,"column":85}},"7":{"start":{"line":86,"column":8},"end":{"line":86,"column":51}},"8":{"start":{"line":88,"column":8},"end":{"line":88,"column":91}},"9":{"start":{"line":90,"column":8},"end":{"line":90,"column":80}},"10":{"start":{"line":92,"column":8},"end":{"line":92,"column":74}},"11":{"start":{"line":94,"column":8},"end":{"line":94,"column":67}},"12":{"start":{"line":96,"column":8},"end":{"line":96,"column":21}},"13":{"start":{"line":97,"column":8},"end":{"line":97,"column":2901}},"14":{"start":{"line":98,"column":12},"end":{"line":98,"column":39}},"15":{"start":{"line":99,"column":12},"end":{"line":99,"column":79}},"16":{"start":{"line":105,"column":8},"end":{"line":105,"column":54}},"17":{"start":{"line":107,"column":8},"end":{"line":107,"column":3242}},"18":{"start":{"line":122,"column":8},"end":{"line":122,"column":33}},"19":{"start":{"line":123,"column":8},"end":{"line":123,"column":3698}},"20":{"start":{"line":125,"column":12},"end":{"line":125,"column":3824}},"21":{"start":{"line":129,"column":8},"end":{"line":129,"column":21}},"22":{"start":{"line":133,"column":8},"end":{"line":133,"column":46}},"23":{"start":{"line":145,"column":8},"end":{"line":145,"column":52}},"24":{"start":{"line":147,"column":8},"end":{"line":147,"column":4499}},"25":{"start":{"line":152,"column":8},"end":{"line":152,"column":25}},"26":{"start":{"line":153,"column":8},"end":{"line":153,"column":4899}},"27":{"start":{"line":154,"column":12},"end":{"line":154,"column":4955}},"28":{"start":{"line":155,"column":16},"end":{"line":155,"column":42}},"29":{"start":{"line":156,"column":16},"end":{"line":156,"column":42}},"30":{"start":{"line":158,"column":16},"end":{"line":158,"column":50}},"31":{"start":{"line":159,"column":16},"end":{"line":159,"column":69}},"32":{"start":{"line":161,"column":16},"end":{"line":161,"column":5228}},"33":{"start":{"line":165,"column":16},"end":{"line":165,"column":5356}},"34":{"start":{"line":169,"column":16},"end":{"line":169,"column":90}},"35":{"start":{"line":176,"column":16},"end":{"line":176,"column":5742}},"36":{"start":{"line":177,"column":20},"end":{"line":177,"column":81}},"37":{"start":{"line":189,"column":8},"end":{"line":189,"column":95}},"38":{"start":{"line":191,"column":8},"end":{"line":191,"column":6301}},"39":{"start":{"line":212,"column":8},"end":{"line":212,"column":116}},"40":{"start":{"line":214,"column":8},"end":{"line":214,"column":21}},"41":{"start":{"line":226,"column":8},"end":{"line":226,"column":69}},"42":{"start":{"line":232,"column":8},"end":{"line":232,"column":7576}},"43":{"start":{"line":247,"column":8},"end":{"line":247,"column":81}},"44":{"start":{"line":248,"column":8},"end":{"line":248,"column":8403}},"45":{"start":{"line":263,"column":8},"end":{"line":263,"column":9061}},"46":{"start":{"line":265,"column":12},"end":{"line":265,"column":9130}},"47":{"start":{"line":272,"column":12},"end":{"line":272,"column":9386}},"48":{"start":{"line":280,"column":12},"end":{"line":280,"column":9658}},"49":{"start":{"line":298,"column":8},"end":{"line":298,"column":60}},"50":{"start":{"line":301,"column":8},"end":{"line":301,"column":18}},"51":{"start":{"line":305,"column":8},"end":{"line":305,"column":10535}},"52":{"start":{"line":306,"column":12},"end":{"line":306,"column":30}},"53":{"start":{"line":307,"column":15},"end":{"line":307,"column":10599}},"54":{"start":{"line":308,"column":12},"end":{"line":308,"column":30}},"55":{"start":{"line":309,"column":15},"end":{"line":309,"column":10664}},"56":{"start":{"line":310,"column":12},"end":{"line":310,"column":30}},"57":{"start":{"line":311,"column":15},"end":{"line":311,"column":10729}},"58":{"start":{"line":312,"column":12},"end":{"line":312,"column":30}},"59":{"start":{"line":314,"column":12},"end":{"line":314,"column":21}},"60":{"start":{"line":323,"column":8},"end":{"line":323,"column":108}},"61":{"start":{"line":325,"column":8},"end":{"line":325,"column":37}},"62":{"start":{"line":326,"column":8},"end":{"line":326,"column":11151}},"63":{"start":{"line":329,"column":8},"end":{"line":329,"column":60}},"64":{"start":{"line":334,"column":8},"end":{"line":334,"column":48}},"65":{"start":{"line":335,"column":8},"end":{"line":335,"column":56}},"66":{"start":{"line":337,"column":8},"end":{"line":337,"column":11593}},"67":{"start":{"line":342,"column":8},"end":{"line":342,"column":29}},"68":{"start":{"line":347,"column":8},"end":{"line":347,"column":11949}},"69":{"start":{"line":348,"column":12},"end":{"line":348,"column":22}},"70":{"start":{"line":350,"column":8},"end":{"line":350,"column":22}},"71":{"start":{"line":351,"column":8},"end":{"line":351,"column":19}},"72":{"start":{"line":352,"column":8},"end":{"line":352,"column":12051}},"73":{"start":{"line":356,"column":8},"end":{"line":356,"column":42}},"74":{"start":{"line":357,"column":8},"end":{"line":357,"column":23}},"75":{"start":{"line":358,"column":8},"end":{"line":358,"column":12195}},"76":{"start":{"line":360,"column":12},"end":{"line":360,"column":56}},"77":{"start":{"line":361,"column":12},"end":{"line":361,"column":36}},"78":{"start":{"line":365,"column":8},"end":{"line":365,"column":27}},"79":{"start":{"line":370,"column":8},"end":{"line":370,"column":38}},"80":{"start":{"line":371,"column":8},"end":{"line":371,"column":12584}},"81":{"start":{"line":372,"column":12},"end":{"line":372,"column":81}},"82":{"start":{"line":373,"column":12},"end":{"line":373,"column":45}},"83":{"start":{"line":374,"column":12},"end":{"line":374,"column":57}},"84":{"start":{"line":378,"column":8},"end":{"line":378,"column":24}},"85":{"start":{"line":382,"column":8},"end":{"line":382,"column":13026}},"86":{"start":{"line":382,"column":27},"end":{"line":382,"column":57}},"87":{"start":{"line":383,"column":13},"end":{"line":383,"column":43}},"88":{"start":{"line":400,"column":8},"end":{"line":400,"column":13669}},"89":{"start":{"line":403,"column":8},"end":{"line":403,"column":13780}},"90":{"start":{"line":421,"column":8},"end":{"line":421,"column":49}},"91":{"start":{"line":422,"column":8},"end":{"line":422,"column":50}},"92":{"start":{"line":424,"column":8},"end":{"line":424,"column":14376}},"93":{"start":{"line":425,"column":12},"end":{"line":425,"column":27}},"94":{"start":{"line":428,"column":8},"end":{"line":428,"column":47}},"95":{"start":{"line":429,"column":8},"end":{"line":429,"column":47}},"96":{"start":{"line":430,"column":8},"end":{"line":430,"column":14549}},"97":{"start":{"line":433,"column":8},"end":{"line":433,"column":14647}},"98":{"start":{"line":437,"column":8},"end":{"line":437,"column":29}},"99":{"start":{"line":441,"column":8},"end":{"line":441,"column":14886}},"100":{"start":{"line":442,"column":12},"end":{"line":442,"column":22}},"101":{"start":{"line":444,"column":8},"end":{"line":444,"column":28}},"102":{"start":{"line":445,"column":8},"end":{"line":445,"column":22}},"103":{"start":{"line":446,"column":8},"end":{"line":446,"column":15000}},"104":{"start":{"line":450,"column":8},"end":{"line":450,"column":47}},"105":{"start":{"line":451,"column":8},"end":{"line":451,"column":15133}},"106":{"start":{"line":456,"column":8},"end":{"line":456,"column":29}},"107":{"start":{"line":465,"column":8},"end":{"line":465,"column":50}},"108":{"start":{"line":473,"column":8},"end":{"line":473,"column":37}},"109":{"start":{"line":475,"column":8},"end":{"line":475,"column":51}},"110":{"start":{"line":476,"column":8},"end":{"line":476,"column":36}},"111":{"start":{"line":478,"column":8},"end":{"line":478,"column":51}},"112":{"start":{"line":480,"column":8},"end":{"line":480,"column":39}},"113":{"start":{"line":481,"column":8},"end":{"line":481,"column":46}},"114":{"start":{"line":492,"column":8},"end":{"line":492,"column":16555}},"115":{"start":{"line":493,"column":12},"end":{"line":493,"column":24}},"116":{"start":{"line":494,"column":15},"end":{"line":494,"column":16617}},"117":{"start":{"line":495,"column":12},"end":{"line":495,"column":23}},"118":{"start":{"line":496,"column":15},"end":{"line":496,"column":16680}},"119":{"start":{"line":497,"column":12},"end":{"line":497,"column":23}},"120":{"start":{"line":499,"column":8},"end":{"line":499,"column":20}}},"branchMap":{"1":{"line":47,"type":"if","locations":[{"start":{"line":47,"column":8},"end":{"line":47,"column":8}},{"start":{"line":47,"column":8},"end":{"line":47,"column":8}}]},"2":{"line":47,"type":"cond-expr","locations":[{"start":{"line":47,"column":16},"end":{"line":47,"column":47}},{"start":{"line":47,"column":52},"end":{"line":47,"column":84}}]},"3":{"line":52,"type":"if","locations":[{"start":{"line":52,"column":8},"end":{"line":52,"column":8}},{"start":{"line":52,"column":8},"end":{"line":52,"column":8}}]},"4":{"line":72,"type":"if","locations":[{"start":{"line":72,"column":71},"end":{"line":72,"column":71}},{"start":{"line":72,"column":71},"end":{"line":72,"column":71}}]},"5":{"line":97,"type":"if","locations":[{"start":{"line":97,"column":8},"end":{"line":97,"column":8}},{"start":{"line":97,"column":8},"end":{"line":97,"column":8}}]},"6":{"line":125,"type":"if","locations":[{"start":{"line":125,"column":12},"end":{"line":125,"column":12}},{"start":{"line":125,"column":12},"end":{"line":125,"column":12}}]},"7":{"line":159,"type":"if","locations":[{"start":{"line":159,"column":53},"end":{"line":159,"column":58}},{"start":{"line":159,"column":62},"end":{"line":159,"column":68}}]},"8":{"line":165,"type":"if","locations":[{"start":{"line":165,"column":16},"end":{"line":165,"column":16}},{"start":{"line":165,"column":16},"end":{"line":165,"column":16}}]},"9":{"line":169,"type":"if","locations":[{"start":{"line":169,"column":58},"end":{"line":169,"column":69}},{"start":{"line":169,"column":73},"end":{"line":169,"column":89}}]},"10":{"line":176,"type":"if","locations":[{"start":{"line":176,"column":16},"end":{"line":176,"column":16}},{"start":{"line":176,"column":16},"end":{"line":176,"column":16}}]},"11":{"line":263,"type":"if","locations":[{"start":{"line":263,"column":8},"end":{"line":263,"column":8}},{"start":{"line":263,"column":8},"end":{"line":263,"column":8}}]},"12":{"line":305,"type":"if","locations":[{"start":{"line":305,"column":8},"end":{"line":305,"column":8}},{"start":{"line":305,"column":8},"end":{"line":305,"column":8}}]},"13":{"line":307,"type":"if","locations":[{"start":{"line":307,"column":15},"end":{"line":307,"column":15}},{"start":{"line":307,"column":15},"end":{"line":307,"column":15}}]},"14":{"line":309,"type":"if","locations":[{"start":{"line":309,"column":15},"end":{"line":309,"column":15}},{"start":{"line":309,"column":15},"end":{"line":309,"column":15}}]},"15":{"line":311,"type":"if","locations":[{"start":{"line":311,"column":15},"end":{"line":311,"column":15}},{"start":{"line":311,"column":15},"end":{"line":311,"column":15}}]},"16":{"line":347,"type":"if","locations":[{"start":{"line":347,"column":8},"end":{"line":347,"column":8}},{"start":{"line":347,"column":8},"end":{"line":347,"column":8}}]},"17":{"line":382,"type":"if","locations":[{"start":{"line":382,"column":8},"end":{"line":382,"column":8}},{"start":{"line":382,"column":8},"end":{"line":382,"column":8}}]},"18":{"line":424,"type":"if","locations":[{"start":{"line":424,"column":8},"end":{"line":424,"column":8}},{"start":{"line":424,"column":8},"end":{"line":424,"column":8}}]},"19":{"line":441,"type":"if","locations":[{"start":{"line":441,"column":8},"end":{"line":441,"column":8}},{"start":{"line":441,"column":8},"end":{"line":441,"column":8}}]},"20":{"line":492,"type":"if","locations":[{"start":{"line":492,"column":8},"end":{"line":492,"column":8}},{"start":{"line":492,"column":8},"end":{"line":492,"column":8}}]},"21":{"line":494,"type":"if","locations":[{"start":{"line":494,"column":15},"end":{"line":494,"column":15}},{"start":{"line":494,"column":15},"end":{"line":494,"column":15}}]},"22":{"line":496,"type":"if","locations":[{"start":{"line":496,"column":15},"end":{"line":496,"column":15}},{"start":{"line":496,"column":15},"end":{"line":496,"column":15}}]}}},"src/ERC721/Init.sol":{"l":{"33":18,"34":18,"38":18,"39":18,"43":54,"47":18,"48":18},"path":"/Users/riemann/Desktop/chess_fish/organization/v2-core/src/ERC721/Init.sol","s":{"1":18,"2":18},"b":{"1":[18,0],"2":[18,0],"3":[18,0],"4":[18,0]},"f":{"1":18,"2":18,"3":54,"4":18},"fnMap":{"1":{"name":"onlyDeployer","line":32,"loc":{"start":{"line":32,"column":4},"end":{"line":35,"column":4}}},"2":{"name":"checkIsSet","line":37,"loc":{"start":{"line":37,"column":4},"end":{"line":40,"column":4}}},"3":{"name":"constructor","line":42,"loc":{"start":{"line":42,"column":4},"end":{"line":44,"column":4}}},"4":{"name":"initialize","line":46,"loc":{"start":{"line":46,"column":4},"end":{"line":49,"column":4}}}},"statementMap":{"1":{"start":{"line":33,"column":8},"end":{"line":33,"column":38}},"2":{"start":{"line":38,"column":8},"end":{"line":38,"column":30}}},"branchMap":{"1":{"line":33,"type":"if","locations":[{"start":{"line":33,"column":8},"end":{"line":33,"column":8}},{"start":{"line":33,"column":8},"end":{"line":33,"column":8}}]},"2":{"line":38,"type":"if","locations":[{"start":{"line":38,"column":8},"end":{"line":38,"column":8}},{"start":{"line":38,"column":8},"end":{"line":38,"column":8}}]},"3":{"line":46,"type":"if","locations":[{"start":{"line":46,"column":47},"end":{"line":46,"column":47}},{"start":{"line":46,"column":47},"end":{"line":46,"column":47}}]},"4":{"line":46,"type":"if","locations":[{"start":{"line":46,"column":60},"end":{"line":46,"column":60}},{"start":{"line":46,"column":60},"end":{"line":46,"column":60}}]}}},"src/ERC721/PieceSVG.sol":{"l":{"26":181,"27":45,"40":136,"41":45,"54":91,"55":11,"78":80,"79":11,"97":69,"98":12,"114":57,"115":12,"130":45,"131":11,"148":34,"149":10,"166":24,"168":7,"192":17,"193":5,"214":12,"216":6,"234":6,"236":6,"254":0,"255":0},"path":"/Users/riemann/Desktop/chess_fish/organization/v2-core/src/ERC721/PieceSVG.sol","s":{"1":181,"2":45,"3":136,"4":45,"5":91,"6":11,"7":80,"8":11,"9":69,"10":12,"11":57,"12":12,"13":45,"14":11,"15":34,"16":10,"17":24,"18":7,"19":17,"20":5,"21":12,"22":6,"23":6,"24":6,"25":0,"26":0,"27":0},"b":{"1":[45,136],"2":[45,91],"3":[11,80],"4":[11,69],"5":[12,57],"6":[12,45],"7":[11,34],"8":[10,24],"9":[7,17],"10":[5,12],"11":[6,6],"12":[6,0],"13":[0,0]},"f":{"1":181},"fnMap":{"1":{"name":"getPieceSymbol","line":24,"loc":{"start":{"line":24,"column":4},"end":{"line":256,"column":4}}}},"statementMap":{"1":{"start":{"line":26,"column":8},"end":{"line":26,"column":794}},"2":{"start":{"line":27,"column":12},"end":{"line":27,"column":831}},"3":{"start":{"line":40,"column":8},"end":{"line":40,"column":1829}},"4":{"start":{"line":41,"column":12},"end":{"line":41,"column":1866}},"5":{"start":{"line":54,"column":8},"end":{"line":54,"column":2863}},"6":{"start":{"line":55,"column":12},"end":{"line":55,"column":2900}},"7":{"start":{"line":78,"column":8},"end":{"line":78,"column":4864}},"8":{"start":{"line":79,"column":12},"end":{"line":79,"column":4901}},"9":{"start":{"line":97,"column":8},"end":{"line":97,"column":6185}},"10":{"start":{"line":98,"column":12},"end":{"line":98,"column":6222}},"11":{"start":{"line":114,"column":8},"end":{"line":114,"column":7911}},"12":{"start":{"line":115,"column":12},"end":{"line":115,"column":7948}},"13":{"start":{"line":130,"column":8},"end":{"line":130,"column":9339}},"14":{"start":{"line":131,"column":12},"end":{"line":131,"column":9376}},"15":{"start":{"line":148,"column":8},"end":{"line":148,"column":10825}},"16":{"start":{"line":149,"column":12},"end":{"line":149,"column":10862}},"17":{"start":{"line":166,"column":8},"end":{"line":166,"column":12312}},"18":{"start":{"line":168,"column":12},"end":{"line":168,"column":12416}},"19":{"start":{"line":192,"column":8},"end":{"line":192,"column":14583}},"20":{"start":{"line":193,"column":12},"end":{"line":193,"column":14620}},"21":{"start":{"line":214,"column":8},"end":{"line":214,"column":16410}},"22":{"start":{"line":216,"column":12},"end":{"line":216,"column":16512}},"23":{"start":{"line":234,"column":8},"end":{"line":234,"column":17992}},"24":{"start":{"line":236,"column":12},"end":{"line":236,"column":18095}},"25":{"start":{"line":254,"column":8},"end":{"line":254,"column":62}},"26":{"start":{"line":254,"column":35},"end":{"line":254,"column":62}},"27":{"start":{"line":255,"column":8},"end":{"line":255,"column":35}}},"branchMap":{"1":{"line":26,"type":"if","locations":[{"start":{"line":26,"column":8},"end":{"line":26,"column":8}},{"start":{"line":26,"column":8},"end":{"line":26,"column":8}}]},"2":{"line":40,"type":"if","locations":[{"start":{"line":40,"column":8},"end":{"line":40,"column":8}},{"start":{"line":40,"column":8},"end":{"line":40,"column":8}}]},"3":{"line":54,"type":"if","locations":[{"start":{"line":54,"column":8},"end":{"line":54,"column":8}},{"start":{"line":54,"column":8},"end":{"line":54,"column":8}}]},"4":{"line":78,"type":"if","locations":[{"start":{"line":78,"column":8},"end":{"line":78,"column":8}},{"start":{"line":78,"column":8},"end":{"line":78,"column":8}}]},"5":{"line":97,"type":"if","locations":[{"start":{"line":97,"column":8},"end":{"line":97,"column":8}},{"start":{"line":97,"column":8},"end":{"line":97,"column":8}}]},"6":{"line":114,"type":"if","locations":[{"start":{"line":114,"column":8},"end":{"line":114,"column":8}},{"start":{"line":114,"column":8},"end":{"line":114,"column":8}}]},"7":{"line":130,"type":"if","locations":[{"start":{"line":130,"column":8},"end":{"line":130,"column":8}},{"start":{"line":130,"column":8},"end":{"line":130,"column":8}}]},"8":{"line":148,"type":"if","locations":[{"start":{"line":148,"column":8},"end":{"line":148,"column":8}},{"start":{"line":148,"column":8},"end":{"line":148,"column":8}}]},"9":{"line":166,"type":"if","locations":[{"start":{"line":166,"column":8},"end":{"line":166,"column":8}},{"start":{"line":166,"column":8},"end":{"line":166,"column":8}}]},"10":{"line":192,"type":"if","locations":[{"start":{"line":192,"column":8},"end":{"line":192,"column":8}},{"start":{"line":192,"column":8},"end":{"line":192,"column":8}}]},"11":{"line":214,"type":"if","locations":[{"start":{"line":214,"column":8},"end":{"line":214,"column":8}},{"start":{"line":214,"column":8},"end":{"line":214,"column":8}}]},"12":{"line":234,"type":"if","locations":[{"start":{"line":234,"column":8},"end":{"line":234,"column":8}},{"start":{"line":234,"column":8},"end":{"line":234,"column":8}}]},"13":{"line":254,"type":"if","locations":[{"start":{"line":254,"column":8},"end":{"line":254,"column":8}},{"start":{"line":254,"column":8},"end":{"line":254,"column":8}}]}}},"src/ERC721/TokenSVG.sol":{"l":{"32":6,"33":0,"45":0,"55":0,"66":1,"79":5,"81":0},"path":"/Users/riemann/Desktop/chess_fish/organization/v2-core/src/ERC721/TokenSVG.sol","s":{"1":6,"2":0,"3":6,"4":0,"5":6,"6":0,"7":6,"8":1,"9":5,"10":5,"11":0},"b":{"1":[0,6],"2":[0,6],"3":[0,6],"4":[1,5],"5":[5,0]},"f":{"1":6},"fnMap":{"1":{"name":"getTokenSVG","line":30,"loc":{"start":{"line":30,"column":4},"end":{"line":85,"column":4}}}},"statementMap":{"1":{"start":{"line":32,"column":8},"end":{"line":32,"column":1018}},"2":{"start":{"line":33,"column":12},"end":{"line":33,"column":1056}},"3":{"start":{"line":44,"column":13},"end":{"line":44,"column":2958}},"4":{"start":{"line":45,"column":12},"end":{"line":45,"column":2996}},"5":{"start":{"line":54,"column":13},"end":{"line":54,"column":4027}},"6":{"start":{"line":55,"column":12},"end":{"line":55,"column":4065}},"7":{"start":{"line":65,"column":13},"end":{"line":65,"column":5770}},"8":{"start":{"line":66,"column":12},"end":{"line":66,"column":5808}},"9":{"start":{"line":78,"column":15},"end":{"line":78,"column":6809}},"10":{"start":{"line":79,"column":12},"end":{"line":79,"column":21}},"11":{"start":{"line":81,"column":12},"end":{"line":81,"column":6893}}},"branchMap":{"1":{"line":32,"type":"if","locations":[{"start":{"line":32,"column":8},"end":{"line":32,"column":8}},{"start":{"line":32,"column":8},"end":{"line":32,"column":8}}]},"2":{"line":44,"type":"if","locations":[{"start":{"line":44,"column":13},"end":{"line":44,"column":13}},{"start":{"line":44,"column":13},"end":{"line":44,"column":13}}]},"3":{"line":54,"type":"if","locations":[{"start":{"line":54,"column":13},"end":{"line":54,"column":13}},{"start":{"line":54,"column":13},"end":{"line":54,"column":13}}]},"4":{"line":65,"type":"if","locations":[{"start":{"line":65,"column":13},"end":{"line":65,"column":13}},{"start":{"line":65,"column":13},"end":{"line":65,"column":13}}]},"5":{"line":78,"type":"if","locations":[{"start":{"line":78,"column":15},"end":{"line":78,"column":15}},{"start":{"line":78,"column":15},"end":{"line":78,"column":15}}]}}},"src/GaslessGame.sol":{"l":{"94":0,"95":0,"99":27,"102":27,"105":27,"109":9,"110":9,"118":295,"119":295,"127":2,"128":2,"130":2,"132":2,"134":2,"136":2,"138":2,"140":2,"142":2,"143":0,"145":0,"146":0,"147":0,"148":0,"150":0,"151":0,"153":0,"157":2,"158":2,"166":67,"167":67,"169":67,"170":67,"172":67,"173":67,"175":67,"176":67,"177":67,"178":67,"180":67,"181":67,"183":67,"184":67,"186":67,"187":67,"189":67,"190":67,"192":67,"193":61,"200":67,"201":67,"203":67,"205":67,"206":61,"208":61,"209":0,"210":0,"211":0,"213":0,"214":0,"216":0,"220":67,"221":67,"225":136,"230":136,"241":136,"254":0,"255":0,"264":118,"265":118,"274":136,"279":61,"280":0,"282":61,"283":61,"292":2,"293":2,"295":0,"296":0,"302":136,"312":136},"path":"/Users/riemann/Desktop/chess_fish/organization/v2-core/src/GaslessGame.sol","s":{"1":0,"2":295,"3":295,"4":2,"5":2,"6":2,"7":2,"8":2,"9":2,"10":2,"11":2,"12":0,"13":0,"14":0,"15":0,"16":0,"17":2,"18":67,"19":67,"20":67,"21":67,"22":67,"23":67,"24":67,"25":67,"26":67,"27":67,"28":67,"29":67,"30":67,"31":67,"32":67,"33":67,"34":67,"35":61,"36":67,"37":67,"38":67,"39":61,"40":61,"41":0,"42":0,"43":0,"44":67,"45":136,"46":136,"47":136,"48":0,"49":0,"50":118,"51":118,"52":136,"53":61,"54":0,"55":61,"56":61,"57":2,"58":2,"59":0,"60":0,"61":136,"62":136},"b":{"1":[0,0],"2":[9,0],"3":[2,0],"4":[2,0],"5":[0,2],"6":[0,0],"7":[67,0],"8":[67,0],"9":[67,0],"10":[67,0],"11":[67,0],"12":[61,6],"13":[67,0],"14":[67,0],"15":[61,6],"16":[0,61],"17":[136,0],"18":[0,61],"19":[61,0],"20":[0,61],"21":[2,0],"22":[0,0],"23":[0,0],"24":[136,0]},"f":{"1":0,"2":27,"3":9,"4":295,"5":2,"6":67,"7":136,"8":136,"9":0,"10":118,"11":136,"12":61,"13":2,"14":136},"fnMap":{"1":{"name":"onlyDeployer","line":93,"loc":{"start":{"line":93,"column":4},"end":{"line":96,"column":4}}},"2":{"name":"constructor","line":98,"loc":{"start":{"line":98,"column":4},"end":{"line":106,"column":4}}},"3":{"name":"initialize","line":108,"loc":{"start":{"line":108,"column":4},"end":{"line":111,"column":4}}},"4":{"name":"encodeMoveMessage","line":113,"loc":{"start":{"line":113,"column":4},"end":{"line":120,"column":4}}},"5":{"name":"verifyGameViewDelegatedSingle","line":122,"loc":{"start":{"line":122,"column":4},"end":{"line":159,"column":4}}},"6":{"name":"verifyGameViewDelegated","line":161,"loc":{"start":{"line":161,"column":4},"end":{"line":222,"column":4}}},"7":{"name":"decodeMoveData","line":224,"loc":{"start":{"line":224,"column":4},"end":{"line":226,"column":4}}},"8":{"name":"verifyMoveSigner","line":229,"loc":{"start":{"line":229,"column":4},"end":{"line":242,"column":4}}},"9":{"name":"createDelegation","line":249,"loc":{"start":{"line":249,"column":4},"end":{"line":256,"column":4}}},"10":{"name":"encodeSignedDelegation","line":259,"loc":{"start":{"line":259,"column":4},"end":{"line":266,"column":4}}},"11":{"name":"decodeSignedDelegation","line":269,"loc":{"start":{"line":269,"column":4},"end":{"line":275,"column":4}}},"12":{"name":"checkIfDelegatorsArePlayers","line":278,"loc":{"start":{"line":278,"column":4},"end":{"line":288,"column":4}}},"13":{"name":"checkIfDelegatorIsPlayer","line":291,"loc":{"start":{"line":291,"column":4},"end":{"line":298,"column":4}}},"14":{"name":"verifyDelegation","line":301,"loc":{"start":{"line":301,"column":4},"end":{"line":316,"column":4}}}},"statementMap":{"1":{"start":{"line":95,"column":8},"end":{"line":95,"column":38}},"2":{"start":{"line":118,"column":8},"end":{"line":118,"column":81}},"3":{"start":{"line":119,"column":8},"end":{"line":119,"column":35}},"4":{"start":{"line":127,"column":8},"end":{"line":127,"column":94}},"5":{"start":{"line":128,"column":8},"end":{"line":128,"column":41}},"6":{"start":{"line":130,"column":8},"end":{"line":130,"column":69}},"7":{"start":{"line":132,"column":8},"end":{"line":132,"column":98}},"8":{"start":{"line":134,"column":8},"end":{"line":134,"column":79}},"9":{"start":{"line":136,"column":8},"end":{"line":136,"column":104}},"10":{"start":{"line":138,"column":8},"end":{"line":138,"column":76}},"11":{"start":{"line":142,"column":8},"end":{"line":142,"column":4480}},"12":{"start":{"line":143,"column":12},"end":{"line":143,"column":84}},"13":{"start":{"line":145,"column":12},"end":{"line":145,"column":4616}},"14":{"start":{"line":146,"column":16},"end":{"line":146,"column":96}},"15":{"start":{"line":147,"column":16},"end":{"line":147,"column":4765}},"16":{"start":{"line":150,"column":16},"end":{"line":150,"column":4907}},"17":{"start":{"line":158,"column":8},"end":{"line":158,"column":55}},"18":{"start":{"line":166,"column":8},"end":{"line":166,"column":99}},"19":{"start":{"line":167,"column":8},"end":{"line":167,"column":42}},"20":{"start":{"line":169,"column":8},"end":{"line":169,"column":99}},"21":{"start":{"line":170,"column":8},"end":{"line":170,"column":42}},"22":{"start":{"line":172,"column":8},"end":{"line":172,"column":73}},"23":{"start":{"line":173,"column":8},"end":{"line":173,"column":73}},"24":{"start":{"line":175,"column":8},"end":{"line":175,"column":45}},"25":{"start":{"line":176,"column":8},"end":{"line":176,"column":55}},"26":{"start":{"line":177,"column":8},"end":{"line":177,"column":6030}},"27":{"start":{"line":181,"column":8},"end":{"line":181,"column":96}},"28":{"start":{"line":183,"column":8},"end":{"line":183,"column":115}},"29":{"start":{"line":184,"column":8},"end":{"line":184,"column":115}},"30":{"start":{"line":186,"column":8},"end":{"line":186,"column":91}},"31":{"start":{"line":187,"column":8},"end":{"line":187,"column":100}},"32":{"start":{"line":189,"column":8},"end":{"line":189,"column":81}},"33":{"start":{"line":190,"column":8},"end":{"line":190,"column":81}},"34":{"start":{"line":192,"column":8},"end":{"line":192,"column":6887}},"35":{"start":{"line":193,"column":12},"end":{"line":193,"column":6936}},"36":{"start":{"line":200,"column":8},"end":{"line":200,"column":77}},"37":{"start":{"line":201,"column":8},"end":{"line":201,"column":77}},"38":{"start":{"line":205,"column":8},"end":{"line":205,"column":7344}},"39":{"start":{"line":206,"column":12},"end":{"line":206,"column":84}},"40":{"start":{"line":208,"column":12},"end":{"line":208,"column":7480}},"41":{"start":{"line":209,"column":16},"end":{"line":209,"column":96}},"42":{"start":{"line":210,"column":16},"end":{"line":210,"column":7629}},"43":{"start":{"line":213,"column":16},"end":{"line":213,"column":7771}},"44":{"start":{"line":221,"column":8},"end":{"line":221,"column":55}},"45":{"start":{"line":225,"column":8},"end":{"line":225,"column":54}},"46":{"start":{"line":230,"column":8},"end":{"line":230,"column":8409}},"47":{"start":{"line":241,"column":8},"end":{"line":241,"column":92}},"48":{"start":{"line":254,"column":8},"end":{"line":254,"column":98}},"49":{"start":{"line":255,"column":8},"end":{"line":255,"column":25}},"50":{"start":{"line":264,"column":8},"end":{"line":264,"column":90}},"51":{"start":{"line":265,"column":8},"end":{"line":265,"column":43}},"52":{"start":{"line":274,"column":8},"end":{"line":274,"column":68}},"53":{"start":{"line":279,"column":8},"end":{"line":279,"column":10137}},"54":{"start":{"line":280,"column":12},"end":{"line":280,"column":18}},"55":{"start":{"line":282,"column":12},"end":{"line":282,"column":86}},"56":{"start":{"line":283,"column":12},"end":{"line":283,"column":10311}},"57":{"start":{"line":292,"column":8},"end":{"line":292,"column":10670}},"58":{"start":{"line":293,"column":12},"end":{"line":293,"column":18}},"59":{"start":{"line":295,"column":12},"end":{"line":295,"column":86}},"60":{"start":{"line":296,"column":12},"end":{"line":296,"column":80}},"61":{"start":{"line":302,"column":8},"end":{"line":302,"column":11066}},"62":{"start":{"line":312,"column":8},"end":{"line":312,"column":11438}}},"branchMap":{"1":{"line":95,"type":"if","locations":[{"start":{"line":95,"column":8},"end":{"line":95,"column":8}},{"start":{"line":95,"column":8},"end":{"line":95,"column":8}}]},"2":{"line":108,"type":"if","locations":[{"start":{"line":108,"column":80},"end":{"line":108,"column":80}},{"start":{"line":108,"column":80},"end":{"line":108,"column":80}}]},"3":{"line":132,"type":"if","locations":[{"start":{"line":132,"column":8},"end":{"line":132,"column":8}},{"start":{"line":132,"column":8},"end":{"line":132,"column":8}}]},"4":{"line":138,"type":"if","locations":[{"start":{"line":138,"column":8},"end":{"line":138,"column":8}},{"start":{"line":138,"column":8},"end":{"line":138,"column":8}}]},"5":{"line":142,"type":"if","locations":[{"start":{"line":142,"column":8},"end":{"line":142,"column":8}},{"start":{"line":142,"column":8},"end":{"line":142,"column":8}}]},"6":{"line":145,"type":"if","locations":[{"start":{"line":145,"column":12},"end":{"line":145,"column":12}},{"start":{"line":145,"column":12},"end":{"line":145,"column":12}}]},"7":{"line":181,"type":"if","locations":[{"start":{"line":181,"column":8},"end":{"line":181,"column":8}},{"start":{"line":181,"column":8},"end":{"line":181,"column":8}}]},"8":{"line":183,"type":"if","locations":[{"start":{"line":183,"column":8},"end":{"line":183,"column":8}},{"start":{"line":183,"column":8},"end":{"line":183,"column":8}}]},"9":{"line":184,"type":"if","locations":[{"start":{"line":184,"column":8},"end":{"line":184,"column":8}},{"start":{"line":184,"column":8},"end":{"line":184,"column":8}}]},"10":{"line":186,"type":"if","locations":[{"start":{"line":186,"column":8},"end":{"line":186,"column":8}},{"start":{"line":186,"column":8},"end":{"line":186,"column":8}}]},"11":{"line":187,"type":"if","locations":[{"start":{"line":187,"column":8},"end":{"line":187,"column":8}},{"start":{"line":187,"column":8},"end":{"line":187,"column":8}}]},"12":{"line":192,"type":"if","locations":[{"start":{"line":192,"column":8},"end":{"line":192,"column":8}},{"start":{"line":192,"column":8},"end":{"line":192,"column":8}}]},"13":{"line":200,"type":"if","locations":[{"start":{"line":200,"column":8},"end":{"line":200,"column":8}},{"start":{"line":200,"column":8},"end":{"line":200,"column":8}}]},"14":{"line":201,"type":"if","locations":[{"start":{"line":201,"column":8},"end":{"line":201,"column":8}},{"start":{"line":201,"column":8},"end":{"line":201,"column":8}}]},"15":{"line":205,"type":"if","locations":[{"start":{"line":205,"column":8},"end":{"line":205,"column":8}},{"start":{"line":205,"column":8},"end":{"line":205,"column":8}}]},"16":{"line":208,"type":"if","locations":[{"start":{"line":208,"column":12},"end":{"line":208,"column":12}},{"start":{"line":208,"column":12},"end":{"line":208,"column":12}}]},"17":{"line":241,"type":"if","locations":[{"start":{"line":241,"column":8},"end":{"line":241,"column":8}},{"start":{"line":241,"column":8},"end":{"line":241,"column":8}}]},"18":{"line":279,"type":"if","locations":[{"start":{"line":279,"column":8},"end":{"line":279,"column":8}},{"start":{"line":279,"column":8},"end":{"line":279,"column":8}}]},"19":{"line":283,"type":"if","locations":[{"start":{"line":283,"column":12},"end":{"line":283,"column":12}},{"start":{"line":283,"column":12},"end":{"line":283,"column":12}}]},"20":{"line":284,"type":"cond-expr","locations":[{"start":{"line":284,"column":16},"end":{"line":284,"column":63}},{"start":{"line":284,"column":68},"end":{"line":284,"column":115}}]},"21":{"line":292,"type":"if","locations":[{"start":{"line":292,"column":8},"end":{"line":292,"column":8}},{"start":{"line":292,"column":8},"end":{"line":292,"column":8}}]},"22":{"line":296,"type":"if","locations":[{"start":{"line":296,"column":12},"end":{"line":296,"column":12}},{"start":{"line":296,"column":12},"end":{"line":296,"column":12}}]},"23":{"line":296,"type":"cond-expr","locations":[{"start":{"line":296,"column":20},"end":{"line":296,"column":39}},{"start":{"line":296,"column":44},"end":{"line":296,"column":63}}]},"24":{"line":312,"type":"if","locations":[{"start":{"line":312,"column":8},"end":{"line":312,"column":8}},{"start":{"line":312,"column":8},"end":{"line":312,"column":8}}]}}},"src/interfaces/interfaces.sol":{"l":{},"path":"/Users/riemann/Desktop/chess_fish/organization/v2-core/src/interfaces/interfaces.sol","s":{},"b":{},"f":{},"fnMap":{},"statementMap":{},"branchMap":{}},"src/MoveHelper.sol":{"l":{"43":11,"44":11,"54":11,"55":704,"56":704,"77":11,"78":143,"79":66,"81":77,"90":832,"91":832,"98":1,"99":1,"100":1,"108":1325,"109":1325,"110":1325,"111":1325,"118":1322,"120":1322,"121":1322,"123":1322,"124":1322,"126":1322,"127":1322,"129":1322,"130":1322,"132":1322,"133":1322,"135":1322,"137":1322,"144":0,"145":0,"147":0,"148":0,"150":0,"152":0,"160":13,"161":13,"163":13,"164":104,"165":104,"166":104,"167":832,"169":832,"171":832,"174":13},"path":"/Users/riemann/Desktop/chess_fish/organization/v2-core/src/MoveHelper.sol","s":{"1":11,"2":11,"3":11,"4":143,"5":832,"6":832,"7":1,"8":1,"9":1,"10":1325,"11":1325,"12":1322,"13":1322,"14":1322,"15":1322,"16":1322,"17":1322,"18":1322,"19":1322,"20":0,"21":0,"22":0,"23":0,"24":0,"25":13,"26":13,"27":13,"28":104,"29":104,"30":104,"31":832,"32":13},"b":{"1":[11,0],"2":[11,0],"3":[66,77]},"f":{"1":11,"2":11,"3":832,"4":1,"5":1325,"6":1322,"7":0,"8":13},"fnMap":{"1":{"name":"OnlyDeployer","line":42,"loc":{"start":{"line":42,"column":4},"end":{"line":45,"column":4}}},"2":{"name":"initCoordinatesAndSymbols","line":53,"loc":{"start":{"line":49,"column":4},"end":{"line":84,"column":4}}},"3":{"name":"getLetter","line":89,"loc":{"start":{"line":89,"column":4},"end":{"line":92,"column":4}}},"4":{"name":"convertFromMove","line":97,"loc":{"start":{"line":97,"column":4},"end":{"line":101,"column":4}}},"5":{"name":"convertToMove","line":107,"loc":{"start":{"line":107,"column":4},"end":{"line":112,"column":4}}},"6":{"name":"moveToHex","line":117,"loc":{"start":{"line":117,"column":4},"end":{"line":138,"column":4}}},"7":{"name":"hexToMove","line":143,"loc":{"start":{"line":143,"column":4},"end":{"line":153,"column":4}}},"8":{"name":"getBoard","line":159,"loc":{"start":{"line":159,"column":4},"end":{"line":175,"column":4}}}},"statementMap":{"1":{"start":{"line":43,"column":8},"end":{"line":43,"column":55}},"2":{"start":{"line":54,"column":8},"end":{"line":54,"column":1593}},"3":{"start":{"line":77,"column":8},"end":{"line":77,"column":2195}},"4":{"start":{"line":78,"column":12},"end":{"line":78,"column":2244}},"5":{"start":{"line":90,"column":8},"end":{"line":90,"column":44}},"6":{"start":{"line":91,"column":8},"end":{"line":91,"column":21}},"7":{"start":{"line":98,"column":8},"end":{"line":98,"column":51}},"8":{"start":{"line":99,"column":8},"end":{"line":99,"column":42}},"9":{"start":{"line":100,"column":8},"end":{"line":100,"column":31}},"10":{"start":{"line":108,"column":8},"end":{"line":108,"column":39}},"11":{"start":{"line":111,"column":8},"end":{"line":111,"column":19}},"12":{"start":{"line":118,"column":8},"end":{"line":118,"column":45}},"13":{"start":{"line":120,"column":8},"end":{"line":120,"column":36}},"14":{"start":{"line":121,"column":8},"end":{"line":121,"column":34}},"15":{"start":{"line":129,"column":8},"end":{"line":129,"column":49}},"16":{"start":{"line":130,"column":8},"end":{"line":130,"column":45}},"17":{"start":{"line":132,"column":8},"end":{"line":132,"column":52}},"18":{"start":{"line":133,"column":8},"end":{"line":133,"column":48}},"19":{"start":{"line":137,"column":8},"end":{"line":137,"column":22}},"20":{"start":{"line":144,"column":8},"end":{"line":144,"column":43}},"21":{"start":{"line":145,"column":8},"end":{"line":145,"column":43}},"22":{"start":{"line":147,"column":8},"end":{"line":147,"column":61}},"23":{"start":{"line":148,"column":8},"end":{"line":148,"column":57}},"24":{"start":{"line":152,"column":8},"end":{"line":152,"column":19}},"25":{"start":{"line":160,"column":8},"end":{"line":160,"column":31}},"26":{"start":{"line":161,"column":8},"end":{"line":161,"column":21}},"27":{"start":{"line":163,"column":8},"end":{"line":163,"column":5277}},"28":{"start":{"line":164,"column":12},"end":{"line":164,"column":50}},"29":{"start":{"line":165,"column":12},"end":{"line":165,"column":33}},"30":{"start":{"line":166,"column":12},"end":{"line":166,"column":5415}},"31":{"start":{"line":167,"column":16},"end":{"line":167,"column":94}},"32":{"start":{"line":174,"column":8},"end":{"line":174,"column":20}}},"branchMap":{"1":{"line":43,"type":"if","locations":[{"start":{"line":43,"column":8},"end":{"line":43,"column":8}},{"start":{"line":43,"column":8},"end":{"line":43,"column":8}}]},"2":{"line":53,"type":"if","locations":[{"start":{"line":53,"column":15},"end":{"line":53,"column":15}},{"start":{"line":53,"column":15},"end":{"line":53,"column":15}}]},"3":{"line":78,"type":"if","locations":[{"start":{"line":78,"column":12},"end":{"line":78,"column":12}},{"start":{"line":78,"column":12},"end":{"line":78,"column":12}}]}}},"src/MoveVerification.sol":{"l":{"101":315,"124":315,"126":315,"127":315,"129":315,"131":315,"133":315,"135":315,"137":0,"138":0,"139":0,"143":0,"146":315,"147":1688,"149":1688,"150":1688,"153":1688,"156":1688,"159":315,"161":315,"162":138,"164":0,"188":1739,"189":1739,"191":1739,"193":1739,"195":1739,"197":1739,"199":1739,"200":1739,"202":1739,"203":988,"207":169,"209":115,"211":105,"214":105,"215":1,"217":0,"220":244,"222":118,"225":0,"227":1739,"230":1739,"234":988,"235":1,"236":1,"238":0,"242":1739,"264":5410,"267":5410,"269":0,"271":5410,"272":5410,"274":5410,"275":3145,"277":149,"279":2996,"280":1457,"281":281,"283":1176,"284":1176,"285":4,"287":1172,"290":2265,"291":273,"293":1992,"294":1991,"299":1935,"303":0,"306":2768,"307":2768,"317":1,"319":1,"324":2768,"342":2401,"344":2401,"345":1597,"346":659,"350":1742,"351":1742,"353":1742,"354":979,"357":763,"375":813,"377":813,"378":435,"379":396,"383":417,"384":417,"386":417,"387":0,"390":417,"408":952,"409":952,"410":802,"411":769,"415":183,"416":183,"418":183,"419":0,"422":183,"440":994,"441":994,"442":702,"443":664,"446":330,"447":330,"448":330,"449":0,"452":330,"474":1243,"475":1243,"477":1243,"478":819,"479":529,"482":714,"483":416,"486":298,"487":298,"489":298,"490":271,"492":22,"496":22,"497":22,"501":1,"504":1,"505":1,"506":1,"515":21,"516":21,"520":21,"523":21,"524":21,"525":21,"538":5,"557":136,"558":136,"562":136,"564":136,"565":144,"566":144,"567":0,"569":144,"570":132,"575":136,"576":149,"577":149,"578":1,"580":148,"581":132,"586":135,"587":132,"588":132,"589":0,"591":132,"592":120,"597":135,"598":23,"599":23,"600":0,"602":23,"603":13,"608":135,"609":134,"610":134,"611":0,"613":134,"614":120,"619":135,"620":127,"621":127,"622":0,"624":127,"625":122,"630":135,"631":23,"632":23,"633":0,"635":23,"636":15,"641":135,"642":18,"643":18,"644":0,"646":18,"647":15,"652":135,"672":268,"673":268,"677":268,"679":268,"680":378,"681":378,"682":0,"684":378,"685":119,"690":268,"691":248,"692":248,"693":0,"695":248,"696":240,"701":268,"702":44,"703":44,"704":0,"706":44,"707":15,"712":268,"713":28,"714":28,"715":0,"717":28,"718":25,"723":268,"743":387,"744":387,"748":387,"750":387,"751":267,"752":267,"753":1,"755":266,"756":249,"761":386,"762":170,"763":170,"764":0,"766":170,"767":141,"772":386,"773":272,"775":272,"776":0,"778":272,"779":245,"784":386,"785":138,"786":138,"787":0,"789":138,"790":138,"795":386,"815":377,"816":377,"820":377,"821":377,"822":377,"823":377,"824":112,"827":265,"828":265,"829":265,"830":0,"833":265,"834":265,"835":265,"836":0,"839":265,"840":265,"841":265,"842":0,"845":265,"846":265,"847":265,"848":0,"851":265,"852":265,"853":265,"854":0,"857":265,"858":265,"859":265,"860":0,"863":265,"864":265,"865":265,"866":0,"870":265,"892":1136,"893":1136,"899":1136,"900":1136,"901":1136,"904":1136,"905":0,"908":1136,"909":1136,"912":1136,"913":61,"916":1075,"917":1075,"920":1075,"921":0,"924":1075,"925":1075,"928":1075,"929":0,"933":1075,"941":142,"942":142,"944":142,"945":142,"946":142,"947":142,"948":1,"951":141,"952":141,"953":141,"954":0,"957":141,"958":141,"959":141,"960":0,"963":141,"964":141,"965":141,"966":1,"969":140,"970":140,"971":140,"972":0,"975":140,"976":140,"977":140,"978":0,"981":140,"982":140,"983":140,"984":0,"987":140,"988":140,"989":140,"990":0,"996":140,"1015":13937,"1016":8374,"1017":8374,"1018":8374,"1020":8374,"1021":7171,"1022":764,"1026":7610,"1028":7610,"1029":6451,"1030":298,"1034":5563,"1036":5563,"1037":2446,"1038":2446,"1039":2446,"1041":2446,"1042":2,"1047":61,"1051":112,"1055":1,"1059":0,"1063":1,"1068":12698,"1081":315,"1083":315,"1085":315,"1088":315,"1089":139,"1091":176,"1112":952,"1113":952,"1114":952,"1117":952,"1118":952,"1119":952,"1120":952,"1121":952,"1123":952,"1124":382,"1126":122,"1128":256,"1130":192,"1133":952,"1135":952,"1136":2171,"1137":1103,"1139":1068,"1141":2171,"1144":952,"1153":1904,"1165":3922,"1177":6187,"1190":2003,"1192":2003,"1194":2003,"1212":5062,"1213":5062,"1214":5062,"1215":5062,"1216":5062,"1217":5062,"1218":5062,"1219":5062,"1221":5062,"1223":5062,"1224":5062,"1226":5062,"1227":5062,"1228":5062,"1229":4899,"1230":4899,"1231":3673,"1232":172,"1234":3501,"1236":1226,"1237":1226,"1241":4890,"1242":4890,"1243":4890,"1244":3113,"1245":3113,"1246":1503,"1247":36,"1249":1467,"1251":1610,"1252":1610,"1256":4854,"1257":4854,"1258":4854,"1259":5694,"1260":5694,"1261":4372,"1262":64,"1264":4308,"1266":1322,"1267":1322,"1271":4790,"1272":4790,"1273":4790,"1274":5940,"1275":5940,"1276":4684,"1277":17,"1279":4667,"1281":1256,"1282":1256,"1286":4773,"1287":4773,"1288":4773,"1289":9431,"1290":9431,"1291":2750,"1301":366,"1303":6681,"1304":6681,"1308":2389,"1309":2389,"1310":2389,"1311":1782,"1312":1782,"1313":954,"1323":947,"1325":828,"1326":828,"1330":2382,"1331":2382,"1332":2382,"1333":2146,"1334":2146,"1335":1219,"1345":929,"1347":927,"1348":927,"1352":2092,"1353":2092,"1354":2092,"1355":1700,"1356":1700,"1357":977,"1367":974,"1369":723,"1370":723,"1375":2089,"1376":2089,"1381":2089,"1382":2089,"1387":2088,"1388":2088,"1393":2088,"1394":2088,"1400":2087,"1401":2087,"1407":2087,"1408":2087,"1414":2085,"1415":2085,"1420":2085,"1421":2085,"1427":2085,"1436":2,"1437":2,"1438":2,"1440":
[...]
,"column":54}},"6":{"start":{"line":130,"column":8},"end":{"line":130,"column":80}},"7":{"start":{"line":131,"column":8},"end":{"line":131,"column":72}},"8":{"start":{"line":132,"column":8},"end":{"line":132,"column":74}},"9":{"start":{"line":133,"column":8},"end":{"line":133,"column":25}},"10":{"start":{"line":135,"column":8},"end":{"line":135,"column":4570}},"11":{"start":{"line":136,"column":12},"end":{"line":136,"column":4641}},"12":{"start":{"line":137,"column":16},"end":{"line":137,"column":4712}},"13":{"start":{"line":144,"column":8},"end":{"line":144,"column":24}},"14":{"start":{"line":152,"column":8},"end":{"line":152,"column":74}},"15":{"start":{"line":153,"column":8},"end":{"line":153,"column":88}},"16":{"start":{"line":155,"column":8},"end":{"line":155,"column":61}},"17":{"start":{"line":157,"column":8},"end":{"line":157,"column":5437}},"18":{"start":{"line":158,"column":12},"end":{"line":158,"column":5576}},"19":{"start":{"line":161,"column":12},"end":{"line":161,"column":5670}},"20":{"start":{"line":162,"column":16},"end":{"line":162,"column":59}},"21":{"start":{"line":163,"column":16},"end":{"line":163,"column":59}},"22":{"start":{"line":173,"column":8},"end":{"line":173,"column":30}},"23":{"start":{"line":182,"column":8},"end":{"line":182,"column":74}},"24":{"start":{"line":183,"column":8},"end":{"line":183,"column":78}},"25":{"start":{"line":186,"column":8},"end":{"line":186,"column":6712}},"26":{"start":{"line":194,"column":8},"end":{"line":194,"column":20}},"27":{"start":{"line":195,"column":8},"end":{"line":195,"column":7032}},"28":{"start":{"line":197,"column":12},"end":{"line":197,"column":7132}},"29":{"start":{"line":198,"column":16},"end":{"line":198,"column":7211}},"30":{"start":{"line":207,"column":12},"end":{"line":207,"column":31}},"31":{"start":{"line":214,"column":8},"end":{"line":214,"column":7701}},"32":{"start":{"line":215,"column":12},"end":{"line":215,"column":7772}},"33":{"start":{"line":216,"column":16},"end":{"line":216,"column":28}},"34":{"start":{"line":220,"column":8},"end":{"line":220,"column":16}},"35":{"start":{"line":225,"column":8},"end":{"line":225,"column":74}},"36":{"start":{"line":226,"column":8},"end":{"line":226,"column":78}},"37":{"start":{"line":228,"column":8},"end":{"line":228,"column":8286}},"38":{"start":{"line":235,"column":8},"end":{"line":235,"column":20}},"39":{"start":{"line":236,"column":8},"end":{"line":236,"column":8544}},"40":{"start":{"line":238,"column":12},"end":{"line":238,"column":8644}},"41":{"start":{"line":239,"column":16},"end":{"line":239,"column":8723}},"42":{"start":{"line":248,"column":12},"end":{"line":248,"column":31}},"43":{"start":{"line":254,"column":8},"end":{"line":254,"column":70}},"44":{"start":{"line":255,"column":8},"end":{"line":255,"column":9239}},"45":{"start":{"line":262,"column":8},"end":{"line":262,"column":28}},"46":{"start":{"line":267,"column":8},"end":{"line":267,"column":9616}},"47":{"start":{"line":268,"column":12},"end":{"line":268,"column":9707}},"48":{"start":{"line":269,"column":16},"end":{"line":269,"column":27}},"49":{"start":{"line":275,"column":8},"end":{"line":275,"column":20}},"50":{"start":{"line":279,"column":8},"end":{"line":279,"column":10027}},"51":{"start":{"line":280,"column":12},"end":{"line":280,"column":10095}},"52":{"start":{"line":281,"column":16},"end":{"line":281,"column":10190}},"53":{"start":{"line":282,"column":20},"end":{"line":282,"column":31}},"54":{"start":{"line":289,"column":12},"end":{"line":289,"column":23}},"55":{"start":{"line":291,"column":8},"end":{"line":291,"column":20}},"56":{"start":{"line":307,"column":8},"end":{"line":307,"column":57}},"57":{"start":{"line":309,"column":8},"end":{"line":309,"column":10929}},"58":{"start":{"line":310,"column":12},"end":{"line":310,"column":85}},"59":{"start":{"line":312,"column":12},"end":{"line":312,"column":48}},"60":{"start":{"line":315,"column":8},"end":{"line":315,"column":42}},"61":{"start":{"line":317,"column":8},"end":{"line":317,"column":50}},"62":{"start":{"line":336,"column":8},"end":{"line":336,"column":34}},"63":{"start":{"line":351,"column":8},"end":{"line":351,"column":54}},"64":{"start":{"line":352,"column":8},"end":{"line":352,"column":54}},"65":{"start":{"line":354,"column":8},"end":{"line":354,"column":42}},"66":{"start":{"line":360,"column":8},"end":{"line":360,"column":12661}},"67":{"start":{"line":378,"column":8},"end":{"line":378,"column":13300}},"68":{"start":{"line":379,"column":12},"end":{"line":379,"column":85}},"69":{"start":{"line":381,"column":12},"end":{"line":381,"column":48}},"70":{"start":{"line":383,"column":12},"end":{"line":383,"column":13504}},"71":{"start":{"line":384,"column":16},"end":{"line":384,"column":13579}},"72":{"start":{"line":385,"column":20},"end":{"line":385,"column":56}},"73":{"start":{"line":386,"column":20},"end":{"line":386,"column":56}},"74":{"start":{"line":388,"column":20},"end":{"line":388,"column":13780}},"75":{"start":{"line":391,"column":20},"end":{"line":391,"column":77}},"76":{"start":{"line":396,"column":12},"end":{"line":396,"column":14158}},"77":{"start":{"line":398,"column":16},"end":{"line":398,"column":14275}},"78":{"start":{"line":399,"column":20},"end":{"line":399,"column":96}},"79":{"start":{"line":416,"column":8},"end":{"line":416,"column":14985}},"80":{"start":{"line":417,"column":12},"end":{"line":417,"column":97}},"81":{"start":{"line":418,"column":12},"end":{"line":418,"column":85}},"82":{"start":{"line":419,"column":12},"end":{"line":419,"column":93}},"83":{"start":{"line":421,"column":12},"end":{"line":421,"column":15346}},"84":{"start":{"line":425,"column":12},"end":{"line":425,"column":93}},"85":{"start":{"line":426,"column":12},"end":{"line":426,"column":85}},"86":{"start":{"line":429,"column":8},"end":{"line":429,"column":63}},"87":{"start":{"line":430,"column":8},"end":{"line":430,"column":67}},"88":{"start":{"line":431,"column":8},"end":{"line":431,"column":71}},"89":{"start":{"line":432,"column":8},"end":{"line":432,"column":63}},"90":{"start":{"line":434,"column":8},"end":{"line":434,"column":15999}},"91":{"start":{"line":435,"column":12},"end":{"line":435,"column":85}},"92":{"start":{"line":439,"column":8},"end":{"line":439,"column":16208}},"93":{"start":{"line":440,"column":12},"end":{"line":440,"column":72}},"94":{"start":{"line":442,"column":12},"end":{"line":442,"column":16375}},"95":{"start":{"line":445,"column":12},"end":{"line":445,"column":66}},"96":{"start":{"line":451,"column":8},"end":{"line":451,"column":63}},"97":{"start":{"line":459,"column":8},"end":{"line":459,"column":82}},"98":{"start":{"line":460,"column":8},"end":{"line":460,"column":89}},"99":{"start":{"line":462,"column":8},"end":{"line":462,"column":17238}},"100":{"start":{"line":463,"column":12},"end":{"line":463,"column":116}},"101":{"start":{"line":469,"column":8},"end":{"line":469,"column":17594}},"102":{"start":{"line":470,"column":12},"end":{"line":470,"column":85}},"103":{"start":{"line":480,"column":8},"end":{"line":480,"column":89}},"104":{"start":{"line":481,"column":8},"end":{"line":481,"column":94}},"105":{"start":{"line":483,"column":8},"end":{"line":483,"column":63}},"106":{"start":{"line":484,"column":8},"end":{"line":484,"column":67}},"107":{"start":{"line":486,"column":8},"end":{"line":486,"column":56}},"108":{"start":{"line":488,"column":8},"end":{"line":488,"column":62}},"109":{"start":{"line":495,"column":8},"end":{"line":495,"column":18719}},"110":{"start":{"line":499,"column":8},"end":{"line":499,"column":85}},"111":{"start":{"line":501,"column":8},"end":{"line":501,"column":30}},"112":{"start":{"line":503,"column":8},"end":{"line":503,"column":65}},"113":{"start":{"line":507,"column":8},"end":{"line":507,"column":78}},"114":{"start":{"line":508,"column":8},"end":{"line":508,"column":19269}},"115":{"start":{"line":509,"column":12},"end":{"line":509,"column":120}},"116":{"start":{"line":510,"column":12},"end":{"line":510,"column":62}},"117":{"start":{"line":511,"column":12},"end":{"line":511,"column":76}},"118":{"start":{"line":514,"column":8},"end":{"line":514,"column":19606}},"119":{"start":{"line":515,"column":12},"end":{"line":515,"column":84}},"120":{"start":{"line":516,"column":12},"end":{"line":516,"column":42}},"121":{"start":{"line":519,"column":12},"end":{"line":519,"column":19842}},"122":{"start":{"line":521,"column":16},"end":{"line":521,"column":19940}},"123":{"start":{"line":527,"column":19},"end":{"line":527,"column":20144}},"124":{"start":{"line":529,"column":16},"end":{"line":529,"column":20265}},"125":{"start":{"line":535,"column":19},"end":{"line":535,"column":20471}},"126":{"start":{"line":537,"column":16},"end":{"line":537,"column":20593}},"127":{"start":{"line":544,"column":12},"end":{"line":544,"column":81}},"128":{"start":{"line":546,"column":12},"end":{"line":546,"column":20933}},"129":{"start":{"line":548,"column":12},"end":{"line":548,"column":44}},"130":{"start":{"line":550,"column":12},"end":{"line":550,"column":82}},"131":{"start":{"line":552,"column":12},"end":{"line":552,"column":21198}},"132":{"start":{"line":553,"column":16},"end":{"line":553,"column":71}},"133":{"start":{"line":555,"column":16},"end":{"line":555,"column":21340}},"134":{"start":{"line":556,"column":20},"end":{"line":556,"column":77}},"135":{"start":{"line":564,"column":12},"end":{"line":564,"column":75}},"136":{"start":{"line":570,"column":8},"end":{"line":570,"column":74}},"137":{"start":{"line":572,"column":8},"end":{"line":572,"column":88}},"138":{"start":{"line":574,"column":8},"end":{"line":574,"column":22012}},"139":{"start":{"line":575,"column":12},"end":{"line":575,"column":22151}},"140":{"start":{"line":584,"column":8},"end":{"line":584,"column":61}},"141":{"start":{"line":585,"column":8},"end":{"line":585,"column":22489}},"142":{"start":{"line":592,"column":8},"end":{"line":592,"column":30}},"143":{"start":{"line":597,"column":8},"end":{"line":597,"column":32}},"144":{"start":{"line":598,"column":8},"end":{"line":598,"column":25}},"145":{"start":{"line":599,"column":8},"end":{"line":599,"column":22936}},"146":{"start":{"line":600,"column":12},"end":{"line":600,"column":23023}},"147":{"start":{"line":609,"column":8},"end":{"line":609,"column":23238}},"148":{"start":{"line":610,"column":12},"end":{"line":610,"column":73}},"149":{"start":{"line":613,"column":12},"end":{"line":613,"column":56}},"150":{"start":{"line":617,"column":8},"end":{"line":617,"column":85}},"151":{"start":{"line":618,"column":8},"end":{"line":618,"column":23748}},"152":{"start":{"line":619,"column":12},"end":{"line":619,"column":23837}},"153":{"start":{"line":620,"column":16},"end":{"line":620,"column":23908}},"154":{"start":{"line":623,"column":20},"end":{"line":623,"column":62}},"155":{"start":{"line":624,"column":20},"end":{"line":624,"column":24239}},"156":{"start":{"line":638,"column":8},"end":{"line":638,"column":77}},"157":{"start":{"line":641,"column":8},"end":{"line":641,"column":102}}},"branchMap":{"1":{"line":88,"type":"if","locations":[{"start":{"line":88,"column":8},"end":{"line":88,"column":8}},{"start":{"line":88,"column":8},"end":{"line":88,"column":8}}]},"2":{"line":95,"type":"if","locations":[{"start":{"line":95,"column":8},"end":{"line":95,"column":8}},{"start":{"line":95,"column":8},"end":{"line":95,"column":8}}]},"3":{"line":102,"type":"if","locations":[{"start":{"line":102,"column":8},"end":{"line":102,"column":8}},{"start":{"line":102,"column":8},"end":{"line":102,"column":8}}]},"4":{"line":103,"type":"if","locations":[{"start":{"line":103,"column":8},"end":{"line":103,"column":8}},{"start":{"line":103,"column":8},"end":{"line":103,"column":8}}]},"5":{"line":137,"type":"if","locations":[{"start":{"line":137,"column":16},"end":{"line":137,"column":16}},{"start":{"line":137,"column":16},"end":{"line":137,"column":16}}]},"6":{"line":162,"type":"if","locations":[{"start":{"line":162,"column":16},"end":{"line":162,"column":16}},{"start":{"line":162,"column":16},"end":{"line":162,"column":16}}]},"7":{"line":163,"type":"if","locations":[{"start":{"line":163,"column":16},"end":{"line":163,"column":16}},{"start":{"line":163,"column":16},"end":{"line":163,"column":16}}]},"8":{"line":198,"type":"if","locations":[{"start":{"line":198,"column":16},"end":{"line":198,"column":16}},{"start":{"line":198,"column":16},"end":{"line":198,"column":16}}]},"9":{"line":207,"type":"if","locations":[{"start":{"line":207,"column":12},"end":{"line":207,"column":12}},{"start":{"line":207,"column":12},"end":{"line":207,"column":12}}]},"10":{"line":215,"type":"if","locations":[{"start":{"line":215,"column":12},"end":{"line":215,"column":12}},{"start":{"line":215,"column":12},"end":{"line":215,"column":12}}]},"11":{"line":239,"type":"if","locations":[{"start":{"line":239,"column":16},"end":{"line":239,"column":16}},{"start":{"line":239,"column":16},"end":{"line":239,"column":16}}]},"12":{"line":248,"type":"if","locations":[{"start":{"line":248,"column":12},"end":{"line":248,"column":12}},{"start":{"line":248,"column":12},"end":{"line":248,"column":12}}]},"13":{"line":268,"type":"if","locations":[{"start":{"line":268,"column":12},"end":{"line":268,"column":12}},{"start":{"line":268,"column":12},"end":{"line":268,"column":12}}]},"14":{"line":279,"type":"if","locations":[{"start":{"line":279,"column":8},"end":{"line":279,"column":8}},{"start":{"line":279,"column":8},"end":{"line":279,"column":8}}]},"15":{"line":281,"type":"if","locations":[{"start":{"line":281,"column":16},"end":{"line":281,"column":16}},{"start":{"line":281,"column":16},"end":{"line":281,"column":16}}]},"16":{"line":307,"type":"if","locations":[{"start":{"line":307,"column":8},"end":{"line":307,"column":8}},{"start":{"line":307,"column":8},"end":{"line":307,"column":8}}]},"17":{"line":309,"type":"if","locations":[{"start":{"line":309,"column":8},"end":{"line":309,"column":8}},{"start":{"line":309,"column":8},"end":{"line":309,"column":8}}]},"18":{"line":312,"type":"if","locations":[{"start":{"line":312,"column":12},"end":{"line":312,"column":12}},{"start":{"line":312,"column":12},"end":{"line":312,"column":12}}]},"19":{"line":351,"type":"if","locations":[{"start":{"line":351,"column":8},"end":{"line":351,"column":8}},{"start":{"line":351,"column":8},"end":{"line":351,"column":8}}]},"20":{"line":352,"type":"if","locations":[{"start":{"line":352,"column":8},"end":{"line":352,"column":8}},{"start":{"line":352,"column":8},"end":{"line":352,"column":8}}]},"21":{"line":360,"type":"if","locations":[{"start":{"line":360,"column":8},"end":{"line":360,"column":8}},{"start":{"line":360,"column":8},"end":{"line":360,"column":8}}]},"22":{"line":378,"type":"if","locations":[{"start":{"line":378,"column":8},"end":{"line":378,"column":8}},{"start":{"line":378,"column":8},"end":{"line":378,"column":8}}]},"23":{"line":381,"type":"if","locations":[{"start":{"line":381,"column":12},"end":{"line":381,"column":12}},{"start":{"line":381,"column":12},"end":{"line":381,"column":12}}]},"24":{"line":396,"type":"if","locations":[{"start":{"line":396,"column":12},"end":{"line":396,"column":12}},{"start":{"line":396,"column":12},"end":{"line":396,"column":12}}]},"25":{"line":416,"type":"if","locations":[{"start":{"line":416,"column":8},"end":{"line":416,"column":8}},{"start":{"line":416,"column":8},"end":{"line":416,"column":8}}]},"26":{"line":417,"type":"if","locations":[{"start":{"line":417,"column":12},"end":{"line":417,"column":12}},{"start":{"line":417,"column":12},"end":{"line":417,"column":12}}]},"27":{"line":418,"type":"if","locations":[{"start":{"line":418,"column":12},"end":{"line":418,"column":12}},{"start":{"line":418,"column":12},"end":{"line":418,"column":12}}]},"28":{"line":419,"type":"if","locations":[{"start":{"line":419,"column":12},"end":{"line":419,"column":12}},{"start":{"line":419,"column":12},"end":{"line":419,"column":12}}]},"29":{"line":421,"type":"if","locations":[{"start":{"line":421,"column":12},"end":{"line":421,"column":12}},{"start":{"line":421,"column":12},"end":{"line":421,"column":12}}]},"30":{"line":425,"type":"if","locations":[{"start":{"line":425,"column":12},"end":{"line":425,"column":12}},{"start":{"line":425,"column":12},"end":{"line":425,"column":12}}]},"31":{"line":426,"type":"if","locations":[{"start":{"line":426,"column":12},"end":{"line":426,"column":12}},{"start":{"line":426,"column":12},"end":{"line":426,"column":12}}]},"32":{"line":434,"type":"if","locations":[{"start":{"line":434,"column":8},"end":{"line":434,"column":8}},{"start":{"line":434,"column":8},"end":{"line":434,"column":8}}]},"33":{"line":459,"type":"if","locations":[{"start":{"line":459,"column":8},"end":{"line":459,"column":8}},{"start":{"line":459,"column":8},"end":{"line":459,"column":8}}]},"34":{"line":460,"type":"if","locations":[{"start":{"line":460,"column":8},"end":{"line":460,"column":8}},{"start":{"line":460,"column":8},"end":{"line":460,"column":8}}]},"35":{"line":462,"type":"if","locations":[{"start":{"line":462,"column":8},"end":{"line":462,"column":8}},{"start":{"line":462,"column":8},"end":{"line":462,"column":8}}]},"36":{"line":463,"type":"if","locations":[{"start":{"line":463,"column":12},"end":{"line":463,"column":12}},{"start":{"line":463,"column":12},"end":{"line":463,"column":12}}]},"37":{"line":480,"type":"if","locations":[{"start":{"line":480,"column":8},"end":{"line":480,"column":8}},{"start":{"line":480,"column":8},"end":{"line":480,"column":8}}]},"38":{"line":481,"type":"if","locations":[{"start":{"line":481,"column":8},"end":{"line":481,"column":8}},{"start":{"line":481,"column":8},"end":{"line":481,"column":8}}]},"39":{"line":495,"type":"if","locations":[{"start":{"line":495,"column":8},"end":{"line":495,"column":8}},{"start":{"line":495,"column":8},"end":{"line":495,"column":8}}]},"40":{"line":499,"type":"if","locations":[{"start":{"line":499,"column":8},"end":{"line":499,"column":8}},{"start":{"line":499,"column":8},"end":{"line":499,"column":8}}]},"41":{"line":510,"type":"if","locations":[{"start":{"line":510,"column":45},"end":{"line":510,"column":51}},{"start":{"line":510,"column":55},"end":{"line":510,"column":61}}]},"42":{"line":514,"type":"if","locations":[{"start":{"line":514,"column":8},"end":{"line":514,"column":8}},{"start":{"line":514,"column":8},"end":{"line":514,"column":8}}]},"43":{"line":519,"type":"if","locations":[{"start":{"line":519,"column":12},"end":{"line":519,"column":12}},{"start":{"line":519,"column":12},"end":{"line":519,"column":12}}]},"44":{"line":527,"type":"if","locations":[{"start":{"line":527,"column":19},"end":{"line":527,"column":19}},{"start":{"line":527,"column":19},"end":{"line":527,"column":19}}]},"45":{"line":535,"type":"if","locations":[{"start":{"line":535,"column":19},"end":{"line":535,"column":19}},{"start":{"line":535,"column":19},"end":{"line":535,"column":19}}]},"46":{"line":550,"type":"if","locations":[{"start":{"line":550,"column":12},"end":{"line":550,"column":12}},{"start":{"line":550,"column":12},"end":{"line":550,"column":12}}]},"47":{"line":555,"type":"if","locations":[{"start":{"line":555,"column":16},"end":{"line":555,"column":16}},{"start":{"line":555,"column":16},"end":{"line":555,"column":16}}]},"48":{"line":600,"type":"if","locations":[{"start":{"line":600,"column":12},"end":{"line":600,"column":12}},{"start":{"line":600,"column":12},"end":{"line":600,"column":12}}]},"49":{"line":609,"type":"if","locations":[{"start":{"line":609,"column":8},"end":{"line":609,"column":8}},{"start":{"line":609,"column":8},"end":{"line":609,"column":8}}]},"50":{"line":620,"type":"if","locations":[{"start":{"line":620,"column":16},"end":{"line":620,"column":16}},{"start":{"line":620,"column":16},"end":{"line":620,"column":16}}]},"51":{"line":624,"type":"if","locations":[{"start":{"line":624,"column":20},"end":{"line":624,"column":20}},{"start":{"line":624,"column":20},"end":{"line":624,"column":20}}]},"52":{"line":638,"type":"if","locations":[{"start":{"line":638,"column":8},"end":{"line":638,"column":8}},{"start":{"line":638,"column":8},"end":{"line":638,"column":8}}]}}}}